 Proc division   4  3  2
 Proc   0 numMeshes(x,y,z)  10 10 10

 Time   8.9086999707096576E-002 totCycles          24 CurrTau   4.2729455749291413E-002 dt_kmc   1.9847421523735880E-005
 DPA   0.0000000000000000      DPA_low   0.0000000000000000      Cascade                0.0000000000000000      runTime  0.14482212066650391     
 commTime1   8.9037418365478516E-003 commTime2   3.7069320678710938E-003

 Time  0.18849103774878775      totCycles          40 CurrTau   5.1727178349078341E-002 dt_kmc   2.0907994855119899E-004
 DPA   0.0000000000000000      DPA_low   0.0000000000000000      Cascade                0.0000000000000000      runTime  0.30522012710571289     
 commTime1   1.7861366271972656E-002 commTime2   5.8848857879638672E-003

 Time  0.30184154416255687      totCycles          56 CurrTau   5.7971538242143093E-002 dt_kmc   8.7428312376384854E-005
 DPA   0.0000000000000000      DPA_low   0.0000000000000000      Cascade                0.0000000000000000      runTime  0.49516606330871582     
 commTime1   2.5841236114501953E-002 commTime2   9.4044208526611328E-003

 Time  0.62856009644855526      totCycles          96 CurrTau   6.9096665626391260E-002 dt_kmc   1.0822545950841721E-004
 DPA   0.0000000000000000      DPA_low   0.0000000000000000      Cascade                0.0000000000000000      runTime   1.0649790763854980     
 commTime1   5.0122261047363281E-002 commTime2   1.5698432922363281E-002

 Time   1.1475717666060155      totCycles         520 CurrTau   1.4590067938116989E-002 dt_kmc   1.2160750163042394E-004
 DPA   3.9276413938333340E-007 DPA_low   1.2110234177055102E-007 Cascade                4.0000000000000000      runTime   2.2714421749114990     
 commTime1  0.19418168067932129      commTime2   6.4756870269775391E-002

 Time   2.2906420838339705      totCycles        1440 CurrTau   7.8779957310824312E-003 dt_kmc   1.1555574040116339E-004
 DPA   9.8191034845833347E-007 DPA_low   3.0275585442637753E-007 Cascade                10.000000000000000      runTime   5.0131971836090088     
 commTime1  0.51184105873107910      commTime2  0.17095303535461426     

 Time   4.5732049117072764      totCycles        3840 CurrTau   7.9721391588026182E-003 dt_kmc   2.2938669272927126E-004
 DPA   2.4547758711458337E-006 DPA_low   7.5688963606594384E-007 Cascade                25.000000000000000      runTime   10.928479194641113     
 commTime1   1.2221267223358154      commTime2  0.46020770072937012     

 Time   9.1489466606799770      totCycles        8000 CurrTau   7.6875095127669976E-003 dt_kmc   5.4513566232170965E-005
 DPA   4.0258324286791671E-006 DPA_low   1.2412990031481479E-006 Cascade                41.000000000000000      runTime   22.499310016632080     
 commTime1   2.5295855998992920      commTime2  0.97521424293518066     

 Time   18.289658435925567      totCycles       16496 CurrTau   1.3437725109976381E-002 dt_kmc   5.8722781476267837E-005
 DPA   8.0516648573583341E-006 DPA_low   2.4825980062962959E-006 Cascade                82.000000000000000      runTime   45.943331003189087     
 commTime1   5.2470035552978516      commTime2   1.9383583068847656     

 Time   36.576097234503720      totCycles       32072 CurrTau   6.3647478263489576E-003 dt_kmc   1.3324005967004003E-004
 DPA   1.6496093854100001E-005 DPA_low   5.0862983543631430E-006 Cascade                168.00000000000000      runTime   92.096265077590942     
 commTime1   10.461202144622803      commTime2   3.8150687217712402     

 Time   73.151656825668780      totCycles       60160 CurrTau   1.2889170145132254E-002 dt_kmc   1.4339372038524705E-004
 DPA   3.1421131150666671E-005 DPA_low   9.6881873416440809E-006 Cascade                320.00000000000000      runTime   178.07810115814209     
 commTime1   20.521310567855835      commTime2   7.2204837799072266     

 Time   146.29304666963995      totCycles      116080 CurrTau   1.0961905985649580E-002 dt_kmc   4.6246403846629866E-004
 DPA   6.4315127824020842E-005 DPA_low   1.9830508464927729E-005 Cascade                655.00000000000000      runTime   317.84233117103577     
 commTime1   38.603259801864624      commTime2   13.088118076324463     

 Time   292.70689383443113      totCycles      209944 CurrTau  0.25448541847998557      dt_kmc   3.1696195876605243E-004
 DPA   1.2735377219504586E-004 DPA_low   3.9267434319101166E-005 Cascade                1297.0000000000000      runTime   464.54158711433411     
 commTime1   60.884793996810913      commTime2   20.856918096542358     

 Time   586.03881668515828      totCycles      303768 CurrTau   3.4446654258967873      dt_kmc   3.7731530147072818E-003
 DPA   2.5902794992330836E-004 DPA_low   7.9866994397678401E-005 Cascade                2638.0000000000000      runTime   545.36586809158325     
 commTime1   75.545113325119019      commTime2   27.696020603179932     

 Time   1174.4748112819086      totCycles      462464 CurrTau   4.5663240947097608      dt_kmc   5.7599667104890721E-003
 DPA   5.2571480056459177E-004 DPA_low   1.6209548445988254E-004 Cascade                5354.0000000000000      runTime   637.77775716781616     
 commTime1   96.290338039398193      commTime2   39.233711004257202     

 Time   2342.1603125556808      totCycles      733720 CurrTau   2.4648850968296117      dt_kmc   1.9069425339215279E-003
 DPA   1.0452435659338961E-003 DPA_low   3.2228360703687891E-004 Cascade                10645.000000000000      runTime   782.97099399566650     
 commTime1   131.31135606765747      commTime2   59.582834959030151     

 Time   4681.3119257727221      totCycles     1199840 CurrTau  0.32984027560541068      dt_kmc   1.4483910857921714E-002
 DPA   2.1021718650144463E-003 DPA_low   6.4817000874143173E-004 Cascade                21409.000000000000      runTime   1012.9495401382446     
 commTime1   189.09554171562195      commTime2   94.423449039459229     

 Time   9367.1244225743139      totCycles     1950240 CurrTau   5.9305452104423448      dt_kmc   5.0619906145705071E-003
 DPA   4.2260439487298218E-003 DPA_low   1.3030309218656864E-003 Cascade                43039.000000000000      runTime   1361.1575629711151     
 commTime1   286.03251218795776      commTime2   152.75462198257446     

 Time   18731.990903485479      totCycles     3075472 CurrTau   9.1922039334172432      dt_kmc   4.1848877652449178E-002
 DPA   8.4846873210284602E-003 DPA_low   2.6161133380983282E-003 Cascade                86410.000000000000      runTime   1881.9907209873199     
 commTime1   442.20491242408752      commTime2   244.33499670028687     

 Time   37455.723674427216      totCycles     4856480 CurrTau   7.8140585142373533      dt_kmc   1.7648568965508045E-002
 DPA   1.7060692304463543E-002 DPA_low   5.2603829706583099E-003 Cascade                173750.00000000000      runTime   2704.2368311882019     
 commTime1   705.27739238739014      commTime2   398.89368677139282     

 Time   74900.766095062980      totCycles     7385408 CurrTau   9.6630719403156959      dt_kmc   2.1999890069166143E-002
 DPA   3.4173033093255999E-002 DPA_low   1.0536690899259448E-002 Cascade                348026.00000000000      runTime   3957.9969251155853     
 commTime1   1125.5243964195251      commTime2   646.04490590095520     

 Time   149808.10202495498      totCycles    10321576 CurrTau   11.880259612640522      dt_kmc   9.0931041522141459E-002
 DPA   6.8445631895845668E-002 DPA_low   2.1104081242157728E-002 Cascade                697066.00000000000      runTime   5749.5216631889343     
 commTime1   1750.4105861186981      commTime2   1002.1873359680176     

 Time   178572.43468177452      totCycles    11028808 CurrTau   12.155150883283898      dt_kmc  0.10810219825167068     
 DPA   8.1577111749918343E-002 DPA_low   2.5152956385743448E-002 Cascade                830800.00000000000      runTime   6292.4189131259918     
 commTime1   1942.5702750682831      commTime2   1110.1073384284973     

 Time   299595.79422890121      totCycles    13008704 CurrTau   7.1292281907571304      dt_kmc   4.2899901323766275E-002
 DPA  0.13698415251065549      DPA_low   4.2236803188144191E-002 Cascade                1395078.0000000000      runTime   8179.6367361545563     
 commTime1   2612.9926459789276      commTime2   1488.0396852493286     

 Time   357149.03183702979      totCycles    13667152 CurrTau   13.184066487598207      dt_kmc   2.2217953853139315E-002
 DPA  0.16328020259754389      DPA_low   5.0344756347609800E-002 Cascade                1662883.0000000000      runTime   8947.8433279991150     
 commTime1   2891.4510602951050      commTime2   1641.6074066162109     

 Time   599201.42847911501      totCycles    15665808 CurrTau   18.710891148121661      dt_kmc  0.13249908852725925     
 DPA  0.27357210419570804      DPA_low   8.4351444389027350E-002 Cascade                2786121.0000000000      runTime   11744.500405073166     
 commTime1   3896.0524199008942      commTime2   2187.3119204044342     

 Time   714294.41671911674      totCycles    16414104 CurrTau   14.041026924106648      dt_kmc   6.9655660302790537E-002
 DPA  0.32599698503714242      DPA_low  0.10051579138594974      Cascade                3320028.0000000000      runTime   12938.780614137650     
 commTime1   4324.5224988460541      commTime2   2416.4834113121033     

 Time   1198407.2759477005      totCycles    19045248 CurrTau   35.671291475324402      dt_kmc   5.8943921075645375E-002
 DPA  0.54619116620720243      DPA_low  0.16840903394574844      Cascade                5562536.0000000000      runTime   17520.137266159058     
 commTime1   5950.6414334774017      commTime2   3267.8896834850311     

 Time   1428571.4285714286      totCycles    20128216 CurrTau   2.2027542404830456      dt_kmc  0.17814809605053039     
 DPA  0.65098240603330304      DPA_low  0.20071968369066942      Cascade                6629754.0000000000      runTime   19549.887910127640     
 commTime1   6665.5206682682037      commTime2   3633.6012341976166     

 Final  step of damage accumulation
 Time   1428571.4285714286      totCycles    20128216 CurrTau   2.2027542404830456      dt_kmc  0.17814809605053039     
 DPA  0.65098240603330304      DPA_low  0.20071968369066942      Cascade                6629754.0000000000      runTime   19549.889962196350     
 commTime1   6665.5206682682037      commTime2   3633.6012341976166     


 Deallocating defects and reactions
 Time   8.9704143166368988E-002 totCycles          24 CurrTau   4.3106998393303148E-002 dt_kmc   5.4909054972767514E-005
 DPA   0.0000000000000000      DPA_low   0.0000000000000000      Cascade                0.0000000000000000      runTime  0.14238381385803223     
 commTime1   7.3065757751464844E-003 commTime2   3.9534568786621094E-003

 Time  0.14640462181757480      totCycles          40 CurrTau   8.5711517260407873E-003 dt_kmc   1.3669272535928967E-004
 DPA   9.8191034845833350E-008 DPA_low   3.0275585442637755E-008 Cascade                1.0000000000000000      runTime  0.23971199989318848     
 commTime1   1.5362024307250977E-002 commTime2   9.6907615661621094E-003

 Time  0.29134678836226557      totCycles         144 CurrTau   8.9107590060052855E-003 dt_kmc   9.0677047832004334E-005
 DPA   1.9638206969166670E-007 DPA_low   6.0551170885275511E-008 Cascade                2.0000000000000000      runTime  0.52435803413391113     
 commTime1   3.9545536041259766E-002 commTime2   2.2954225540161133E-002

 Time  0.57309432444358954      totCycles         344 CurrTau   1.4845717673817630E-002 dt_kmc   1.1899544085868457E-004
 DPA   2.9457310453750006E-007 DPA_low   9.0826756327913266E-008 Cascade                3.0000000000000000      runTime   1.1122729778289795     
 commTime1   8.9266300201416016E-002 commTime2   4.8177719116210938E-002

 Time   1.1551286839096897      totCycles         816 CurrTau   1.4513145341565154E-002 dt_kmc   7.7733607091568215E-005
 DPA   4.9095517422916674E-007 DPA_low   1.5137792721318876E-007 Cascade                5.0000000000000000      runTime   2.4329519271850586     
 commTime1  0.22995042800903320      commTime2   9.7162008285522461E-002

 Time   2.2886638124838155      totCycles        1728 CurrTau   8.0647214308083113E-003 dt_kmc   4.7266406413307790E-005
 DPA   1.0801013833041669E-006 DPA_low   3.3303143986901530E-007 Cascade                11.000000000000000      runTime   5.0986490249633789     
 commTime1  0.48887801170349121      commTime2  0.21315312385559082     

 Time   4.5742097927052914      totCycles        3976 CurrTau   8.0369121662224527E-003 dt_kmc   8.4353109397404178E-005
 DPA   1.9638206969166669E-006 DPA_low   6.0551170885275505E-007 Cascade                20.000000000000000      runTime   10.847810029983521     
 commTime1   1.2014532089233398      commTime2  0.46375250816345215     

 Time   9.1486168993128345      totCycles        8424 CurrTau   7.7789150542874929E-003 dt_kmc   2.2710061868384457E-004
 DPA   3.8294503589875007E-006 DPA_low   1.1807478322628725E-006 Cascade                39.000000000000000      runTime   22.388943910598755     
 commTime1   2.5404171943664551      commTime2  0.95635986328125000     

 Time   18.288715722723083      totCycles       17096 CurrTau   7.4835310461010265E-003 dt_kmc   6.0913468436184183E-004
 DPA   8.5426200315875017E-006 DPA_low   2.6339759335094848E-006 Cascade                87.000000000000000      runTime   45.603446006774902     
 commTime1   5.3031799793243408      commTime2   1.8920998573303223     

 Time   36.576502976825743      totCycles       32016 CurrTau   7.4074172009223312E-003 dt_kmc   3.6930243032412216E-004
 DPA   1.5612374540487501E-005 DPA_low   4.8138180853794028E-006 Cascade                159.00000000000000      runTime   90.237686872482300     
 commTime1   10.072419404983521      commTime2   3.5590059757232666     

 Time   73.151824603249182      totCycles       59328 CurrTau   1.2755074221734268E-002 dt_kmc   2.3643564646328696E-004
 DPA   2.9751883558287505E-005 DPA_low   9.1735023891192398E-006 Cascade                303.00000000000000      runTime   174.64449691772461     
 commTime1   19.291733980178833      commTime2   6.6284053325653076     

 Time   146.29572820468383      totCycles      114704 CurrTau   1.0809191651359792E-002 dt_kmc   4.5434686114996124E-004
 DPA   6.1173014708954180E-005 DPA_low   1.8861689730763322E-005 Cascade                623.00000000000000      runTime   314.15592503547668     
 commTime1   36.079542398452759      commTime2   12.269028425216675     

 Time   292.57435121461754      totCycles      210328 CurrTau   6.3480050179568715E-003 dt_kmc   6.0770356637410866E-004
 DPA   1.2597909770720419E-004 DPA_low   3.8843576122904240E-005 Cascade                1283.0000000000000      runTime   460.46605801582336     
 commTime1   56.872989654541016      commTime2   19.129501819610596     

 Time   585.17927868833328      totCycles      307936 CurrTau   2.2558515743318672      dt_kmc   2.9480615693042631E-003
 DPA   2.5657317405216256E-004 DPA_low   7.9110104761612450E-005 Cascade                2613.0000000000000      runTime   542.09544897079468     
 commTime1   72.699244499206543      commTime2   25.594988584518433     

 Time   1171.4110790721143      totCycles      469120 CurrTau   2.5824301724940875      dt_kmc   2.3846690677984655E-003
 DPA   5.2463469918128758E-004 DPA_low   1.6176245302001351E-004 Cascade                5343.0000000000000      runTime   634.02180004119873     
 commTime1   93.584260225296021      commTime2   37.496871232986450     

 Time   2341.1753790054263      totCycles      750320 CurrTau   6.9323371988506182      dt_kmc   5.1896534401445369E-003
 DPA   1.0635070984152211E-003 DPA_low   3.2791486592920953E-004 Cascade                10831.000000000000      runTime   782.10659098625183     
 commTime1   129.79560685157776      commTime2   57.877246618270874     

 Time   4684.3674185955360      totCycles     1214592 CurrTau   8.3944986601984670      dt_kmc   1.2198446701232050E-002
 DPA   2.1380115927331755E-003 DPA_low   6.5922059742799452E-004 Cascade                21774.000000000000      runTime   1013.9523859024048     
 commTime1   190.52192354202271      commTime2   92.596864938735962     

 Time   9369.7476340191315      totCycles     1976720 CurrTau   10.549941793599920      dt_kmc   4.1017787527296075E-002
 DPA   4.2728810723512839E-003 DPA_low   1.3174723761218245E-003 Cascade                43516.000000000000      runTime   1365.2113249301910     
 commTime1   290.73663663864136      commTime2   150.30995488166809     

 Time   18728.275245980967      totCycles     3111400 CurrTau   10.541161449226589      dt_kmc   2.4254976532130389E-002
 DPA   8.5516536067933181E-003 DPA_low   2.6367612873702075E-003 Cascade                87092.000000000000      runTime   1890.2127728462219     
 commTime1   445.97882485389709      commTime2   244.83854794502258     

 Time   37455.011890405818      totCycles     4865016 CurrTau   7.1607098212692923      dt_kmc   1.4675519149407023E-002
 DPA   1.7117348531569591E-002 DPA_low   5.2778519834587121E-003 Cascade                174327.00000000000      runTime   2709.4591019153595     
 commTime1   707.90458464622498      commTime2   401.90796589851379     

 Time   74898.853809769993      totCycles     7386352 CurrTau   16.049276606975674      dt_kmc  0.17744735759141411     
 DPA   3.4223896049306139E-002 DPA_low   1.0552373652518734E-002 Cascade                348544.00000000000      runTime   3957.0799260139465     
 commTime1   1125.5388960838318      commTime2   652.06369161605835     

 Time   149798.67972759283      totCycles    10243776 CurrTau   11.525470756583870      dt_kmc   7.6695677387519826E-002
 DPA   6.8540386244471896E-002 DPA_low   2.1133297182109875E-002 Cascade                698031.00000000000      runTime   5730.3989830017090     
 commTime1   1736.7184767723083      commTime2   1009.4767320156097     

 Time   178571.70129991602      totCycles    10950520 CurrTau   4.3057062220095492      dt_kmc   4.3882802018875990E-002
 DPA   8.1642605170160518E-002 DPA_low   2.5173150201233688E-002 Cascade                831467.00000000000      runTime   6269.2379870414734     
 commTime1   1924.4455554485321      commTime2   1118.0160851478577     

 Time   299599.38826026116      totCycles    12902096 CurrTau   11.753228921008722      dt_kmc   8.5832826692193831E-002
 DPA  0.13700614730246097      DPA_low   4.2243584919283345E-002 Cascade                1395302.0000000000      runTime   8137.1354079246521     
 commTime1   2585.3439326286316      commTime2   1491.4545958042145     

 Time   357149.73224309320      totCycles    13551904 CurrTau   12.435578233370324      dt_kmc   7.7310046613847605E-002
 DPA  0.16337701895790188      DPA_low   5.0374608074856241E-002 Cascade                1663869.0000000000      runTime   8899.4692399501801     
 commTime1   2857.4554631710052      commTime2   1643.9812731742859     

 Time   599204.50657176785      totCycles    15539392 CurrTau   21.910261951048497      dt_kmc   5.0304020131929396E-002
 DPA  0.27374531318117612      DPA_low   8.4404850521748162E-002 Cascade                2787885.0000000000      runTime   11686.009734869003     
 commTime1   3867.7204132080078      commTime2   2186.5622491836548     

 Time   714290.34524737636      totCycles    16281384 CurrTau   15.760638607104594      dt_kmc   6.6733643909215198E-002
 DPA  0.32611226131205140      DPA_low  0.10055133492325939      Cascade                3321202.0000000000      runTime   12875.383028984070     
 commTime1   4296.5783934593201      commTime2   2412.9565284252167     

 Time   1198388.2396043390      totCycles    18912280 CurrTau   19.684502399261135      dt_kmc  0.25431924387752580     
 DPA  0.54678630206940304      DPA_low  0.16859253426911627      Cascade                5568597.0000000000      runTime   17459.897276878357     
 commTime1   5937.2701706886292      commTime2   3262.7667174339294     

 Time   1428571.4285714286      totCycles    19997312 CurrTau   3.2164121838286519      dt_kmc  0.11921395725702683     
 DPA  0.65162575369361286      DPA_low  0.20091804932648960      Cascade                6636306.0000000000      runTime   19491.731755018234     
 commTime1   6649.2975714206696      commTime2   3632.2036972045898     

 Final  step of damage accumulation
 Time   1428571.4285714286      totCycles    19997312 CurrTau   3.2164121838286519      dt_kmc  0.11921395725702683     
 DPA  0.65162575369361286      DPA_low  0.20091804932648960      Cascade                6636306.0000000000      runTime   19491.733877897263     
 commTime1   6649.2975714206696      commTime2   3632.2036972045898     


 Deallocating defects and reactions
 Time   8.8719036520008537E-002 totCycles          24 CurrTau   4.2902871016673179E-002 dt_kmc   6.8620945640817893E-005
 DPA   0.0000000000000000      DPA_low   0.0000000000000000      Cascade                0.0000000000000000      runTime  0.14241909980773926     
 commTime1   8.7976455688476562E-003 commTime2   2.7689933776855469E-003

 Time  0.15129769698107984      totCycles          48 CurrTau   8.6223523622870214E-003 dt_kmc   1.3735951127148436E-004
 DPA   9.8191034845833350E-008 DPA_low   3.0275585442637755E-008 Cascade                1.0000000000000000      runTime  0.25102591514587402     
 commTime1   1.6685009002685547E-002 commTime2   5.7339668273925781E-003

 Time  0.28817762531523300      totCycles         152 CurrTau   4.5109592061064402E-003 dt_kmc   2.6533688740350563E-004
 DPA   3.9276413938333340E-007 DPA_low   1.2110234177055102E-007 Cascade                4.0000000000000000      runTime  0.52487206459045410     
 commTime1   4.6422958374023438E-002 commTime2   1.6410350799560547E-002

 Time  0.57541879914026484      totCycles         448 CurrTau   5.7743796430208619E-003 dt_kmc   1.1027597587395994E-004
 DPA   7.8552827876666680E-007 DPA_low   2.4220468354110204E-007 Cascade                8.0000000000000000      runTime   1.1816210746765137     
 commTime1  0.12141776084899902      commTime2   5.0734043121337891E-002

 Time   1.1480243376248547      totCycles        1064 CurrTau   8.0149639300741218E-003 dt_kmc   2.6229926261611684E-005
 DPA   1.1782924181500003E-006 DPA_low   3.6330702531165306E-007 Cascade                12.000000000000000      runTime   2.5698509216308594     
 commTime1  0.29577946662902832      commTime2  0.10732936859130859     

 Time   2.2932556720930100      totCycles        2240 CurrTau   7.8733947127317960E-003 dt_kmc   2.4709281109019812E-004
 DPA   1.7674386272250002E-006 DPA_low   5.4496053796747962E-007 Cascade                18.000000000000000      runTime   5.4094910621643066     
 commTime1  0.61688566207885742      commTime2  0.21526741981506348     

 Time   4.5722912077994131      totCycles        4488 CurrTau   1.4213044243343423E-002 dt_kmc   1.0346386957145169E-004
 DPA   2.6511579408375005E-006 DPA_low   8.1744080695121938E-007 Cascade                27.000000000000000      runTime   11.091795921325684     
 commTime1   1.2323832511901855      commTime2  0.44927310943603516     

 Time   9.1443841719083103      totCycles        8656 CurrTau   7.7627549493844246E-003 dt_kmc   9.0195157948116906E-005
 DPA   4.3204055332166674E-006 DPA_low   1.3321257594760612E-006 Cascade                44.000000000000000      runTime   22.445667982101440     
 commTime1   2.4074127674102783      commTime2  0.88678264617919922     

 Time   18.298450784308304      totCycles       17064 CurrTau   1.3817499251899649E-002 dt_kmc   2.2209663753465785E-004
 DPA   8.2480469270500005E-006 DPA_low   2.5431491771815715E-006 Cascade                84.000000000000000      runTime   46.853471994400024     
 commTime1   5.2764408588409424      commTime2   2.5708429813385010     

 Time   36.573644566144104      totCycles       32200 CurrTau   7.3846723473797180E-003 dt_kmc   1.3781175912184627E-004
 DPA   1.6594284888945836E-005 DPA_low   5.1165739398057806E-006 Cascade                169.00000000000000      runTime   91.717225074768066     
 commTime1   9.6307117938995361      commTime2   4.2588472366333008     

 Time   73.155528809909356      totCycles       61240 CurrTau   1.2972161279465766E-002 dt_kmc   1.3018854532239558E-004
 DPA   3.3777715986966674E-005 DPA_low   1.0414801392267387E-005 Cascade                344.00000000000000      runTime   177.60316205024719     
 commTime1   18.505749940872192      commTime2   7.5143949985504150     

 Time   146.29104122077086      totCycles      117696 CurrTau   1.1121579658732093E-002 dt_kmc   1.4177940973752733E-004
 DPA   6.4315127824020842E-005 DPA_low   1.9830508464927729E-005 Cascade                655.00000000000000      runTime   317.80301809310913     
 commTime1   34.870696306228638      commTime2   13.515066385269165     

 Time   292.87750451431532      totCycles      214640 CurrTau  0.31808787242649122      dt_kmc   2.0897528765932383E-005
 DPA   1.3697649360993751E-004 DPA_low   4.2234441692479666E-005 Cascade                1395.0000000000000      runTime   465.60400390625000     
 commTime1   56.990885972976685      commTime2   21.392538070678711     

 Time   586.74043027033031      totCycles      313904 CurrTau   1.6612330817930494      dt_kmc   3.5825656063902516E-003
 DPA   2.6953439065181253E-004 DPA_low   8.3106482040040642E-005 Cascade                2745.0000000000000      runTime   548.42573308944702     
 commTime1   71.946755409240723      commTime2   28.991383314132690     

 Time   1172.2536894232292      totCycles      466192 CurrTau   5.5596916346357030      dt_kmc   6.0655019084240626E-003
 DPA   5.2934786885388760E-004 DPA_low   1.6321568112126014E-004 Cascade                5391.0000000000000      runTime   637.83841991424561     
 commTime1   92.052699804306030      commTime2   40.103077173233032     

 Time   2340.9050302176911      totCycles      753400 CurrTau  0.37068473437960114      dt_kmc   5.9855807823100205E-003
 DPA   1.0767628881194085E-003 DPA_low   3.3200206996396563E-004 Cascade                10966.000000000000      runTime   788.94673991203308     
 commTime1   127.72614741325378      commTime2   60.639708995819092     

 Time   4682.8979438957840      totCycles     1233192 CurrTau   8.9444782861367624      dt_kmc   2.6360227730517816E-002
 DPA   2.1636394528279377E-003 DPA_low   6.6712252522852292E-004 Cascade                22035.000000000000      runTime   1023.6185100078583     
 commTime1   189.74815249443054      commTime2   95.623475551605225     

 Time   9365.9722915728580      totCycles     1957400 CurrTau   4.1531069048670783      dt_kmc   2.4641611086746274E-002
 DPA   4.2909482227629176E-003 DPA_low   1.3230430838432699E-003 Cascade                43700.000000000000      runTime   1367.4955608844757     
 commTime1   286.72582292556763      commTime2   151.57636952400208     

 Time   18730.744047613494      totCycles     3170880 CurrTau   6.4241038789101195      dt_kmc   4.0693945683785392E-002
 DPA   8.5715863868670219E-003 DPA_low   2.6429072312150626E-003 Cascade                87295.000000000000      runTime   1904.5342969894409     
 commTime1   448.72638607025146      commTime2   247.43831682205200     

 Time   37456.673984326291      totCycles     4974792 CurrTau   11.319557403276310      dt_kmc   2.6586549825888001E-002
 DPA   1.7090836952161216E-002 DPA_low   5.2696775753891993E-003 Cascade                174057.00000000000      runTime   2728.0215449333191     
 commTime1   715.32189059257507      commTime2   405.34560227394104     

 Time   74908.349743445055      totCycles     7544400 CurrTau   10.584454296378723      dt_kmc   5.5201863001149994E-002
 DPA   3.4118537068916557E-002 DPA_low   1.0519887949338783E-002 Cascade                347471.00000000000      runTime   3985.9021499156952     
 commTime1   1140.0396776199341      commTime2   651.98904943466187     

 Time   149803.68219469904      totCycles    10431472 CurrTau   12.034602335067175      dt_kmc  0.30017394315213036     
 DPA   6.8326820743682209E-002 DPA_low   2.1067447783772137E-002 Cascade                695856.00000000000      runTime   5762.6315469741821     
 commTime1   1759.1914596557617      commTime2   1003.3147776126862     

 Time   178580.94291336130      totCycles    11138656 CurrTau   10.031342627833189      dt_kmc  0.17527136773486829     
 DPA   8.1456238586023119E-002 DPA_low   2.5115687140063559E-002 Cascade                829569.00000000000      runTime   6305.1974458694458     
 commTime1   1952.3063967227936      commTime2   1111.9055705070496     

 Time   299595.45274370169      totCycles    13134648 CurrTau   15.994999521414400      dt_kmc  0.16724334326098050     
 DPA  0.13670951218619171      DPA_low   4.2152122375661134E-002 Cascade                1392281.0000000000      runTime   8190.9151749610901     
 commTime1   2626.5610249042511      commTime2   1489.8185667991638     

 Time   357144.34477657994      totCycles    13782696 CurrTau   19.460879150434256      dt_kmc   1.0937020911026682E-002
 DPA  0.16301606871380861      DPA_low   5.0263315022769102E-002 Cascade                1660193.0000000000      runTime   8952.9100449085236     
 commTime1   2902.4969272613525      commTime2   1640.8978660106659     

 Time   599186.58437981724      totCycles    15758064 CurrTau   15.362263222859072      dt_kmc  0.10571218229456221     
 DPA  0.27323236321514149      DPA_low   8.4246690863395812E-002 Cascade                2782661.0000000000      runTime   11729.027839899063     
 commTime1   3897.9247415065765      commTime2   2185.4915769100189     

 Time   714290.20674759487      totCycles    16503544 CurrTau   5.2510819072626802      dt_kmc  0.22073459212881905     
 DPA  0.32575955911488519      DPA_low  0.10044258502034945      Cascade                3317610.0000000000      runTime   12919.293276071548     
 commTime1   4324.8668885231018      commTime2   2415.7004957199097     

 Time   1198381.1419116489      totCycles    19122656 CurrTau   11.854861049968997      dt_kmc   8.5329402549715369E-002
 DPA  0.54659119648316434      DPA_low  0.16853237668084176      Cascade                5566610.0000000000      runTime   17492.508177995682     
 commTime1   5942.1454927921295      commTime2   3276.1140313148499     

 Time   1428571.4285714286      totCycles    20202392 CurrTau   2.0553546566516161      dt_kmc   5.8544294190091661E-002
 DPA  0.65142131995906394      DPA_low  0.20085501555759802      Cascade                6634224.0000000000      runTime   19522.324910879135     
 commTime1   6651.8092472553253      commTime2   3643.0491476058960     

 Final  step of damage accumulation
 Time   1428571.4285714286      totCycles    20202392 CurrTau   2.0553546566516161      dt_kmc   5.8544294190091661E-002
 DPA  0.65142131995906394      DPA_low  0.20085501555759802      Cascade                6634224.0000000000      runTime   19522.327101945877     
 commTime1   6651.8092472553253      commTime2   3643.0491476058960     


 Deallocating defects and reactions
 Deallocating memory: local meshes and ghost meshes
 run time   19522.327101945877     
 communication time   10414.849787473679     
 allresuce time   115.28525185585022     
 numCasTime   0.0000000000000000      casComm time   4.7061407566070557     
 pointComm time   10294.858394861221     
 commTime11   0.0000000000000000      commTime12   6651.8092472553253      commTime21   3181.3551228046417      commTime22   461.69402480125427     
 commCount_1           0
 number of boundary events   229841478
