 Proc division   2  2  2
 Proc   0 numMeshes(x,y,z)  10 10 10

 Final  step of damage accumulation
 Time  0.10004999999999714      totCycles       16008 CurrTau   5.0000000000000002E-005 dt_kmc   5.4856152139148931E-007
 DPA   1.0001471238826631E-003 FrenkelPair            5432388.0000000000      runTime   47.279437065124512     
 commTime1   5.3526911735534668      commTime2  0.22477126121520996     


 Deallocating defects and reactions
 Deallocating memory: local meshes and ghost meshes
 run time   47.279437065124512      3-4dpaTime   42.568358182907104     
 communication time   5.6767716407775879     
 allresuce time   9.9309206008911133E-002
 numCasTime   0.0000000000000000      casComm time   0.0000000000000000     
 pointComm time   5.5774624347686768     
 commTime11   0.0000000000000000      commTime12   5.3526911735534668      commTime21  0.18747425079345703      commTime22   3.7297010421752930E-002
 commCount_1           0
 number of boundary events     1101296
 Proc division   2  2  2
 Proc   0 numMeshes(x,y,z)  10 10 10

 Final  step of damage accumulation
 Time  0.10004999999999714      totCycles       16008 CurrTau   5.0000000000000002E-005 dt_kmc   1.5383461295351586E-007
 DPA   1.0000048082515333E-003 FrenkelPair            5431615.0000000000      runTime   48.212903976440430     
 commTime1   5.5596318244934082      commTime2  0.25885248184204102     


 Deallocating defects and reactions
 Deallocating memory: local meshes and ghost meshes
 run time   48.212903976440430      3-4dpaTime   43.448820114135742     
 communication time   5.9018170833587646     
 allresuce time   8.3332777023315430E-002
 numCasTime   0.0000000000000000      casComm time   0.0000000000000000     
 pointComm time   5.8184843063354492     
 commTime11   0.0000000000000000      commTime12   5.5596318244934082      commTime21  0.21752643585205078      commTime22   4.1326045989990234E-002
 commCount_1           0
 number of boundary events     1099506
 Proc division   2  2  2
 Proc   0 numMeshes(x,y,z)  10 10 10

 Final  step of damage accumulation
 Time  0.10004999999999714      totCycles       16008 CurrTau   5.0000000000000002E-005 dt_kmc   4.3483463883249053E-007
 DPA   1.0014349606740629E-003 FrenkelPair            5439383.0000000000      runTime   46.031064987182617     
 commTime1   5.3522908687591553      commTime2  0.22118234634399414     


 Deallocating defects and reactions
 Deallocating memory: local meshes and ghost meshes
 run time   46.031064987182617      3-4dpaTime   41.277857065200806     
 communication time   5.6428601741790771     
 allresuce time   6.9386959075927734E-002
 numCasTime   0.0000000000000000      casComm time   0.0000000000000000     
 pointComm time   5.5734732151031494     
 commTime11   0.0000000000000000      commTime12   5.3522908687591553      commTime21  0.18031287193298340      commTime22   4.0869474411010742E-002
 commCount_1           0
 number of boundary events     1100122
