 Proc division   2  2  2
 Proc   0 numMeshes(x,y,z)  10 10 10

 Time   5.0415039667454462E-002 totCycles         576 CurrTau   1.1400640901622035E-003 dt_kmc   1.4733288435874854E-006
 DPA   0.0000000000000000      FrenkelPair            0.0000000000000000      runTime   14.365241050720215     
 commTime1  0.54151010513305664      commTime2   7.6324939727783203E-003
 eveDef   5520.3750000000000      eveSink   0.0000000000000000      eveDiss   4520.3750000000000      eveDiff   2955.6250000000000      eveClu   5520.3750000000000     

 Time  0.10096648854291529      totCycles         872 CurrTau   1.5787194869881158E-003 dt_kmc   1.6906587321855908E-006
 DPA   0.0000000000000000      FrenkelPair            0.0000000000000000      runTime   25.422576904296875     
 commTime1  0.85784578323364258      commTime2   1.1809825897216797E-002
 eveDef   6700.0000000000000      eveSink   0.0000000000000000      eveDiss   5700.0000000000000      eveDiff   2952.8750000000000      eveClu   6700.0000000000000     

 Time  0.20016941004945840      totCycles        1280 CurrTau   2.3250184111517124E-003 dt_kmc   1.5055493165431359E-006
 DPA   0.0000000000000000      FrenkelPair            0.0000000000000000      runTime   44.528716087341309     
 commTime1   1.4589161872863770      commTime2   1.7891645431518555E-002
 eveDef   8366.0000000000000      eveSink   0.0000000000000000      eveDiss   7366.0000000000000      eveDiff   2954.6250000000000      eveClu   8366.0000000000000     

 Time  0.40239255386168293      totCycles        1816 CurrTau   3.8434130678342139E-003 dt_kmc   1.5017534642343676E-006
 DPA   0.0000000000000000      FrenkelPair            0.0000000000000000      runTime   77.933619976043701     
 commTime1   2.3658742904663086      commTime2   2.7944803237915039E-002
 eveDef   10890.625000000000      eveSink   0.0000000000000000      eveDiss   9890.6250000000000      eveDiff   2950.3750000000000      eveClu   10890.625000000000     

 Time  0.80056325684133922      totCycles        2752 CurrTau   7.2476812857408127E-004 dt_kmc   3.0087307841055576E-006
 DPA   1.4728655226875003E-009 FrenkelPair            1.0000000000000000      runTime   131.32719492912292     
 commTime1   4.7248332500457764      commTime2   5.0279617309570312E-002
 eveDef   14661.625000000000      eveSink  0.12500000000000000      eveDiss   13661.625000000000      eveDiff   2948.7500000000000      eveClu   14661.500000000000     

 Time   1.6005091503483202      totCycles       10064 CurrTau   1.0217987218170174E-003 dt_kmc   4.8899277876630342E-006
 DPA   2.9457310453750006E-009 FrenkelPair            2.0000000000000000      runTime   216.24313211441040     
 commTime1   9.6479439735412598      commTime2  0.20580101013183594     
 eveDef   20153.000000000000      eveSink  0.25000000000000000      eveDiss   19153.000000000000      eveDiff   2940.3750000000000      eveClu   20152.750000000000     

 Time   3.2007586700140158      totCycles       20864 CurrTau   1.3306917238671088E-003 dt_kmc   1.0402123164881576E-005
 DPA   5.8914620907500012E-009 FrenkelPair            4.0000000000000000      runTime   312.05591797828674     
 commTime1   17.781456232070923      commTime2  0.42292428016662598     
 eveDef   25628.000000000000      eveSink  0.50000000000000000      eveDiss   24627.875000000000      eveDiff   2923.2500000000000      eveClu   25627.500000000000     

 Time   6.4001160305189240      totCycles       40144 CurrTau   1.4414355707706890E-003 dt_kmc   1.9180886458571318E-005
 DPA   1.7674386272250002E-008 FrenkelPair            12.000000000000000      runTime   398.37469792366028     
 commTime1   28.358692407608032      commTime2  0.62522125244140625     
 eveDef   27572.125000000000      eveSink  0.25000000000000000      eveDiss   26572.375000000000      eveDiff   2901.6250000000000      eveClu   27571.875000000000     

 Time   12.800538241350299      totCycles       75944 CurrTau   1.4511467787097030E-003 dt_kmc   1.0486246203039699E-004
 DPA   3.2403041499125002E-008 FrenkelPair            22.000000000000000      runTime   505.43279790878296     
 commTime1   43.045385837554932      commTime2  0.85581207275390625     
 eveDef   27972.750000000000      eveSink  0.62500000000000000      eveDiss   26973.000000000000      eveDiff   2881.6250000000000      eveClu   27972.125000000000     

 Time   25.749918882737724      totCycles      131112 CurrTau  0.39195622899895910      dt_kmc   7.4467745339056415E-005
 DPA   5.8914620907500009E-008 FrenkelPair            40.000000000000000      runTime   640.52600693702698     
 commTime1   62.362530469894409      commTime2   1.1784710884094238     
 eveDef   26183.250000000000      eveSink   0.0000000000000000      eveDiss   25184.375000000000      eveDiff   2862.8750000000000      eveClu   26183.250000000000     

 Time   51.200015367240248      totCycles      226680 CurrTau   1.2029844216520703E-003 dt_kmc   1.2589197160843129E-005
 DPA   1.1488351076962502E-007 FrenkelPair            78.000000000000000      runTime   806.92154693603516     
 commTime1   87.726583957672119      commTime2   1.6715586185455322     
 eveDef   22462.375000000000      eveSink  0.25000000000000000      eveDiss   21463.125000000000      eveDiff   2829.6250000000000      eveClu   22465.000000000000     

 Time   102.40040563413739      totCycles      380448 CurrTau   9.7669767908251841E-004 dt_kmc   2.3349718829168353E-004
 DPA   2.4449567676612503E-007 FrenkelPair            166.00000000000000      runTime   997.33723402023315     
 commTime1   116.03948211669922      commTime2   2.4230234622955322     
 eveDef   17906.625000000000      eveSink  0.37500000000000000      eveDiss   16908.000000000000      eveDiff   2808.0000000000000      eveClu   17910.375000000000     

 Time   204.80055745133484      totCycles      657456 CurrTau   7.4259842718394351E-004 dt_kmc   5.8709586737148837E-004
 DPA   4.6100690860118754E-007 FrenkelPair            313.00000000000000      runTime   1224.9058179855347     
 commTime1   151.15035748481750      commTime2   3.7239854335784912     
 eveDef   13478.500000000000      eveSink  0.62500000000000000      eveDiss   12480.625000000000      eveDiff   2767.8750000000000      eveClu   13481.750000000000     

 Time   410.00773837271959      totCycles     1004840 CurrTau   1.0115130085898369      dt_kmc   1.8162368534026309E-004
 DPA   8.7340925495368761E-007 FrenkelPair            593.00000000000000      runTime   1443.2368330955505     
 commTime1   181.97767829895020      commTime2   5.2502017021179199     
 eveDef   9752.0000000000000      eveSink   1.2500000000000000      eveDiss   8754.0000000000000      eveDiff   2719.3750000000000      eveClu   9759.2500000000000     

 Time   819.43866961430786      totCycles     1377464 CurrTau   1.0901486606421953      dt_kmc   3.2838933364151908E-003
 DPA   1.6392993267511878E-006 FrenkelPair            1113.0000000000000      runTime   1642.8582859039307     
 commTime1   208.56589508056641      commTime2   6.7720274925231934     
 eveDef   6966.6250000000000      eveSink   1.6250000000000000      eveDiss   5969.6250000000000      eveDiff   2690.2500000000000      eveClu   6973.7500000000000     

 Time   1638.7578345839261      totCycles     1905264 CurrTau   1.2981734468603481      dt_kmc   1.5545900516614221E-003
 DPA   3.2948001742519379E-006 FrenkelPair            2237.0000000000000      runTime   1863.1978740692139     
 commTime1   240.85472559928894      commTime2   8.7519445419311523     
 eveDef   4963.5000000000000      eveSink   1.1250000000000000      eveDiss   3970.2500000000000      eveDiff   2624.7500000000000      eveClu   4966.1250000000000     

 Time   3277.7666003233221      totCycles     2524184 CurrTau   1.4342886836406186      dt_kmc   1.3600542270656407E-003
 DPA   6.4216936789175010E-006 FrenkelPair            4360.0000000000000      runTime   2120.8802731037140     
 commTime1   275.34404683113098      commTime2   10.918970346450806     
 eveDef   3589.1250000000000      eveSink  0.50000000000000000      eveDiss   2599.2500000000000      eveDiff   2550.2500000000000      eveClu   3589.8750000000000     

 Time   6555.2229416806622      totCycles     3414928 CurrTau   1.6722890325025381      dt_kmc   8.5787945488512048E-003
 DPA   1.3064317186238126E-005 FrenkelPair            8870.0000000000000      runTime   2457.8444221019745     
 commTime1   322.81696081161499      commTime2   13.868026018142700     
 eveDef   2653.1250000000000      eveSink  0.75000000000000000      eveDiss   1665.8750000000000      eveDiff   2486.7500000000000      eveClu   2652.7500000000000     

 Time   13108.684437983160      totCycles     4629352 CurrTau   1.8770078883718644      dt_kmc   1.4351037919210566E-003
 DPA   2.6264138000563503E-005 FrenkelPair            17832.000000000000      runTime   2916.9813940525055     
 commTime1   387.85229611396790      commTime2   17.761142253875732     
 eveDef   2080.6250000000000      eveSink   1.0000000000000000      eveDiss   1098.5000000000000      eveDiff   2396.6250000000000      eveClu   2079.8750000000000     

 Time   26215.635334716197      totCycles     6243768 CurrTau   2.0399772996010404      dt_kmc   6.2812302969114144E-003
 DPA   5.2607810739352131E-005 FrenkelPair            35718.000000000000      runTime   3592.3518970012665     
 commTime1   478.50193333625793      commTime2   22.901221990585327     
 eveDef   1732.0000000000000      eveSink  0.50000000000000000      eveDiss   756.00000000000000      eveDiff   2311.2500000000000      eveClu   1730.6250000000000     

 Time   52429.958894330877      totCycles     8446696 CurrTau   2.0842361079082159      dt_kmc   1.0791662896265413E-002
 DPA   1.0490484685341721E-004 FrenkelPair            71225.000000000000      runTime   4640.4596810340881     
 commTime1   615.89565730094910      commTime2   29.987280607223511     
 eveDef   1461.2500000000000      eveSink   1.0000000000000000      eveDiss   493.00000000000000      eveDiff   2172.2500000000000      eveClu   1460.3750000000000     

 Final  step of damage accumulation
 Time   100000.00000000000      totCycles    11376384 CurrTau  0.61904816140304320      dt_kmc   8.2400002264018911E-003
 DPA   1.9966459598656289E-004 FrenkelPair            135562.00000000000      runTime   6150.6338970661163     
 commTime1   842.72924447059631      commTime2   39.453010559082031     
 eveDef   1280.8750000000000      eveSink  0.25000000000000000      eveDiss   320.12500000000000      eveDiff   2000.2500000000000      eveClu   1279.6250000000000     


 Deallocating defects and reactions
 Deallocating memory: local meshes and ghost meshes
 run time   6150.6359488964081     
 communication time   900.64909720420837     
 allresuce time   18.466842174530029     
 numCasTime   0.0000000000000000      casComm time   0.0000000000000000     
 pointComm time   882.18225502967834     
 commTime11   836.23209810256958      commTime12   6.4971463680267334      commTime21   38.696609973907471      commTime22  0.75640058517456055     
 commCount_1    34129152
 number of boundary events   125798733
