 Proc division   4  3  2
 Proc   0 numMeshes(x,y,z)  10 10 10

 Time   1.0005568724623830      totCycles       12512 CurrTau   8.1196491076943674E-004 dt_kmc   5.4191424964668019E-006
 DPA   1.9638206969166671E-009 FrenkelPair            4.0000000000000000      runTime   175.24551582336426     
 commTime1   15.161138534545898      commTime2   1.4171519279479980     

 Time   2.0008736109417029      totCycles       20752 CurrTau   1.1308883769813598E-003 dt_kmc   2.1190080864863500E-005
 DPA   2.9457310453750006E-009 FrenkelPair            6.0000000000000000      runTime   275.10504198074341     
 commTime1   24.246480941772461      commTime2   2.2749333381652832     

 Time   4.0005450034105241      totCycles       34032 CurrTau   1.3726395668722793E-003 dt_kmc   2.1580575929434670E-005
 DPA   7.8552827876666683E-009 FrenkelPair            16.000000000000000      runTime   377.39172101020813     
 commTime1   35.349520444869995      commTime2   3.4287440776824951     

 Time   8.0014173443112870      totCycles       58512 CurrTau   1.4493311472553311E-003 dt_kmc   3.0033596477467613E-005
 DPA   1.5219610401104169E-008 FrenkelPair            31.000000000000000      runTime   478.50366783142090     
 commTime1   50.605470180511475      commTime2   4.9383399486541748     

 Time   16.001421546515811      totCycles      106912 CurrTau   1.4515169943363213E-003 dt_kmc   2.6659915629682504E-005
 DPA   3.2893996673354170E-008 FrenkelPair            67.000000000000000      runTime   616.93460893630981     
 commTime1   76.325235128402710      commTime2   7.1744248867034912     

 Time   32.000834263436225      totCycles      199304 CurrTau   1.3161915276889574E-003 dt_kmc   7.4098397061384919E-005
 DPA   6.5787993346708341E-008 FrenkelPair            134.00000000000000      runTime   808.16694498062134     
 commTime1   113.37880492210388      commTime2   10.523419618606567     

 Time   64.000648045052927      totCycles      389960 CurrTau   1.1296094683864804E-003 dt_kmc   4.5184176513381966E-004
 DPA   1.2224783838306252E-007 FrenkelPair            249.00000000000000      runTime   1074.9520280361176     
 commTime1   167.78777647018433      commTime2   16.319797754287720     

 Time   128.00078583230680      totCycles      701904 CurrTau   8.7901708552282055E-004 dt_kmc   3.0816530338698855E-004
 DPA   2.4793236298572921E-007 FrenkelPair            505.00000000000000      runTime   1391.5604619979858     
 commTime1   228.95150995254517      commTime2   25.099549770355225     

 Time   256.00019786800283      totCycles     1172936 CurrTau   6.8705685075619619E-004 dt_kmc   9.1829065379912106E-004
 DPA   5.0224714323643755E-007 FrenkelPair            1023.0000000000000      runTime   1740.5973880290985     
 commTime1   290.37970995903015      commTime2   37.987689256668091     

 Time   512.57826116329238      totCycles     1734984 CurrTau   1.0114474520011241      dt_kmc   4.0958488208886978E-004
 DPA   9.9418422781406262E-007 FrenkelPair            2025.0000000000000      runTime   2071.6514039039612     
 commTime1   341.10052084922791      commTime2   52.290668249130249     

 Time   1024.6002496474364      totCycles     2525088 CurrTau   1.1364293958542422      dt_kmc   3.2293938757827243E-004
 DPA   2.0217534074757085E-006 FrenkelPair            4118.0000000000000      runTime   2434.7734019756317     
 commTime1   393.33000993728638      commTime2   70.742224454879761     

 Time   2049.0804127758893      totCycles     3555256 CurrTau   1.3024890299733416      dt_kmc   2.1502586234778995E-003
 DPA   4.0435068149514169E-006 FrenkelPair            8236.0000000000000      runTime   2818.9924049377441     
 commTime1   450.33775424957275      commTime2   93.295821428298950     

 Time   4096.3240730837706      totCycles     4880800 CurrTau   1.4274582887326206      dt_kmc   6.1342362214974978E-003
 DPA   8.1154890300081263E-006 FrenkelPair            16530.000000000000      runTime   3225.1912038326263     
 commTime1   515.28380227088928      commTime2   121.37450838088989     

 Time   8193.2123951268077      totCycles     6593304 CurrTau   1.7062790477991769      dt_kmc   4.3251310961320783E-003
 DPA   1.6367463598451960E-005 FrenkelPair            33338.000000000000      runTime   3703.0341718196869     
 commTime1   592.57740736007690      commTime2   157.73185849189758     

 Time   16384.015993381519      totCycles     8833248 CurrTau   1.7553101325867166      dt_kmc   3.0099168436474207E-003
 DPA   3.2809061428212523E-005 FrenkelPair            66827.000000000000      runTime   4337.7661399841309     
 commTime1   694.08956646919250      commTime2   204.25716376304626     

 Time   32769.766802604026      totCycles    11919560 CurrTau   1.7670979038918957      dt_kmc   1.6903274976453594E-002
 DPA   6.5710422429180129E-005 FrenkelPair            133842.00000000000      runTime   5279.0634698867798     
 commTime1   851.36118626594543      commTime2   267.50910878181458     

 Time   65537.181905534497      totCycles    16130800 CurrTau   2.0606191203768636      dt_kmc   1.0431753215623849E-002
 DPA   1.3122544469901706E-004 FrenkelPair            267286.00000000000      runTime   6717.6249489784241     
 commTime1   1104.0711662769318      commTime2   355.40250658988953     

 Time   131073.89112969328      totCycles    22149120 CurrTau   2.0374774578516215      dt_kmc   2.3044955519545853E-002
 DPA   2.6235957173562747E-004 FrenkelPair            534386.00000000000      runTime   9006.0215809345245     
 commTime1   1526.4333107471466      commTime2   479.63460087776184     

 Time   262145.13183182379      totCycles    32071424 CurrTau   1.9492983820720724      dt_kmc   6.7418542968300027E-003
 DPA   5.2471963442642924E-004 FrenkelPair            1068773.0000000000      runTime   13106.741101026535     
 commTime1   2332.1404266357422      commTime2   686.14969229698181     

 Time   524289.45820739900      totCycles    51920608 CurrTau   1.8232783924871454      dt_kmc   4.8066218941500566E-003
 DPA   1.0487028360915147E-003 FrenkelPair            2136046.0000000000      runTime   21162.950417995453     
 commTime1   3888.7375347614288      commTime2   1081.1063175201416     

 Time   1048577.6557987344      totCycles   102180184 CurrTau   1.9033676402816648      dt_kmc   7.9640824613436065E-003
 DPA   2.0972858791205177E-003 FrenkelPair            4271848.0000000000      runTime   37393.662345886230     
 commTime1   6820.7748477458954      commTime2   2028.5102458000183     

 Final  step of damage accumulation
 Time   2000000.0000000000      totCycles   230765280 CurrTau   1.6385533669963479      dt_kmc   2.2671062646185862E-003
 DPA   4.0024467608651094E-003 FrenkelPair            8152367.0000000000      runTime   67585.554692983627     
 commTime1   12959.389089822769      commTime2   4419.4101359844208     


 Deallocating defects and reactions
 Time   1.0006590420902151      totCycles       14648 CurrTau   8.1344380051699152E-004 dt_kmc   8.7861367941966623E-006
 DPA   4.9095517422916677E-010 FrenkelPair            1.0000000000000000      runTime   176.37278509140015     
 commTime1   12.855517864227295      commTime2   1.1762111186981201     

 Time   2.0010368834651486      totCycles       22848 CurrTau   1.1295150091832483E-003 dt_kmc   1.2046733171663087E-005
 DPA   1.9638206969166671E-009 FrenkelPair            4.0000000000000000      runTime   277.53491306304932     
 commTime1   21.595307111740112      commTime2   2.1368358135223389     

 Time   4.0001467565846438      totCycles       35560 CurrTau   1.3701088591849598E-003 dt_kmc   6.9060169010118134E-006
 DPA   4.4185965680625005E-009 FrenkelPair            9.0000000000000000      runTime   379.40147304534912     
 commTime1   35.392430543899536      commTime2   3.3679046630859375     

 Time   8.0006797780282852      totCycles       59824 CurrTau   1.4558084426311371E-003 dt_kmc   1.8700998715825196E-005
 DPA   1.2273879355729169E-008 FrenkelPair            25.000000000000000      runTime   479.91468119621277     
 commTime1   51.964738845825195      commTime2   4.8307480812072754     

 Time   16.000743889544204      totCycles      106448 CurrTau   1.4481236515958658E-003 dt_kmc   7.0563751592363929E-005
 DPA   3.0439220802208337E-008 FrenkelPair            62.000000000000000      runTime   615.61684298515320     
 commTime1   76.316450834274292      commTime2   6.7155871391296387     

 Time   32.000120217188893      totCycles      197096 CurrTau   1.3208970270836039E-003 dt_kmc   6.9551917484204670E-005
 DPA   6.5297038172479173E-008 FrenkelPair            133.00000000000000      runTime   804.80294108390808     
 commTime1   112.50530791282654      commTime2   9.9535367488861084     

 Time   64.000412323990702      totCycles      385680 CurrTau   1.1106009339112962E-003 dt_kmc   1.8140626794704775E-004
 DPA   1.3992222465531251E-007 FrenkelPair            285.00000000000000      runTime   1069.1300380229950     
 commTime1   165.85208773612976      commTime2   15.663568735122681     

 Time   128.47707166310892      totCycles      680656 CurrTau  0.74619777596034442      dt_kmc   1.8357641461858257E-004
 DPA   2.8475400105291670E-007 FrenkelPair            580.00000000000000      runTime   1374.8835880756378     
 commTime1   224.15281486511230      commTime2   24.253300189971924     

 Time   256.00028876172610      totCycles     1124432 CurrTau   6.7741747042226899E-004 dt_kmc   1.0055525416631022E-003
 DPA   5.3317731921287508E-007 FrenkelPair            1086.0000000000000      runTime   1706.5427141189575     
 commTime1   281.30177164077759      commTime2   36.476786375045776     

 Time   512.59718773559121      totCycles     1733544 CurrTau   1.0373513707178410      dt_kmc   5.2566301315009820E-004
 DPA   1.0388611486689167E-006 FrenkelPair            2116.0000000000000      runTime   2054.4634711742401     
 commTime1   335.08336448669434      commTime2   52.068785905838013     

 Time   1024.7404173668638      totCycles     2592008 CurrTau   1.1666214307064955      dt_kmc   1.2441806384836168E-003
 DPA   2.0595569558913543E-006 FrenkelPair            4195.0000000000000      runTime   2436.1890830993652     
 commTime1   390.59127998352051      commTime2   72.193817377090454     

 Time   2048.1566915355575      totCycles     3706040 CurrTau   1.3592427384951977      dt_kmc   6.1169027585883850E-004
 DPA   4.1264782393961460E-006 FrenkelPair            8405.0000000000000      runTime   2839.4404201507568     
 commTime1   450.44003558158875      commTime2   96.591255664825439     

 Time   4096.0768049963981      totCycles     5128384 CurrTau   1.4160357596278437      dt_kmc   2.3000408751015404E-003
 DPA   8.2848685651171890E-006 FrenkelPair            16875.000000000000      runTime   3263.2978382110596     
 commTime1   519.70746707916260      commTime2   126.55953907966614     

 Time   8192.9903649714270      totCycles     6851768 CurrTau   1.6336647180288406      dt_kmc   7.7402881441732249E-004
 DPA   1.6475964691956608E-005 FrenkelPair            33559.000000000000      runTime   3743.6109521389008     
 commTime1   598.44226789474487      commTime2   162.48468160629272     

 Time   16385.342225961867      totCycles     9088872 CurrTau   1.7926220179379551      dt_kmc   6.9883805319885554E-003
 DPA   3.2832627276575524E-005 FrenkelPair            66875.000000000000      runTime   4376.3856999874115     
 commTime1   703.71532988548279      commTime2   208.40229034423828     

 Time   32768.348362867495      totCycles    12105616 CurrTau   1.8954337748734866      dt_kmc   1.4563500159499490E-002
 DPA   6.5628923870258090E-005 FrenkelPair            133676.00000000000      runTime   5310.6890671253204     
 commTime1   856.65134191513062      commTime2   269.81395983695984     

 Time   65536.669571660386      totCycles    16215152 CurrTau   1.8374619482984373      dt_kmc   5.0475132097622406E-003
 DPA   1.3138353226511886E-004 FrenkelPair            267608.00000000000      runTime   6740.3295311927795     
 commTime1   1089.0540814399719      commTime2   354.06077146530151     

 Time   131072.32926250645      totCycles    22158304 CurrTau   1.9739733585146828      dt_kmc   3.8384133295069803E-002
 DPA   2.6260063072617402E-004 FrenkelPair            534877.00000000000      runTime   9027.7406032085419     
 commTime1   1512.4286069869995      commTime2   476.82480549812317     

 Time   262145.21227340860      totCycles    31965408 CurrTau   1.8935665885499153      dt_kmc   1.1233658438382164E-002
 DPA   5.2499506027917173E-004 FrenkelPair            1069334.0000000000      runTime   13132.104368209839     
 commTime1   2321.0080492496490      commTime2   680.16290688514709     

 Time   524289.59193828178      totCycles    51831536 CurrTau   2.0781326624312948      dt_kmc   8.1954269883544803E-003
 DPA   1.0489026548474261E-003 FrenkelPair            2136453.0000000000      runTime   21178.912729024887     
 commTime1   3792.1083555221558      commTime2   1084.9901695251465     

 Time   1048577.7622170919      totCycles   102353888 CurrTau   1.9451353205619273      dt_kmc   2.5201094304744199E-002
 DPA   2.0983905282625330E-003 FrenkelPair            4274098.0000000000      runTime   37422.370913982391     
 commTime1   6822.1599433422089      commTime2   2046.5507099628448     

 Final  step of damage accumulation
 Time   2000000.0000000000      totCycles   231901736 CurrTau  0.53915444109588861      dt_kmc   2.1261947684170172E-002
 DPA   4.0015600958204518E-003 FrenkelPair            8150561.0000000000      runTime   67738.331423997879     
 commTime1   12846.477674722672      commTime2   4408.0199987888336     


 Deallocating defects and reactions
 Time   1.0006071188628907      totCycles       12464 CurrTau   8.1330867941529095E-004 dt_kmc   7.6422668174596423E-006
 DPA   3.4366862196041669E-009 FrenkelPair            7.0000000000000000      runTime   172.73231101036072     
 commTime1   14.752795457839966      commTime2   1.4643373489379883     

 Time   2.0005289936804775      totCycles       21008 CurrTau   1.1292663638438867E-003 dt_kmc   2.3659165455692009E-006
 DPA   5.4005069165208340E-009 FrenkelPair            11.000000000000000      runTime   271.95298504829407     
 commTime1   24.192771911621094      commTime2   2.3376905918121338     

 Time   4.0003655557514639      totCycles       34224 CurrTau   6.9835043147044014E-004 dt_kmc   2.0008220707721456E-005
 DPA   9.3281483103541673E-009 FrenkelPair            19.000000000000000      runTime   373.60763287544250     
 commTime1   36.463151454925537      commTime2   3.4819154739379883     

 Time   8.0010450145529894      totCycles       57120 CurrTau   1.4581002471544995E-003 dt_kmc   8.0723602223688865E-005
 DPA   1.5219610401104169E-008 FrenkelPair            31.000000000000000      runTime   472.31344389915466     
 commTime1   51.622601509094238      commTime2   4.8816471099853516     

 Time   16.001369374983533      totCycles      102592 CurrTau   1.4418795341016770E-003 dt_kmc   2.7551129312209592E-004
 DPA   2.9457310453750004E-008 FrenkelPair            60.000000000000000      runTime   607.10062193870544     
 commTime1   75.922724962234497      commTime2   7.0796241760253906     

 Time   32.000853456116971      totCycles      196976 CurrTau   1.3288006449399335E-003 dt_kmc   1.0135496158894729E-004
 DPA   6.0387486430187506E-008 FrenkelPair            123.00000000000000      runTime   800.13542199134827     
 commTime1   114.08956122398376      commTime2   10.523125410079956     

 Time   64.000608635720980      totCycles      391728 CurrTau   1.1197675732337624E-003 dt_kmc   4.9991507702366994E-005
 DPA   1.3206694186764585E-007 FrenkelPair            269.00000000000000      runTime   1070.3956868648529     
 commTime1   169.53779864311218      commTime2   16.410072803497314     

 Time   128.64896198063843      totCycles      703320 CurrTau  0.74536402834667903      dt_kmc   6.9107870133115897E-005
 DPA   2.6707961478066671E-007 FrenkelPair            544.00000000000000      runTime   1387.3354489803314     
 commTime1   231.56033492088318      commTime2   25.307592391967773     

 Time   256.11943995260123      totCycles     1176960 CurrTau  0.88664973947872183      dt_kmc   3.0421980479337777E-004
 DPA   5.3759591578093754E-007 FrenkelPair            1095.0000000000000      runTime   1734.7586710453033     
 commTime1   292.80833935737610      commTime2   38.411996126174927     

 Time   512.82139095466152      totCycles     1804376 CurrTau   1.0349898670096724      dt_kmc   3.5034618586112334E-004
 DPA   1.0501531176761877E-006 FrenkelPair            2139.0000000000000      runTime   2089.0236458778381     
 commTime1   348.39867210388184      commTime2   54.584316730499268     

 Time   1024.0026826391882      totCycles     2689808 CurrTau   1.1611874441947418      dt_kmc   2.3729209548593831E-003
 DPA   2.1003062353523753E-006 FrenkelPair            4278.0000000000000      runTime   2476.8116009235382     
 commTime1   405.43811702728271      commTime2   75.300411224365234     

 Time   2048.0001172937191      totCycles     3793976 CurrTau   2.9399759930946560E-004 dt_kmc   8.8962178960962047E-004
 DPA   4.1628089222891044E-006 FrenkelPair            8479.0000000000000      runTime   2873.9741928577423     
 commTime1   463.78260850906372      commTime2   99.292410612106323     

 Time   4096.3344605082048      totCycles     5106296 CurrTau   1.4347959551521388      dt_kmc   1.1687014453238141E-003
 DPA   8.2853595202914175E-006 FrenkelPair            16876.000000000000      runTime   3280.6791839599609     
 commTime1   526.99327397346497      commTime2   127.26899194717407     

 Time   8192.9216095326192      totCycles     6797384 CurrTau   1.6389586799147327      dt_kmc   1.1995036722783348E-003
 DPA   1.6437670188366732E-005 FrenkelPair            33481.000000000000      runTime   3756.9301500320435     
 commTime1   606.66204810142517      commTime2   162.86714625358582     

 Time   16384.324312389941      totCycles     9003880 CurrTau   1.6819766188442258      dt_kmc   2.7729692589152804E-003
 DPA   3.2715779945108987E-005 FrenkelPair            66637.000000000000      runTime   4388.2331290245056     
 commTime1   714.80507516860962      commTime2   207.92311429977417     

 Time   32768.793542206215      totCycles    11977160 CurrTau   1.9045667771821384      dt_kmc   6.6098792460934285E-003
 DPA   6.5420267921210696E-005 FrenkelPair            133251.00000000000      runTime   5322.8090150356293     
 commTime1   872.00238871574402      commTime2   269.79455423355103     

 Time   65536.066096695286      totCycles    16044248 CurrTau   2.0724709617802928      dt_kmc   2.2569905296416764E-002
 DPA   1.3108945011575557E-004 FrenkelPair            267009.00000000000      runTime   6754.4567680358887     
 commTime1   1115.0453171730042      commTime2   354.51248574256897     

 Time   131072.28499428224      totCycles    21948704 CurrTau   2.0942695926458064      dt_kmc   2.0938637445507318E-002
 DPA   2.6207678155527149E-004 FrenkelPair            533810.00000000000      runTime   9043.2186028957367     
 commTime1   1539.5397210121155      commTime2   475.62878680229187     

