 *******************************************************************************
 **************
 time  1.164256354564209E-002 DPA  7.289003940000001E-007 steps           1 
 AverageTimeStep  1.164256354564209E-002
 Cascades          24 computationTime   28350.76    
 Fraction null steps  0.000000000000000E+000
 defects (Cu, V, SIA_m, SIA_im, num)
           0           0           1           0        1016
           0           0           2           0         156
           0           0           3           0          56
           0           0           4           0          11
           0           0           7           0           4
           0           0           9           0           1
           0           1           0           0        1447
           0           2           0           0          37
           0           3           0           0          14
           0           4           0           0           2
 numCluster (S/Void/Loop/SV):           0          53           0           0
 NumberDensity (m-3) (S/Void/Loop/SV):  0.000000000000000E+000
  2.208333333333334E+021  0.000000000000000E+000  0.000000000000000E+000
 Concentration (S/Void/Loop/SV):  0.000000000000000E+000  2.610250000000000E-008
  0.000000000000000E+000  0.000000000000000E+000
 AverageRadius (nm) (S/Void/Loop/SV):                     NaN
  0.186592980517197                          NaN                     NaN
 AverageSize (S/Void/Loop/SV):                     NaN   2.33962264150943     
                     NaN                     NaN
 ConcenPointDefects (V/SIA):  7.126475000000000E-007  5.003800000000000E-007
 PercentVRetained   1.06148591271032      PercentVAnnihilated
  0.000000000000000E+000
 
 
 *******************************************************************************
 **************
 time  1.164256357769639E-002 DPA  7.289003940000001E-007 steps           2 
 AverageTimeStep  5.821281788848196E-003
 Cascades          24 computationTime   28350.76    
 Fraction null steps  0.000000000000000E+000
 defects (Cu, V, SIA_m, SIA_im, num)
           0           0           1           0         988
           0           0           2           0         165
           0           0           3           0          57
           0           0           4           0          11
           0           0           7           0           4
           0           0           9           0           1
           0           1           0           0        1440
           0           2           0           0          37
           0           3           0           0          14
           0           4           0           0           2
 numCluster (S/Void/Loop/SV):           0          53           0           0
 NumberDensity (m-3) (S/Void/Loop/SV):  0.000000000000000E+000
  2.208333333333334E+021  0.000000000000000E+000  0.000000000000000E+000
 Concentration (S/Void/Loop/SV):  0.000000000000000E+000  2.610250000000000E-008
  0.000000000000000E+000  0.000000000000000E+000
 AverageRadius (nm) (S/Void/Loop/SV):                     NaN
  0.186592980517197                          NaN                     NaN
 AverageSize (S/Void/Loop/SV):                     NaN   2.33962264150943     
                     NaN                     NaN
 ConcenPointDefects (V/SIA):  7.092000000000000E-007  4.865900000000001E-007
 PercentVRetained   1.05675618553720      PercentVAnnihilated
  4.729727173120447E-003
 
 
 *******************************************************************************
 **************
 time  1.164256359825578E-002 DPA  7.289003940000001E-007 steps           3 
 AverageTimeStep  3.880854532751928E-003
 Cascades          24 computationTime   28350.76    
 Fraction null steps  0.000000000000000E+000
 defects (Cu, V, SIA_m, SIA_im, num)
           0           0           1           0         962
           0           0           2           0         172
           0           0           3           0          59
           0           0           4           0          11
           0           0           7           0           4
           0           0           9           0           1
           0           1           0           0        1434
           0           2           0           0          37
           0           3           0           0          14
           0           4           0           0           2
 numCluster (S/Void/Loop/SV):           0          53           0           0
 NumberDensity (m-3) (S/Void/Loop/SV):  0.000000000000000E+000
  2.208333333333334E+021  0.000000000000000E+000  0.000000000000000E+000
 Concentration (S/Void/Loop/SV):  0.000000000000000E+000  2.610250000000000E-008
  0.000000000000000E+000  0.000000000000000E+000
 AverageRadius (nm) (S/Void/Loop/SV):                     NaN
  0.186592980517197                          NaN                     NaN
 AverageSize (S/Void/Loop/SV):                     NaN   2.33962264150943     
                     NaN                     NaN
 ConcenPointDefects (V/SIA):  7.062450000000001E-007  4.737850000000001E-007
 PercentVRetained   1.05270213367452      PercentVAnnihilated
  8.783779035795115E-003
 
 
 *******************************************************************************
 **************
 time  1.164256610919673E-002 DPA  7.289003940000001E-007 steps           4 
 AverageTimeStep  2.910641527299182E-003
 Cascades          24 computationTime   28350.76    
 Fraction null steps  0.000000000000000E+000
 defects (Cu, V, SIA_m, SIA_im, num)
           0           0           1           0         935
           0           0           2           0         180
           0           0           3           0          59
           0           0           4           0          12
           0           0           7           0           4
           0           0           9           0           1
           0           1           0           0        1427
           0           2           0           0          37
           0           3           0           0          14
           0           4           0           0           2
 numCluster (S/Void/Loop/SV):           0          53           0           0
 NumberDensity (m-3) (S/Void/Loop/SV):  0.000000000000000E+000
  2.208333333333334E+021  0.000000000000000E+000  0.000000000000000E+000
 Concentration (S/Void/Loop/SV):  0.000000000000000E+000  2.610250000000000E-008
  0.000000000000000E+000  0.000000000000000E+000
 AverageRadius (nm) (S/Void/Loop/SV):                     NaN
  0.186592980517197                          NaN                     NaN
 AverageSize (S/Void/Loop/SV):                     NaN   2.33962264150943     
                     NaN                     NaN
 ConcenPointDefects (V/SIA):  7.027975000000000E-007  4.604875000000001E-007
 PercentVRetained   1.04797240650140      PercentVAnnihilated
  1.351350620891556E-002
 
 
 *******************************************************************************
 **************
 time  1.164256624330124E-002 DPA  7.289003940000001E-007 steps           5 
 AverageTimeStep  2.328513248660249E-003
 Cascades          24 computationTime   28350.76    
 Fraction null steps  0.000000000000000E+000
 defects (Cu, V, SIA_m, SIA_im, num)
           0           0           1           0         913
           0           0           2           0         184
           0           0           3           0          61
           0           0           4           0          12
           0           0           7           0           4
           0           0           9           0           1
           0           1           0           0        1419
           0           2           0           0          37
           0           3           0           0          14
           0           4           0           0           2
 numCluster (S/Void/Loop/SV):           0          53           0           0
 NumberDensity (m-3) (S/Void/Loop/SV):  0.000000000000000E+000
  2.208333333333334E+021  0.000000000000000E+000  0.000000000000000E+000
 Concentration (S/Void/Loop/SV):  0.000000000000000E+000  2.610250000000000E-008
  0.000000000000000E+000  0.000000000000000E+000
 AverageRadius (nm) (S/Void/Loop/SV):                     NaN
  0.186592980517197                          NaN                     NaN
 AverageSize (S/Void/Loop/SV):                     NaN   2.33962264150943     
                     NaN                     NaN
 ConcenPointDefects (V/SIA):  6.988575000000001E-007  4.496525000000000E-007
 PercentVRetained   1.04256700401784      PercentVAnnihilated
  1.891890869248179E-002
 
 
 *******************************************************************************
 **************
 time  1.164256652539661E-002 DPA  7.289003940000001E-007 steps           6 
 AverageTimeStep  1.940427754232768E-003
 Cascades          24 computationTime   28350.76    
 Fraction null steps  0.000000000000000E+000
 defects (Cu, V, SIA_m, SIA_im, num)
           0           0           1           0         895
           0           0           2           0         186
           0           0           3           0          63
           0           0           4           0          12
           0           0           7           0           4
           0           0           9           0           1
           0           1           0           0        1412
           0           2           0           0          38
           0           3           0           0          13
           0           4           0           0           2
 numCluster (S/Void/Loop/SV):           0          53           0           0
 NumberDensity (m-3) (S/Void/Loop/SV):  0.000000000000000E+000
  2.208333333333334E+021  0.000000000000000E+000  0.000000000000000E+000
 Concentration (S/Void/Loop/SV):  0.000000000000000E+000  2.610250000000000E-008
  0.000000000000000E+000  0.000000000000000E+000
 AverageRadius (nm) (S/Void/Loop/SV):                     NaN
  0.186106847602216                          NaN                     NaN
 AverageSize (S/Void/Loop/SV):                     NaN   2.32075471698113     
                     NaN                     NaN
 ConcenPointDefects (V/SIA):  6.954100000000000E-007  4.407875000000001E-007
 PercentVRetained   1.03716160153427      PercentVAnnihilated
  2.432431117604801E-002
 
 
 *******************************************************************************
 **************
 time  1.164256677794742E-002 DPA  7.289003940000001E-007 steps           7 
 AverageTimeStep  1.663223825421060E-003
 Cascades          24 computationTime   28350.76    
 Fraction null steps  0.000000000000000E+000
 defects (Cu, V, SIA_m, SIA_im, num)
           0           0           1           0         878
           0           0           2           0         192
           0           0           3           0          62
           0           0           4           0          12
           0           0           5           0           1
           0           0           7           0           4
           0           0           9           0           1
           0           1           0           0        1409
           0           2           0           0          38
           0           3           0           0          13
           0           4           0           0           2
 numCluster (S/Void/Loop/SV):           0          53           0           0
 NumberDensity (m-3) (S/Void/Loop/SV):  0.000000000000000E+000
  2.208333333333334E+021  0.000000000000000E+000  0.000000000000000E+000
 Concentration (S/Void/Loop/SV):  0.000000000000000E+000  2.610250000000000E-008
  0.000000000000000E+000  0.000000000000000E+000
 AverageRadius (nm) (S/Void/Loop/SV):                     NaN
  0.186106847602216                          NaN                     NaN
 AverageSize (S/Void/Loop/SV):                     NaN   2.32075471698113     
                     NaN                     NaN
 ConcenPointDefects (V/SIA):  6.939325000000001E-007  4.324150000000000E-007
 PercentVRetained   1.03513457560293      PercentVAnnihilated
  2.635133710738535E-002
 
 
 *******************************************************************************
 **************
 time  1.164256753968600E-002 DPA  7.289003940000001E-007 steps           8 
 AverageTimeStep  1.455320942460750E-003
 Cascades          24 computationTime   28350.76    
 Fraction null steps  0.125000000000000     
 defects (Cu, V, SIA_m, SIA_im, num)
           0           0           1           0         865
           0           0           2           0         197
           0           0           3           0          63
           0           0           4           0          12
           0           0           5           0           1
           0           0           7           0           4
           0           0           9           0           1
           0           1           0           0        1409
           0           2           0           0          38
           0           3           0           0          13
           0           4           0           0           2
 numCluster (S/Void/Loop/SV):           0          53           0           0
 NumberDensity (m-3) (S/Void/Loop/SV):  0.000000000000000E+000
  2.208333333333334E+021  0.000000000000000E+000  0.000000000000000E+000
 Concentration (S/Void/Loop/SV):  0.000000000000000E+000  2.610250000000000E-008
  0.000000000000000E+000  0.000000000000000E+000
 AverageRadius (nm) (S/Void/Loop/SV):                     NaN
  0.186106847602216                          NaN                     NaN
 AverageSize (S/Void/Loop/SV):                     NaN   2.32075471698113     
                     NaN                     NaN
 ConcenPointDefects (V/SIA):  6.939325000000001E-007  4.260125000000000E-007
 PercentVRetained   1.03513457560293      PercentVAnnihilated
  2.635133710738535E-002
 
 
 *******************************************************************************
 **************
 time  1.280085896180078E-002 DPA  7.896420935000001E-007 steps        6314 
 AverageTimeStep  2.027377092461321E-006
 Cascades          26 computationTime   28351.25    
 Fraction null steps  0.836712068419386     
 defects (Cu, V, SIA_m, SIA_im, num)
           0           0           0           5           5
           0           0           0           6           3
           0           0           0           7           1
           0           0           0           8           1
           0           0           0           9           1
           0           0           2           0          13
           0           0           3           0           5
           0           0           4           0           5
           0           1           0           0         497
           0           2           0           0          83
           0           4           0           0           7
           0           5           0           0          19
           0           6           0           0           4
 numCluster (S/Void/Loop/SV):           0         113           0           0
 NumberDensity (m-3) (S/Void/Loop/SV):  0.000000000000000E+000
  4.708333333333334E+021  0.000000000000000E+000  0.000000000000000E+000
 Concentration (S/Void/Loop/SV):  0.000000000000000E+000  5.565250000000001E-008
  0.000000000000000E+000  0.000000000000000E+000
 AverageRadius (nm) (S/Void/Loop/SV):                     NaN
  0.194388154628914                          NaN                     NaN
 AverageSize (S/Void/Loop/SV):                     NaN   2.76991150442478     
                     NaN                     NaN
 ConcenPointDefects (V/SIA):  2.447725000000000E-007  0.000000000000000E+000
 PercentVRetained  0.505197232117920      PercentVAnnihilated
  0.533887445299926     
 
 
 *******************************************************************************
 **************
 time  2.560034422297903E-002 DPA  2.247442881500000E-006 steps       35720 
 AverageTimeStep  7.166949670486850E-007
 Cascades          74 computationTime   28353.39    
 Fraction null steps  0.889193729003359     
 defects (Cu, V, SIA_m, SIA_im, num)
           0           0           0           5          12
           0           0           0           6           5
           0           0           0           7           4
           0           0           0           8           2
           0           0           0           9           4
           0           0           2           0           1
           0           0           3           0           1
           0           1           0           0         665
           0           2           0           0         212
           0           3           0           0           2
           0           4           0           0          13
           0           5           0           0          88
           0           6           0           0          17
           0           7           0           0          14
           0           8           0           0           4
           0           9           0           0           3
           0          10           0           0           2
           0          11           0           0           1
           0          12           0           0           3
 numCluster (S/Void/Loop/SV):           0         359           0           0
 NumberDensity (m-3) (S/Void/Loop/SV):  0.000000000000000E+000
  1.495833333333333E+022  0.000000000000000E+000  0.000000000000000E+000
 Concentration (S/Void/Loop/SV):  0.000000000000000E+000  1.768075000000000E-007
  0.000000000000000E+000  0.000000000000000E+000
 AverageRadius (nm) (S/Void/Loop/SV):                     NaN
  0.207209837445957                          NaN                     NaN
 AverageSize (S/Void/Loop/SV):                     NaN   3.47632311977716     
                     NaN                     NaN
 ConcenPointDefects (V/SIA):  3.275125000000000E-007  0.000000000000000E+000
 PercentVRetained  0.419210876394413      PercentVAnnihilated
  0.542366397844314     
 
 
 *******************************************************************************
 **************
 time  5.120455035666040E-002 DPA  4.889706809750001E-006 steps       88729 
 AverageTimeStep  5.770892307662703E-007
 Cascades         161 computationTime   28357.24    
 Fraction null steps  0.921468741899492     
 defects (Cu, V, SIA_m, SIA_im, num)
           0           0           0           5          21
           0           0           0           6          15
           0           0           0           7           9
           0           0           0           8           4
           0           0           0           9           6
           0           0           0          10           1
           0           0           2           0           6
           0           0           3           0           3
           0           0           4           0           1
           0           1           0           0        1322
           0           2           0           0         360
           0           4           0           0          12
           0           5           0           0         150
           0           6           0           0          52
           0           7           0           0          42
           0           8           0           0          18
           0           9           0           0          11
           0          10           0           0           8
           0          11           0           0           6
           0          12           0           0           3
           0          13           0           0           1
           0          14           0           0           1
           0          16           0           0           1
 numCluster (S/Void/Loop/SV):           0         665           0           0
 NumberDensity (m-3) (S/Void/Loop/SV):  0.000000000000000E+000
  2.770833333333333E+022  0.000000000000000E+000  0.000000000000000E+000
 Concentration (S/Void/Loop/SV):  0.000000000000000E+000  3.275125000000000E-007
  0.000000000000000E+000  0.000000000000000E+000
 AverageRadius (nm) (S/Void/Loop/SV):                     NaN
  0.214104394886559                          NaN                     NaN
 AverageSize (S/Void/Loop/SV):                     NaN   3.89774436090226     
                     NaN                     NaN
 ConcenPointDefects (V/SIA):  6.510850000000000E-007  0.000000000000000E+000
 PercentVRetained  0.394225068087172      PercentVAnnihilated
  0.538156499435298     
 
 
 *******************************************************************************
 **************
 time  0.102400719383056      DPA  9.840155319000000E-006 steps      182860 
 AverageTimeStep  5.599951842013337E-007
 Cascades         324 computationTime   28364.14    
 Fraction null steps  0.929716723176200     
 defects (Cu, V, SIA_m, SIA_im, num)
           0           0           0           5          43
           0           0           0           6          31
           0           0           0           7          17
           0           0           0           8          10
           0           0           0           9           6
           0           0           0          10           3
           0           0           0          11           1
           0           0           0          12           1
           0           0           1           0           1
           0           0           2           0           9
           0           0           3           0           3
           0           0           4           0           2
           0           1           0           0        2231
           0           2           0           0         473
           0           3           0           0           2
           0           4           0           0          12
           0           5           0           0         277
           0           6           0           0         123
           0           7           0           0          59
           0           8           0           0          58
           0           9           0           0          45
           0          10           0           0          15
           0          11           0           0          13
           0          12           0           0           8
           0          13           0           0           3
           0          14           0           0           3
           0          16           0           0           1
           0          17           0           0           2
 numCluster (S/Void/Loop/SV):           0        1094           2           0
 NumberDensity (m-3) (S/Void/Loop/SV):  0.000000000000000E+000
  4.558333333333333E+022  8.333333333333334E+019  0.000000000000000E+000
 Concentration (S/Void/Loop/SV):  0.000000000000000E+000  5.387950000000000E-007
  9.850000000000000E-010  0.000000000000000E+000
 AverageRadius (nm) (S/Void/Loop/SV):                     NaN
  0.224625544277695       0.388185294695098                          NaN
 AverageSize (S/Void/Loop/SV):                     NaN   4.50182815356490     
   11.5000000000000                          NaN
 ConcenPointDefects (V/SIA):  1.098767500000000E-006  4.925000000000000E-010
 PercentVRetained  0.358157964559258      PercentVAnnihilated
  0.550049752725859     
 
 
 *******************************************************************************
 **************
 time  0.204800088192831      DPA  1.928548959125000E-005 steps      358154 
 AverageTimeStep  5.718213064570851E-007
 Cascades         635 computationTime   28377.08    
 Fraction null steps  0.928307376156625     
 defects (Cu, V, SIA_m, SIA_im, num)
           0           0           0           5          67
           0           0           0           6          51
           0           0           0           7          39
           0           0           0           8          18
           0           0           0           9          18
           0           0           0          10           5
           0           0           0          11           1
           0           0           0          12           2
           0           0           0          15           1
           0           0           2           0           3
           0           0           3           0           7
           0           0           4           0           2
           0           1           0           0        3622
           0           2           0           0         532
           0           3           0           0           1
           0           4           0           0          11
           0           5           0           0         502
           0           6           0           0         241
           0           7           0           0         126
           0           8           0           0          98
           0           9           0           0         104
           0          10           0           0          62
           0          11           0           0          25
           0          12           0           0          17
           0          13           0           0          14
           0          14           0           0          11
           0          15           0           0           9
           0          16           0           0           1
           0          17           0           0           1
           0          18           0           0           1
           0          19           0           0           1
 numCluster (S/Void/Loop/SV):           0        1757           4           0
 NumberDensity (m-3) (S/Void/Loop/SV):  0.000000000000000E+000
  7.320833333333333E+022  1.666666666666667E+020  0.000000000000000E+000
 Concentration (S/Void/Loop/SV):  0.000000000000000E+000  8.653225000000000E-007
  1.970000000000000E-009  0.000000000000000E+000
 AverageRadius (nm) (S/Void/Loop/SV):                     NaN
  0.237982927478539       0.404110595101305                          NaN
 AverageSize (S/Void/Loop/SV):                     NaN   5.29823562891292     
   12.5000000000000                          NaN
 ConcenPointDefects (V/SIA):  1.783835000000000E-006  0.000000000000000E+000
 PercentVRetained  0.330223273299188      PercentVAnnihilated
  0.566801140737413     
 
 
 *******************************************************************************
 **************
 time  0.409602019362961      DPA  3.881394598050000E-005 steps      698629 
 AverageTimeStep  5.862940407039517E-007
 Cascades        1278 computationTime   28402.62    
 Fraction null steps  0.929330159498103     
 defects (Cu, V, SIA_m, SIA_im, num)
           0           0           0           5          99
           0           0           0           6          78
           0           0           0           7          67
           0           0           0           8          39
           0           0           0           9          41
           0           0           0          10          13
           0           0           0          11           3
           0           0           0          12           4
           0           0           0          13           2
           0           0           0          14           3
           0           0           0          20           1
           0           0           2           0           1
           0           1           0           0        5433
           0           2           0           0         535
           0           4           0           0          13
           0           5           0           0         922
           0           6           0           0         387
           0           7           0           0         258
           0           8           0           0         205
           0           9           0           0         195
           0          10           0           0         130
           0          11           0           0          86
           0          12           0           0          55
           0          13           0           0          52
           0          14           0           0          29
           0          15           0           0          15
           0          16           0           0           8
           0          17           0           0          10
           0          18           0           0           9
           0          19           0           0           6
           0          20           0           0           1
           0          21           0           0           1
           0          22           0           0           1
           0          24           0           0           1
 numCluster (S/Void/Loop/SV):           0        2919          13           0
 NumberDensity (m-3) (S/Void/Loop/SV):  0.000000000000000E+000
  1.216250000000000E+023  5.416666666666666E+020  0.000000000000000E+000
 Concentration (S/Void/Loop/SV):  0.000000000000000E+000  1.437607500000000E-006
  6.402500000000000E-009  0.000000000000000E+000
 AverageRadius (nm) (S/Void/Loop/SV):                     NaN
  0.252061086705958       0.411434899090560                          NaN
 AverageSize (S/Void/Loop/SV):                     NaN   6.21068859198356     
   13.0000000000000                          NaN
 ConcenPointDefects (V/SIA):  2.675752500000000E-006  0.000000000000000E+000
 PercentVRetained  0.298972050041754      PercentVAnnihilated
  0.594987624077239     
 
 
 *******************************************************************************
 **************
 time  0.819200021174254      DPA  8.081683118475001E-005 steps     1368667 
 AverageTimeStep  5.985385935178196E-007
 Cascades        2661 computationTime   28454.04    
 Fraction null steps  0.926700212688696     
 defects (Cu, V, SIA_m, SIA_im, num)
           0           0           0           5         158
           0           0           0           6         149
           0           0           0           7          94
           0           0           0           8          64
           0           0           0           9          57
           0           0           0          10          26
           0           0           0          11          23
           0           0           0          12          19
           0           0           0          13           7
           0           0           0          14           6
           0           0           0          15           1
           0           0           0          16           2
           0           0           0          17           2
           0           0           1           0           3
           0           0           2           0           2
           0           0           3           0           2
           0           0           4           0           1
           0           1           0           0        7001
           0           2           0           0         546
           0           3           0           0           1
           0           4           0           0           7
           0           5           0           0        1395
           0           6           0           0         697
           0           7           0           0         507
           0           8           0           0         473
           0           9           0           0         445
           0          10           0           0         280
           0          11           0           0         240
           0          12           0           0         166
           0          13           0           0         144
           0          14           0           0         104
           0          15           0           0          52
           0          16           0           0          46
           0          17           0           0          42
           0          18           0           0          25
           0          19           0           0          11
           0          20           0           0           9
           0          21           0           0          10
           0          22           0           0           4
           0          23           0           0           5
           0          24           0           0           1
           0          25           0           0           2
           0          26           0           0           2
           0          27           0           0           1
 numCluster (S/Void/Loop/SV):           0        5215          60           0
 NumberDensity (m-3) (S/Void/Loop/SV):  0.000000000000000E+000
  2.172916666666667E+023  2.500000000000000E+021  0.000000000000000E+000
 Concentration (S/Void/Loop/SV):  0.000000000000000E+000  2.568387500000000E-006
  2.955000000000000E-008  0.000000000000000E+000
 AverageRadius (nm) (S/Void/Loop/SV):                     NaN
  0.266698017429279       0.400563351287863                          NaN
 AverageSize (S/Void/Loop/SV):                     NaN   7.28916586768936     
   12.2833333333333                          NaN
 ConcenPointDefects (V/SIA):  3.447992500000000E-006  1.477500000000000E-009
 PercentVRetained  0.274316558506483      PercentVAnnihilated
  0.626203994367322     
 
 
 *******************************************************************************
 **************
 time   1.63840082499731      DPA  1.616336623695000E-004 steps     2558694 
 AverageTimeStep  6.403269890800973E-007
 Cascades        5322 computationTime   28547.36    
 Fraction null steps  0.929657473695565     
 defects (Cu, V, SIA_m, SIA_im, num)
           0           0           0           5         234
           0           0           0           6         232
           0           0           0           7         178
           0           0           0           8         101
           0           0           0           9          81
           0           0           0          10          51
           0           0           0          11          41
           0           0           0          12          17
           0           0           0          13          23
           0           0           0          14          14
           0           0           0          15           7
           0           0           0          16           8
           0           0           0          18           2
           0           0           0          20           1
           0           0           2           0           2
           0           0           3           0           3
           0           0           4           0           1
           0           1           0           0        7636
           0           2           0           0         540
           0           4           0           0          18
           0           5           0           0        1624
           0           6           0           0        1034
           0           7           0           0         836
           0           8           0           0         820
           0           9           0           0         771
           0          10           0           0         597
           0          11           0           0         480
           0          12           0           0         409
           0          13           0           0         348
           0          14           0           0         294
           0          15           0           0         234
           0          16           0           0         179
           0          17           0           0         132
           0          18           0           0         109
           0          19           0           0          90
           0          20           0           0          65
           0          21           0           0          50
           0          22           0           0          35
           0          23           0           0          30
           0          24           0           0          20
           0          25           0           0          12
           0          26           0           0           6
           0          27           0           0           4
           0          28           0           0           8
           0          29           0           0           5
           0          30           0           0           1
           0          31           0           0           3
           0          32           0           0           4
           0          34           0           0           3
           0          38           0           0           1
           0          39           0           0           2
           0          42           0           0           1
 numCluster (S/Void/Loop/SV):           0        8765         113           0
 NumberDensity (m-3) (S/Void/Loop/SV):  0.000000000000000E+000
  3.652083333333333E+023  4.708333333333334E+021  0.000000000000000E+000
 Concentration (S/Void/Loop/SV):  0.000000000000000E+000  4.316762500000000E-006
  5.565250000000001E-008  0.000000000000000E+000
 AverageRadius (nm) (S/Void/Loop/SV):                     NaN
  0.284180247080296       0.407578279988646                          NaN
 AverageSize (S/Void/Loop/SV):                     NaN   8.85898459783229     
   12.7345132743363                          NaN
 ConcenPointDefects (V/SIA):  3.760730000000000E-006  0.000000000000000E+000
 PercentVRetained  0.259864572046756      PercentVAnnihilated
  0.654135969884149     
 
 
 *******************************************************************************
 **************
 time   3.27681410541055      DPA  3.268207141597500E-004 steps     4804369 
 AverageTimeStep  6.820487987934629E-007
 Cascades       10761 computationTime   28727.64    
 Fraction null steps  0.931352691685422     
 defects (Cu, V, SIA_m, SIA_im, num)
           0           0           0           5         364
           0           0           0           6         305
           0           0           0           7         255
           0           0           0           8         190
           0           0           0           9         161
           0           0           0          10          89
           0           0           0          11          80
           0           0           0          12          41
           0           0           0          13          32
           0           0           0          14          24
           0           0           0          15          21
           0           0           0          16          13
           0           0           0          17          11
           0           0           0          18           8
           0           0           0          19           4
           0           0           0          20           2
           0           0           0          21           2
           0           0           0          22           2
           0           1           0           0        6640
           0           2           0           0         444
           0           4           0           0           5
           0           5           0           0        1842
           0           6           0           0        1367
           0           7           0           0        1270
           0           8           0           0        1231
           0           9           0           0        1181
           0          10           0           0        1033
           0          11           0           0         943
           0          12           0           0         863
           0          13           0           0         716
           0          14           0           0         583
           0          15           0           0         523
           0          16           0           0         463
           0          17           0           0         398
           0          18           0           0         320
           0          19           0           0         266
           0          20           0           0         257
           0          21           0           0         185
           0          22           0           0         155
           0          23           0           0         139
           0          24           0           0         118
           0          25           0           0          89
           0          26           0           0          76
           0          27           0           0          58
           0          28           0           0          52
           0          29           0           0          31
           0          30           0           0          40
           0          31           0           0          17
           0          32           0           0          16
           0          33           0           0          19
           0          34           0           0          12
           0          35           0           0          15
           0          36           0           0           7
           0          37           0           0           8
           0          38           0           0           5
           0          39           0           0           2
           0          40           0           0           1
           0          41           0           0           3
           0          43           0           0           1
           0          44           0           0           1
           0          45           0           0           1
           0          50           0           0           1
           0          53           0           0           1
           0          55           0           0           1
 numCluster (S/Void/Loop/SV):           0       14759         240           0
 NumberDensity (m-3) (S/Void/Loop/SV):  0.000000000000000E+000
  6.149583333333333E+023  1.000000000000000E+022  0.000000000000000E+000
 Concentration (S/Void/Loop/SV):  0.000000000000000E+000  7.268807500000000E-006
  1.182000000000000E-007  0.000000000000000E+000
 AverageRadius (nm) (S/Void/Loop/SV):                     NaN
  0.303911166364385       0.415093055411840                          NaN
 AverageSize (S/Void/Loop/SV):                     NaN   10.8884748289179     
   13.2500000000000                          NaN
 ConcenPointDefects (V/SIA):  3.270200000000000E-006  0.000000000000000E+000
 PercentVRetained  0.252176266464294      PercentVAnnihilated
  0.676190684755614     
 
 
 *******************************************************************************
 **************
 time   6.55360896592594      DPA  6.602319027152500E-004 steps     8902811 
 AverageTimeStep  7.361280572985252E-007
 Cascades       21739 computationTime   29066.07    
 Fraction null steps  0.933924689628927     
 defects (Cu, V, SIA_m, SIA_im, num)
           0           0           0           5         542
           0           0           0           6         493
           0           0           0           7         394
           0           0           0           8         278
           0           0           0           9         233
           0           0           0          10         156
           0           0           0          11         115
           0           0           0          12          85
           0           0           0          13          90
           0           0           0          14          44
           0           0           0          15          28
           0           0           0          16          18
           0           0           0          17          23
           0           0           0          18          14
           0           0           0          19           6
           0           0           0          20           7
           0           0           0          21           6
           0           0           0          22           3
           0           0           0          23           2
           0           0           0          24           2
           0           0           0          25           2
           0           0           0          26           3
           0           0           0          29           3
           0           1           0           0        5072
           0           2           0           0         322
           0           3           0           0           2
           0           4           0           0           4
           0           5           0           0        2136
           0           6           0           0        1922
           0           7           0           0        1851
           0           8           0           0        1837
           0           9           0           0        1767
           0          10           0           0        1597
           0          11           0           0        1481
           0          12           0           0        1388
           0          13           0           0        1226
           0          14           0           0        1141
           0          15           0           0         989
           0          16           0           0         883
           0          17           0           0         789
           0          18           0           0         671
           0          19           0           0         635
           0          20           0           0         537
           0          21           0           0         509
           0          22           0           0         466
           0          23           0           0         377
           0          24           0           0         310
           0          25           0           0         257
           0          26           0           0         260
           0          27           0           0         224
           0          28           0           0         190
           0          29           0           0         172
           0          30           0           0         139
           0          31           0           0         136
           0          32           0           0         102
           0          33           0           0          89
           0          34           0           0          82
           0          35           0           0          83
           0          36           0           0          49
           0          37           0           0          48
           0          38           0           0          43
           0          39           0           0          36
           0          40           0           0          26
           0          41           0           0          31
           0          42           0           0          22
           0          43           0           0          16
           0          44           0           0           8
           0          45           0           0           6
           0          46           0           0          12
           0          47           0           0           6
           0          48           0           0           3
           0          49           0           0           8
           0          50           0           0           7
           0          51           0           0           3
           0          52           0           0           1
           0          53           0           0           2
           0          54           0           0           1
           0          55           0           0           1
           0          56           0           0           1
           0          59           0           0           3
           0          63           0           0           2
           0          65           0           0           2
 numCluster (S/Void/Loop/SV):           0       24911         451           0
 NumberDensity (m-3) (S/Void/Loop/SV):  0.000000000000000E+000
  1.037958333333333E+024  1.879166666666667E+022  0.000000000000000E+000
 Concentration (S/Void/Loop/SV):  0.000000000000000E+000  1.226866750000000E-005
  2.221175000000000E-007  0.000000000000000E+000
 AverageRadius (nm) (S/Void/Loop/SV):                     NaN
  0.321853968808974       0.421310216446460                          NaN
 AverageSize (S/Void/Loop/SV):                     NaN   13.0523463530167     
   13.6962305986696                          NaN
 ConcenPointDefects (V/SIA):  2.497960000000000E-006  0.000000000000000E+000
 PercentVRetained  0.246326869136679      PercentVAnnihilated
  0.693782003893190     
 
 
 *******************************************************************************
 **************
 time   13.1072661006424      DPA  1.310259199914500E-003 steps    16167146 
 AverageTimeStep  8.107346900091341E-007
 Cascades       43142 computationTime   29690.56    
 Fraction null steps  0.936457739665368     
 defects (Cu, V, SIA_m, SIA_im, num)
           0           0           0           5         847
           0           0           0           6         715
           0           0           0           7         672
           0           0           0           8         408
           0           0           0           9         363
           0           0           0          10         260
           0           0           0          11         176
           0           0           0          12         151
           0           0           0          13         108
           0           0           0          14          93
           0           0           0          15          62
           0           0           0          16          54
           0           0           0          17          36
           0           0           0          18          31
           0           0           0          19          23
           0           0           0          20          19
           0           0           0          21          14
           0           0           0          22          13
           0           0           0          23           9
           0           0           0          24           6
           0           0           0          25           3
           0           0           0          26           3
           0           0           0          27           2
           0           0           0          28           3
           0           0           0          30           2
           0           0           0          37           1
           0           1           0           0        3460
           0           2           0           0         256
           0           4           0           0           1
           0           5           0           0        2689
           0           6           0           0        2647
           0           7           0           0        2679
           0           8           0           0        2542
           0           9           0           0        2504
           0          10           0           0        2273
           0          11           0           0        2140
           0          12           0           0        2034
           0          13           0           0        1794
           0          14           0           0        1727
           0          15           0           0        1578
           0          16           0           0        1547
           0          17           0           0        1327
           0          18           0           0        1274
           0          19           0           0        1147
           0          20           0           0        1070
           0          21           0           0         960
           0          22           0           0         847
           0          23           0           0         854
           0          24           0           0         749
           0          25           0           0         712
           0          26           0           0         620
           0          27           0           0         545
           0          28           0           0         525
           0          29           0           0         459
           0          30           0           0         379
           0          31           0           0         373
           0          32           0           0         306
           0          33           0           0         280
           0          34           0           0         258
           0          35           0           0         242
           0          36           0           0         221
           0          37           0           0         195
           0          38           0           0         181
           0          39           0           0         169
           0          40           0           0         128
           0          41           0           0         118
           0          42           0           0         108
           0          43           0           0          91
           0          44           0           0          94
           0          45           0           0          65
           0          46           0           0          44
           0          47           0           0          60
           0          48           0           0          44
           0          49           0           0          48
           0          50           0           0          22
           0          51           0           0          39
           0          52           0           0          31
           0          53           0           0          24
           0          54           0           0          20
           0          55           0           0          14
           0          56           0           0          13
           0          57           0           0          11
           0          58           0           0          10
           0          59           0           0           8
           0          60           0           0           7
           0          61           0           0           6
           0          62           0           0           9
           0          63           0           0           7
           0          64           0           0           1
           0          65           0           0           3
           0          66           0           0           3
           0          67           0           0           4
           0          68           0           0           2
           0          69           0           0           2
           0          70           0           0           1
           0          72           0           0           1
           0          73           0           0           2
           0          75           0           0           2
           0          79           0           0           1
           0          82           0           0           1
           0          83           0           0           1
 numCluster (S/Void/Loop/SV):           0       41149         809           0
 NumberDensity (m-3) (S/Void/Loop/SV):  0.000000000000000E+000
  1.714541666666667E+024  3.370833333333333E+022  0.000000000000000E+000
 Concentration (S/Void/Loop/SV):  0.000000000000000E+000  2.026588250000000E-005
  3.984325000000000E-007  0.000000000000000E+000
 AverageRadius (nm) (S/Void/Loop/SV):                     NaN
  0.338855854044127       0.429790178862517                          NaN
 AverageSize (S/Void/Loop/SV):                     NaN   15.4591606114365     
   14.2818294190358                          NaN
 ConcenPointDefects (V/SIA):  1.704050000000000E-006  0.000000000000000E+000
 PercentVRetained  0.240408601993067      PercentVAnnihilated
  0.707619332160004     
 
 
 *******************************************************************************
 **************
 time   26.2144599322518      DPA  2.617056122957501E-003 steps    29358516 
 AverageTimeStep  8.929082087204884E-007
 Cascades       86170 computationTime   30901.48    
 Fraction null steps  0.940094724133877     
 defects (Cu, V, SIA_m, SIA_im, num)
           0           0           0           5        1293
           0           0           0           6        1076
           0           0           0           7         914
           0           0           0           8         700
           0           0           0           9         579
           0           0           0          10         443
           0           0           0          11         311
           0           0           0          12         244
           0           0           0          13         182
           0           0           0          14         145
           0           0           0          15         116
           0           0           0          16          92
           0           0           0          17          62
           0           0           0          18          66
           0           0           0          19          56
           0           0           0          20          43
           0           0           0          21          29
           0           0           0          22          19
           0           0           0          23          25
           0           0           0          24           7
           0           0           0          25           8
           0           0           0          26           2
           0           0           0          27          10
           0           0           0          28           7
           0           0           0          29           2
           0           0           0          30           1
           0           0           0          31           4
           0           0           0          32           1
           0           0           0          33           1
           0           0           0          35           3
           0           0           0          37           1
           0           0           0          38           1
           0           0           0          39           1
           0           0           0          40           1
           0           1           0           0        2150
           0           2           0           0         187
           0           5           0           0        3781
           0           6           0           0        3788
           0           7           0           0        3649
           0           8           0           0        3602
           0           9           0           0        3595
           0          10           0           0        3297
           0          11           0           0        3052
           0          12           0           0        2964
           0          13           0           0        2745
           0          14           0           0        2515
           0          15           0           0        2403
           0          16           0           0        2245
           0          17           0           0        2072
           0          18           0           0        1986
           0          19           0           0        1892
           0          20           0           0        1701
           0          21           0           0        1605
           0          22           0           0        1591
           0          23           0           0        1413
           0          24           0           0        1327
           0          25           0           0        1248
           0          26           0           0        1196
           0          27           0           0        1076
           0          28           0           0        1014
           0          29           0           0         991
           0          30           0           0         845
           0          31           0           0         828
           0          32           0           0         793
           0          33           0           0         669
           0          34           0           0         660
           0          35           0           0         548
           0          36           0           0         554
           0          37           0           0         507
           0          38           0           0         495
           0          39           0           0         436
           0          40           0           0         390
           0          41           0           0         350
           0          42           0           0         309
           0          43           0           0         291
           0          44           0           0         302
           0          45           0           0         254
           0          46           0           0         231
           0          47           0           0         217
           0          48           0           0         173
           0          49           0           0         164
           0          50           0           0         151
           0          51           0           0         144
           0          52           0           0         141
           0          53           0           0         106
           0          54           0           0         130
           0          55           0           0         112
           0          56           0           0          81
           0          57           0           0          85
           0          58           0           0          75
           0          59           0           0          66
           0          60           0           0          60
           0          61           0           0          65
           0          62           0           0          44
           0          63           0           0          50
           0          64           0           0          38
           0          65           0           0          35
           0          66           0           0          37
           0          67           0           0          26
           0          68           0           0          14
           0          69           0           0          13
           0          70           0           0          17
           0          71           0           0          25
           0          72           0           0          22
           0          73           0           0          14
           0          74           0           0          15
           0          75           0           0          10
           0          76           0           0           8
           0          77           0           0           8
           0          78           0           0           7
           0          79           0           0           3
           0          80           0           0           6
           0          81           0           0           5
           0          82           0           0           5
           0          83           0           0           2
           0          84           0           0           6
           0          85           0           0           5
           0          86           0           0           1
           0          87           0           0           3
           0          88           0           0           2
           0          89           0           0           2
           0          90           0           0           3
           0          91           0           0           4
           0          92           0           0           1
           0          94           0           0           1
           0          95           0           0           2
           0          96           0           0           1
           0          99           0           0           1
           0         100           0           0           1
           0         101           0           0           1
           0         104           0           0           1
           0         105           0           0           1
           0         107           0           0           1
           0         112           0           0           1
           0         123           0           0           1
 numCluster (S/Void/Loop/SV):           0       67610        1440           0
 NumberDensity (m-3) (S/Void/Loop/SV):  0.000000000000000E+000
  2.817083333333334E+024  6.000000000000000E+022  0.000000000000000E+000
 Concentration (S/Void/Loop/SV):  0.000000000000000E+000  3.329792500000000E-005
  7.092000000000000E-007  0.000000000000000E+000
 AverageRadius (nm) (S/Void/Loop/SV):                     NaN
  0.355011636747868       0.435139913964438                          NaN
 AverageSize (S/Void/Loop/SV):                     NaN   18.1247448602278     
   14.6854166666667                          NaN
 ConcenPointDefects (V/SIA):  1.058875000000000E-006  0.000000000000000E+000
 PercentVRetained  0.231013490576877      PercentVAnnihilated
  0.721031636825407     
 
 
 *******************************************************************************
 **************
 time   52.4288825820943      DPA  5.262508990431251E-003 steps    53389766 
 AverageTimeStep  9.820024793158735E-007
 Cascades      173275 computationTime   33344.23    
 Fraction null steps  0.942911999277165     
 defects (Cu, V, SIA_m, SIA_im, num)
           0           0           0           5        1739
           0           0           0           6        1566
           0           0           0           7        1398
           0           0           0           8         954
           0           0           0           9         853
           0           0           0          10         633
           0           0           0          11         552
           0           0           0          12         400
           0           0           0          13         352
           0           0           0          14         240
           0           0           0          15         203
           0           0           0          16         184
           0           0           0          17         165
           0           0           0          18         100
           0           0           0          19          92
           0           0           0          20          87
           0           0           0          21          61
           0           0           0          22          48
           0           0           0          23          38
           0           0           0          24          33
           0           0           0          25          22
           0           0           0          26          22
           0           0           0          27          14
           0           0           0          28          13
           0           0           0          29          10
           0           0           0          30           9
           0           0           0          31          16
           0           0           0          32          10
           0           0           0          33           5
           0           0           0          34           3
           0           0           0          36           1
           0           0           0          37           3
           0           0           0          39           1
           0           0           0          40           2
           0           0           0          42           1
           0           0           0          43           1
           0           0           0          44           1
           0           0           0          50           1
           0           0           0          52           1
           0           1           0           0        1556
           0           2           0           0         165
           0           5           0           0        5144
           0           6           0           0        4985
           0           7           0           0        5068
           0           8           0           0        4861
           0           9           0           0        4821
           0          10           0           0        4534
           0          11           0           0        4038
           0          12           0           0        4020
           0          13           0           0        3795
           0          14           0           0        3655
           0          15           0           0        3280
           0          16           0           0        3102
           0          17           0           0        2976
           0          18           0           0        2752
           0          19           0           0        2637
           0          20           0           0        2705
           0          21           0           0        2504
           0          22           0           0        2446
           0          23           0           0        2112
           0          24           0           0        2063
           0          25           0           0        1994
           0          26           0           0        1894
           0          27           0           0        1782
           0          28           0           0        1675
           0          29           0           0        1536
           0          30           0           0        1489
           0          31           0           0        1486
           0          32           0           0        1334
           0          33           0           0        1270
           0          34           0           0        1152
           0          35           0           0        1137
           0          36           0           0        1076
           0          37           0           0        1013
           0          38           0           0        1004
           0          39           0           0         959
           0          40           0           0         927
           0          41           0           0         902
           0          42           0           0         803
           0          43           0           0         712
           0          44           0           0         689
           0          45           0           0         677
           0          46           0           0         572
           0          47           0           0         597
           0          48           0           0         607
           0          49           0           0         529
           0          50           0           0         473
           0          51           0           0         499
           0          52           0           0         420
           0          53           0           0         388
           0          54           0           0         377
           0          55           0           0         369
           0          56           0           0         337
           0          57           0           0         292
           0          58           0           0         323
           0          59           0           0         291
           0          60           0           0         254
           0          61           0           0         220
           0          62           0           0         238
           0          63           0           0         202
           0          64           0           0         159
           0          65           0           0         185
           0          66           0           0         170
           0          67           0           0         178
           0          68           0           0         141
           0          69           0           0         137
           0          70           0           0         128
           0          71           0           0         118
           0          72           0           0         103
           0          73           0           0         115
           0          74           0           0          73
           0          75           0           0          91
           0          76           0           0          74
           0          77           0           0          74
           0          78           0           0          61
           0          79           0           0          52
           0          80           0           0          63
           0          81           0           0          66
           0          82           0           0          37
           0          83           0           0          38
           0          84           0           0          42
           0          85           0           0          45
           0          86           0           0          31
           0          87           0           0          31
           0          88           0           0          29
           0          89           0           0          33
           0          90           0           0          29
           0          91           0           0          17
           0          92           0           0          25
           0          93           0           0          18
           0          94           0           0          18
           0          95           0           0          15
           0          96           0           0          19
           0          97           0           0          18
           0          98           0           0          13
           0          99           0           0          15
           0         100           0           0           7
           0         101           0           0          15
           0         102           0           0           8
           0         103           0           0           4
           0         104           0           0           8
           0         105           0           0          10
           0         106           0           0           6
           0         107           0           0           8
           0         108           0           0           4
           0         109           0           0           5
           0         110           0           0           6
           0         111           0           0           6
           0         112           0           0           8
           0         113           0           0           3
           0         114           0           0           2
           0         115           0           0           2
           0         116           0           0           2
           0         117           0           0           3
           0         118           0           0           3
           0         119           0           0           3
           0         120           0           0           4
           0         121           0           0           3
           0         123           0           0           2
           0         124           0           0           3
           0         125           0           0           2
           0         126           0           0           4
           0         127           0           0           1
           0         128           0           0           2
           0         130           0           0           2
           0         131           0           0           1
           0         133           0           0           1
           0         136           0           0           1
           0         138           0           0           1
           0         139           0           0           1
           0         140           0           0           1
           0         142           0           0           2
           0         147           0           0           1
           0         148           0           0           1
           0         150           0           0           1
           0         151           0           0           1
           0         161           0           0           2
           0         163           0           0           1
           0         174           0           0           1
 numCluster (S/Void/Loop/SV):           0      106775        2691           0
 NumberDensity (m-3) (S/Void/Loop/SV):  0.000000000000000E+000
  4.448958333333334E+024  1.121250000000000E+023  0.000000000000000E+000
 Concentration (S/Void/Loop/SV):  0.000000000000000E+000  5.258668750000001E-005
  1.325317500000000E-006  0.000000000000000E+000
 AverageRadius (nm) (S/Void/Loop/SV):                     NaN
  0.374431496649956       0.441855292656641                          NaN
 AverageSize (S/Void/Loop/SV):                     NaN   21.8453851557012     
   15.1976960237830                          NaN
 ConcenPointDefects (V/SIA):  7.663300000000000E-007  0.000000000000000E+000
 PercentVRetained  0.218440058646968      PercentVAnnihilated
  0.731753986454365     
 
 
 *******************************************************************************
 **************
 elapsedTime   100.000012431979      DPA  1.002976053398925E-002 steps
    92407662 AverageTimeStep  1.082161481717595E-006
 Cascades      330243 computationTime   37835.28    
 Final  step
 defects (Cu, V, SIA_m, SIA_im, num)
           0           0           0           5        2123
           0           0           0           6        1980
           0           0           0           7        1715
           0           0           0           8        1224
           0           0           0           9        1160
           0           0           0          10         900
           0           0           0          11         706
           0           0           0          12         583
           0           0           0          13         501
           0           0           0          14         397
           0           0           0          15         314
           0           0           0          16         278
           0           0           0          17         254
           0           0           0          18         174
           0           0           0          19         170
           0           0           0          20         122
           0           0           0          21         115
           0           0           0          22          86
           0           0           0          23          82
           0           0           0          24          65
           0           0           0          25          34
           0           0           0          26          44
           0           0           0          27          34
           0           0           0          28          23
           0           0           0          29          28
           0           0           0          30          16
           0           0           0          31          16
           0           0           0          32          18
           0           0           0          33          12
           0           0           0          34          12
           0           0           0          35           6
           0           0           0          36           5
           0           0           0          37           6
           0           0           0          38           7
           0           0           0          39           8
           0           0           0          40           3
           0           0           0          41           2
           0           0           0          42           3
           0           0           0          43           2
           0           0           0          44           3
           0           0           0          45           1
           0           0           0          46           1
           0           0           0          47           1
           0           0           0          48           1
           0           0           0          49           1
           0           0           0          50           1
           0           0           0          55           1
           0           0           0          63           1
           0           0           0          67           1
           0           1           0           0        1089
           0           2           0           0          94
           0           3           0           0           1
           0           5           0           0        6485
           0           6           0           0        5939
           0           7           0           0        5891
           0           8           0           0        5625
           0           9           0           0        5408
           0          10           0           0        5129
           0          11           0           0        4835
           0          12           0           0        4586
           0          13           0           0        4404
           0          14           0           0        4171
           0          15           0           0        3946
           0          16           0           0        3654
           0          17           0           0        3528
           0          18           0           0        3401
           0          19           0           0        3199
           0          20           0           0        3085
           0          21           0           0        2949
           0          22           0           0        2840
           0          23           0           0        2790
           0          24           0           0        2680
           0          25           0           0        2558
           0          26           0           0        2464
           0          27           0           0        2393
           0          28           0           0        2317
           0          29           0           0        2214
           0          30           0           0        2100
           0          31           0           0        1938
           0          32           0           0        1979
           0          33           0           0        1879
           0          34           0           0        1744
           0          35           0           0        1671
           0          36           0           0        1642
           0          37           0           0        1574
           0          38           0           0        1545
           0          39           0           0        1540
           0          40           0           0        1477
           0          41           0           0        1349
           0          42           0           0        1361
           0          43           0           0        1309
           0          44           0           0        1276
           0          45           0           0        1175
           0          46           0           0        1110
           0          47           0           0        1086
           0          48           0           0        1020
           0          49           0           0        1028
           0          50           0           0         967
           0          51           0           0         954
           0          52           0           0         883
           0          53           0           0         849
           0          54           0           0         806
           0          55           0           0         766
           0          56           0           0         736
           0          57           0           0         716
           0          58           0           0         705
           0          59           0           0         687
           0          60           0           0         648
           0          61           0           0         696
           0          62           0           0         612
           0          63           0           0         563
           0          64           0           0         538
           0          65           0           0         502
           0          66           0           0         481
           0          67           0           0         456
           0          68           0           0         439
           0          69           0           0         448
           0          70           0           0         408
           0          71           0           0         395
           0          72           0           0         400
           0          73           0           0         355
           0          74           0           0         367
           0          75           0           0         318
           0          76           0           0         304
           0          77           0           0         304
           0          78           0           0         275
           0          79           0           0         276
           0          80           0           0         303
           0          81           0           0         261
           0          82           0           0         233
           0          83           0           0         219
           0          84           0           0         219
           0          85           0           0         211
           0          86           0           0         175
           0          87           0           0         184
           0          88           0           0         181
           0          89           0           0         195
           0          90           0           0         180
           0          91           0           0         162
           0          92           0           0         139
           0          93           0           0         144
           0          94           0           0         137
           0          95           0           0         138
           0          96           0           0         109
           0          97           0           0         110
           0          98           0           0         100
           0          99           0           0         107
           0         100           0           0         108
           0         101           0           0          88
           0         102           0           0          83
           0         103           0           0          75
           0         104           0           0          73
           0         105           0           0          66
           0         106           0           0          80
           0         107           0           0          60
           0         108           0           0          64
           0         109           0           0          64
           0         110           0           0          61
           0         111           0           0          58
           0         112           0           0          55
           0         113           0           0          54
           0         114           0           0          51
           0         115           0           0          47
           0         116           0           0          32
           0         117           0           0          37
           0         118           0           0          36
           0         119           0           0          42
           0         120           0           0          29
           0         121           0           0          38
           0         122           0           0          37
           0         123           0           0          27
           0         124           0           0          20
           0         125           0           0          23
           0         126           0           0          21
           0         127           0           0          25
           0         128           0           0          21
           0         129           0           0          25
           0         130           0           0          18
           0         131           0           0          22
           0         132           0           0          22
           0         133           0           0          14
           0         134           0           0          19
           0         135           0           0          15
           0         136           0           0          19
           0         137           0           0          19
           0         138           0           0          11
           0         139           0           0          17
           0         140           0           0          13
           0         141           0           0          17
           0         142           0           0          17
           0         143           0           0          12
           0         144           0           0           9
           0         145           0           0           7
           0         146           0           0          11
           0         147           0           0          13
           0         148           0           0           8
           0         149           0           0           3
           0         150           0           0           4
           0         151           0           0           6
           0         152           0           0           6
           0         153           0           0          10
           0         154           0           0           6
           0         155           0           0          10
           0         156           0           0           2
           0         157           0           0           4
           0         158           0           0           2
           0         159           0           0           2
           0         160           0           0           6
           0         161           0           0           6
           0         162           0           0           1
           0         163           0           0           5
           0         164           0           0           2
           0         165           0           0           5
           0         166           0           0           5
           0         167           0           0           5
           0         168           0           0           3
           0         169           0           0           4
           0         171           0           0           2
           0         172           0           0           2
           0         173           0           0           4
           0         174           0           0           2
           0         175           0           0           3
           0         176           0           0           2
           0         177           0           0           3
           0         178           0           0           2
           0         179           0           0           2
           0         180           0           0           1
           0         181           0           0           3
           0         182           0           0           2
           0         183           0           0           3
           0         184           0           0           2
           0         186           0           0           1
           0         187           0           0           3
           0         190           0           0           3
           0         195           0           0           3
           0         196           0           0           1
           0         197           0           0           1
           0         198           0           0           2
           0         199           0           0           1
           0         200           0           0           1
           0         201           0           0           1
           0         204           0           0           2
           0         205           0           0           1
           0         211           0           0           1
           0         215           0           0           1
 numCluster (S/Void/Loop/SV):           0      148685        4138           0
 NumberDensity (m-3) (S/Void/Loop/SV):  0.000000000000000E+000
  6.195208333333333E+024  1.724166666666667E+023  0.000000000000000E+000
 Concentration (S/Void/Loop/SV):  0.000000000000000E+000  7.322736250000000E-005
  2.037965000000000E-006  0.000000000000000E+000
 AverageRadius (nm) (S/Void/Loop/SV):                     NaN
  0.400577041862098       0.451024997280201                          NaN
 AverageSize (S/Void/Loop/SV):                     NaN   27.7595789756869     
   15.8999516674722                          NaN
 ConcenPointDefects (V/SIA):  5.363325000000000E-007  0.000000000000000E+000
 PercentVRetained  0.202726383955976      PercentVAnnihilated
  0.738923002686312     
 
 
 computation time   37835.30    
 total steps    92407662
 Released all fine mesh defects
