 *******************************************************************************
 **************
 time  2.031145082518998E-002 DPA  7.289003940000001E-007 steps           1 
 AverageTimeStep  2.031145082518998E-002
 Cascades          24 computationTime   9462.986    
 Fraction null steps  0.000000000000000E+000
 defects (Cu, V, SIA_m, SIA_im, num)
           0           0           1           0         837
           0           0           2           0         156
           0           0           3           0          58
           0           0           4           0           6
           0           0           7           0           6
           0           0           9           0           3
           0           1           0           0        1293
           0           2           0           0          28
           0           3           0           0          15
           0           4           0           0           4
 numCluster (S/Void/Loop/SV):           0          47           0           0
 NumberDensity (m-3) (S/Void/Loop/SV):  0.000000000000000E+000
  1.958333333333334E+021  0.000000000000000E+000  0.000000000000000E+000
 Concentration (S/Void/Loop/SV):  0.000000000000000E+000  2.314750000000000E-008
  0.000000000000000E+000  0.000000000000000E+000
 AverageRadius (nm) (S/Void/Loop/SV):                     NaN
  0.190202151631889                          NaN                     NaN
 AverageSize (S/Void/Loop/SV):                     NaN   2.48936170212766     
                     NaN                     NaN
 ConcenPointDefects (V/SIA):  6.368025000000001E-007  4.122225000000000E-007
 PercentVRetained  0.952702187728547      PercentVAnnihilated
  0.000000000000000E+000
 
 
 *******************************************************************************
 **************
 time  2.031145188906279E-002 DPA  7.289003940000001E-007 steps           2 
 AverageTimeStep  1.015572594453139E-002
 Cascades          24 computationTime   9462.988    
 Fraction null steps  0.000000000000000E+000
 defects (Cu, V, SIA_m, SIA_im, num)
           0           0           1           0         823
           0           0           2           0         159
           0           0           3           0          59
           0           0           4           0           6
           0           0           7           0           6
           0           0           9           0           3
           0           1           0           0        1288
           0           2           0           0          28
           0           3           0           0          15
           0           4           0           0           4
 numCluster (S/Void/Loop/SV):           0          47           0           0
 NumberDensity (m-3) (S/Void/Loop/SV):  0.000000000000000E+000
  1.958333333333334E+021  0.000000000000000E+000  0.000000000000000E+000
 Concentration (S/Void/Loop/SV):  0.000000000000000E+000  2.314750000000000E-008
  0.000000000000000E+000  0.000000000000000E+000
 AverageRadius (nm) (S/Void/Loop/SV):                     NaN
  0.190202151631889                          NaN                     NaN
 AverageSize (S/Void/Loop/SV):                     NaN   2.48936170212766     
                     NaN                     NaN
 ConcenPointDefects (V/SIA):  6.343400000000001E-007  4.053275000000000E-007
 PercentVRetained  0.949323811176318      PercentVAnnihilated
  3.378376552228890E-003
 
 
 *******************************************************************************
 **************
 time  2.031145385065769E-002 DPA  7.289003940000001E-007 steps           3 
 AverageTimeStep  6.770484616885896E-003
 Cascades          24 computationTime   9462.988    
 Fraction null steps  0.333333333333333     
 defects (Cu, V, SIA_m, SIA_im, num)
           0           0           1           0         801
           0           0           2           0         165
           0           0           3           0          60
           0           0           4           0           6
           0           0           7           0           6
           0           0           9           0           3
           0           1           0           0        1282
           0           2           0           0          28
           0           3           0           0          15
           0           4           0           0           4
 numCluster (S/Void/Loop/SV):           0          47           0           0
 NumberDensity (m-3) (S/Void/Loop/SV):  0.000000000000000E+000
  1.958333333333334E+021  0.000000000000000E+000  0.000000000000000E+000
 Concentration (S/Void/Loop/SV):  0.000000000000000E+000  2.314750000000000E-008
  0.000000000000000E+000  0.000000000000000E+000
 AverageRadius (nm) (S/Void/Loop/SV):                     NaN
  0.190202151631889                          NaN                     NaN
 AverageSize (S/Void/Loop/SV):                     NaN   2.48936170212766     
                     NaN                     NaN
 ConcenPointDefects (V/SIA):  6.313850000000000E-007  3.944925000000000E-007
 PercentVRetained  0.945269759313644      PercentVAnnihilated
  7.432428414903559E-003
 
 
 *******************************************************************************
 **************
 time  2.031145431236079E-002 DPA  7.289003940000001E-007 steps           4 
 AverageTimeStep  5.077863578090198E-003
 Cascades          24 computationTime   9462.990    
 Fraction null steps  0.500000000000000     
 defects (Cu, V, SIA_m, SIA_im, num)
           0           0           1           0         785
           0           0           2           0         170
           0           0           3           0          60
           0           0           4           0           6
           0           0           7           0           6
           0           0           9           0           3
           0           1           0           0        1277
           0           2           0           0          29
           0           3           0           0          14
           0           4           0           0           4
 numCluster (S/Void/Loop/SV):           0          47           0           0
 NumberDensity (m-3) (S/Void/Loop/SV):  0.000000000000000E+000
  1.958333333333334E+021  0.000000000000000E+000  0.000000000000000E+000
 Concentration (S/Void/Loop/SV):  0.000000000000000E+000  2.314750000000000E-008
  0.000000000000000E+000  0.000000000000000E+000
 AverageRadius (nm) (S/Void/Loop/SV):                     NaN
  0.189653959195847                          NaN                     NaN
 AverageSize (S/Void/Loop/SV):                     NaN   2.46808510638298     
                     NaN                     NaN
 ConcenPointDefects (V/SIA):  6.289225000000000E-007  3.866125000000000E-007
 PercentVRetained  0.941215707450969      PercentVAnnihilated
  1.148648027757823E-002
 
 
 *******************************************************************************
 **************
 time  2.031145455023892E-002 DPA  7.289003940000001E-007 steps           5 
 AverageTimeStep  4.062290910047785E-003
 Cascades          24 computationTime   9462.990    
 Fraction null steps  0.600000000000000     
 defects (Cu, V, SIA_m, SIA_im, num)
           0           0           1           0         768
           0           0           2           0         176
           0           0           3           0          59
           0           0           4           0           7
           0           0           7           0           6
           0           0           9           0           3
           0           1           0           0        1275
           0           2           0           0          28
           0           3           0           0          14
           0           4           0           0           4
 numCluster (S/Void/Loop/SV):           0          46           0           0
 NumberDensity (m-3) (S/Void/Loop/SV):  0.000000000000000E+000
  1.916666666666667E+021  0.000000000000000E+000  0.000000000000000E+000
 Concentration (S/Void/Loop/SV):  0.000000000000000E+000  2.265500000000000E-008
  0.000000000000000E+000  0.000000000000000E+000
 AverageRadius (nm) (S/Void/Loop/SV):                     NaN
  0.189906418430501                          NaN                     NaN
 AverageSize (S/Void/Loop/SV):                     NaN   2.47826086956522     
                     NaN                     NaN
 ConcenPointDefects (V/SIA):  6.279375000000000E-007  3.782400000000000E-007
 PercentVRetained  0.938513006209186      PercentVAnnihilated
  1.418918151936134E-002
 
 
 *******************************************************************************
 **************
 time  2.031145599642617E-002 DPA  7.289003940000001E-007 steps           6 
 AverageTimeStep  3.385242666071028E-003
 Cascades          24 computationTime   9462.991    
 Fraction null steps  0.666666666666667     
 defects (Cu, V, SIA_m, SIA_im, num)
           0           0           1           0         759
           0           0           2           0         178
           0           0           3           0          60
           0           0           4           0           7
           0           0           7           0           6
           0           0           9           0           3
           0           1           0           0        1273
           0           2           0           0          28
           0           3           0           0          14
           0           4           0           0           4
 numCluster (S/Void/Loop/SV):           0          46           0           0
 NumberDensity (m-3) (S/Void/Loop/SV):  0.000000000000000E+000
  1.916666666666667E+021  0.000000000000000E+000  0.000000000000000E+000
 Concentration (S/Void/Loop/SV):  0.000000000000000E+000  2.265500000000000E-008
  0.000000000000000E+000  0.000000000000000E+000
 AverageRadius (nm) (S/Void/Loop/SV):                     NaN
  0.189906418430501                          NaN                     NaN
 AverageSize (S/Void/Loop/SV):                     NaN   2.47826086956522     
                     NaN                     NaN
 ConcenPointDefects (V/SIA):  6.269525000000001E-007  3.738075000000001E-007
 PercentVRetained  0.937161655588294      PercentVAnnihilated
  1.554053214025290E-002
 
 
 *******************************************************************************
 **************
 time  2.031145633038678E-002 DPA  7.289003940000001E-007 steps           7 
 AverageTimeStep  2.901636618626682E-003
 Cascades          24 computationTime   9462.992    
 Fraction null steps  0.714285714285714     
 defects (Cu, V, SIA_m, SIA_im, num)
           0           0           1           0         745
           0           0           2           0         184
           0           0           3           0          60
           0           0           4           0           7
           0           0           7           0           6
           0           0           9           0           3
           0           1           0           0        1271
           0           2           0           0          28
           0           3           0           0          14
           0           4           0           0           4
 numCluster (S/Void/Loop/SV):           0          46           0           0
 NumberDensity (m-3) (S/Void/Loop/SV):  0.000000000000000E+000
  1.916666666666667E+021  0.000000000000000E+000  0.000000000000000E+000
 Concentration (S/Void/Loop/SV):  0.000000000000000E+000  2.265500000000000E-008
  0.000000000000000E+000  0.000000000000000E+000
 AverageRadius (nm) (S/Void/Loop/SV):                     NaN
  0.189906418430501                          NaN                     NaN
 AverageSize (S/Void/Loop/SV):                     NaN   2.47826086956522     
                     NaN                     NaN
 ConcenPointDefects (V/SIA):  6.259675000000000E-007  3.669125000000000E-007
 PercentVRetained  0.935810304967403      PercentVAnnihilated
  1.689188276114445E-002
 
 
 *******************************************************************************
 **************
 time  2.031145986044906E-002 DPA  7.289003940000001E-007 steps           8 
 AverageTimeStep  2.538932482556132E-003
 Cascades          24 computationTime   9462.995    
 Fraction null steps  0.625000000000000     
 defects (Cu, V, SIA_m, SIA_im, num)
           0           0           1           0         726
           0           0           2           0         188
           0           0           3           0          62
           0           0           4           0           7
           0           0           7           0           6
           0           0           9           0           3
           0           1           0           0        1266
           0           2           0           0          28
           0           3           0           0          14
           0           4           0           0           4
 numCluster (S/Void/Loop/SV):           0          46           0           0
 NumberDensity (m-3) (S/Void/Loop/SV):  0.000000000000000E+000
  1.916666666666667E+021  0.000000000000000E+000  0.000000000000000E+000
 Concentration (S/Void/Loop/SV):  0.000000000000000E+000  2.265500000000000E-008
  0.000000000000000E+000  0.000000000000000E+000
 AverageRadius (nm) (S/Void/Loop/SV):                     NaN
  0.189906418430501                          NaN                     NaN
 AverageSize (S/Void/Loop/SV):                     NaN   2.47826086956522     
                     NaN                     NaN
 ConcenPointDefects (V/SIA):  6.235050000000001E-007  3.575550000000000E-007
 PercentVRetained  0.932431928415174      PercentVAnnihilated
  2.027025931337334E-002
 
 
 *******************************************************************************
 **************
 time  2.031146032557753E-002 DPA  7.289003940000001E-007 steps           9 
 AverageTimeStep  2.256828925064170E-003
 Cascades          24 computationTime   9462.995    
 Fraction null steps  0.666666666666667     
 defects (Cu, V, SIA_m, SIA_im, num)
           0           0           1           0         712
           0           0           2           0         192
           0           0           3           0          63
           0           0           4           0           7
           0           0           7           0           6
           0           0           9           0           3
           0           1           0           0        1263
           0           2           0           0          28
           0           3           0           0          14
           0           4           0           0           4
 numCluster (S/Void/Loop/SV):           0          46           0           0
 NumberDensity (m-3) (S/Void/Loop/SV):  0.000000000000000E+000
  1.916666666666667E+021  0.000000000000000E+000  0.000000000000000E+000
 Concentration (S/Void/Loop/SV):  0.000000000000000E+000  2.265500000000000E-008
  0.000000000000000E+000  0.000000000000000E+000
 AverageRadius (nm) (S/Void/Loop/SV):                     NaN
  0.189906418430501                          NaN                     NaN
 AverageSize (S/Void/Loop/SV):                     NaN   2.47826086956522     
                     NaN                     NaN
 ConcenPointDefects (V/SIA):  6.220275000000001E-007  3.506600000000000E-007
 PercentVRetained  0.930404902483836      PercentVAnnihilated
  2.229728524471068E-002
 
 
 *******************************************************************************
 **************
 time  2.560007310620244E-002 DPA  1.366688238750000E-006 steps       16457 
 AverageTimeStep  1.555573501014914E-006
 Cascades          45 computationTime   9464.222    
 Fraction null steps  0.852099410585161     
 defects (Cu, V, SIA_m, SIA_im, num)
           0           0           0           5           8
           0           0           0           6           6
           0           0           0           7           4
           0           0           0           8           3
           0           0           0           9           2
           0           0           1           0           3
           0           0           2           0           8
           0           0           3           0           5
           0           0           4           0           2
           0           1           0           0         620
           0           2           0           0         124
           0           4           0           0          19
           0           5           0           0          39
           0           6           0           0           8
           0           7           0           0           7
           0           8           0           0           3
           0           9           0           0           2
           0          11           0           0           1
 numCluster (S/Void/Loop/SV):           0         203           0           0
 NumberDensity (m-3) (S/Void/Loop/SV):  0.000000000000000E+000
  8.458333333333334E+021  0.000000000000000E+000  0.000000000000000E+000
 Concentration (S/Void/Loop/SV):  0.000000000000000E+000  9.997750000000001E-008
  0.000000000000000E+000  0.000000000000000E+000
 AverageRadius (nm) (S/Void/Loop/SV):                     NaN
  0.204233891490856                          NaN                     NaN
 AverageSize (S/Void/Loop/SV):                     NaN   3.29556650246305     
                     NaN                     NaN
 ConcenPointDefects (V/SIA):  3.053500000000000E-007  1.477500000000000E-009
 PercentVRetained  0.464504253421124      PercentVAnnihilated
  0.476396138884970     
 
 
 *******************************************************************************
 **************
 time  5.120018770585587E-002 DPA  4.069693866500001E-006 steps       70274 
 AverageTimeStep  7.285793850621263E-007
 Cascades         134 computationTime   9468.119    
 Fraction null steps  0.894313686427413     
 defects (Cu, V, SIA_m, SIA_im, num)
           0           0           0           5          21
           0           0           0           6          20
           0           0           0           7           9
           0           0           0           8           8
           0           0           0           9           5
           0           0           0          10           1
           0           0           2           0          10
           0           0           3           0           8
           0           0           4           0           3
           0           1           0           0        1214
           0           2           0           0         295
           0           4           0           0          14
           0           5           0           0         107
           0           6           0           0          34
           0           7           0           0          26
           0           8           0           0          21
           0           9           0           0          20
           0          10           0           0           5
           0          11           0           0           4
           0          12           0           0           3
 numCluster (S/Void/Loop/SV):           0         529           0           0
 NumberDensity (m-3) (S/Void/Loop/SV):  0.000000000000000E+000
  2.204166666666667E+022  0.000000000000000E+000  0.000000000000000E+000
 Concentration (S/Void/Loop/SV):  0.000000000000000E+000  2.605325000000000E-007
  0.000000000000000E+000  0.000000000000000E+000
 AverageRadius (nm) (S/Void/Loop/SV):                     NaN
  0.213308742016065                          NaN                     NaN
 AverageSize (S/Void/Loop/SV):                     NaN   3.86578449905482     
                     NaN                     NaN
 ConcenPointDefects (V/SIA):  5.978950000000000E-007  0.000000000000000E+000
 PercentVRetained  0.394392687177813      PercentVAnnihilated
  0.516135259531566     
 
 
 *******************************************************************************
 **************
 time  0.102400633700791      DPA  9.870526168750001E-006 steps      178580 
 AverageTimeStep  5.734160247552403E-007
 Cascades         325 computationTime   9476.036    
 Fraction null steps  0.913388957330048     
 defects (Cu, V, SIA_m, SIA_im, num)
           0           0           0           5          46
           0           0           0           6          35
           0           0           0           7          17
           0           0           0           8           8
           0           0           0           9           7
           0           0           0          10           1
           0           0           0          12           1
           0           0           0          13           2
           0           0           2           0           2
           0           0           3           0           3
           0           0           4           0           2
           0           1           0           0        2272
           0           2           0           0         499
           0           3           0           0           2
           0           4           0           0          21
           0           5           0           0         297
           0           6           0           0          92
           0           7           0           0          66
           0           8           0           0          48
           0           9           0           0          31
           0          10           0           0          22
           0          11           0           0          20
           0          12           0           0          12
           0          13           0           0           4
           0          14           0           0           2
           0          15           0           0           1
           0          17           0           0           1
 numCluster (S/Void/Loop/SV):           0        1118           3           0
 NumberDensity (m-3) (S/Void/Loop/SV):  0.000000000000000E+000
  4.658333333333333E+022  1.250000000000000E+020  0.000000000000000E+000
 Concentration (S/Void/Loop/SV):  0.000000000000000E+000  5.506150000000001E-007
  1.477500000000000E-009  0.000000000000000E+000
 AverageRadius (nm) (S/Void/Loop/SV):                     NaN
  0.223128457987056       0.407425107313723                          NaN
 AverageSize (S/Void/Loop/SV):                     NaN   4.42397137745975     
   12.6666666666667                          NaN
 ConcenPointDefects (V/SIA):  1.118960000000000E-006  0.000000000000000E+000
 PercentVRetained  0.360149493474286      PercentVAnnihilated
  0.541820912945037     
 
 
 *******************************************************************************
 **************
 time  0.204801665266771      DPA  1.870844344600000E-005 steps      342706 
 AverageTimeStep  5.976016330813319E-007
 Cascades         616 computationTime   9488.147    
 Fraction null steps  0.916199307861549     
 defects (Cu, V, SIA_m, SIA_im, num)
           0           0           0           5          64
           0           0           0           6          53
           0           0           0           7          40
           0           0           0           8          16
           0           0           0           9           8
           0           0           0          10           7
           0           0           0          11           2
           0           0           0          12           1
           0           0           0          13           1
           0           0           0          14           1
           0           0           0          15           1
           0           0           1           0           2
           0           0           2           0           6
           0           0           3           0           2
           0           0           4           0           1
           0           1           0           0        3532
           0           2           0           0         485
           0           4           0           0          14
           0           5           0           0         511
           0           6           0           0         196
           0           7           0           0         123
           0           8           0           0         100
           0           9           0           0          90
           0          10           0           0          55
           0          11           0           0          50
           0          12           0           0          10
           0          13           0           0          16
           0          14           0           0           6
           0          15           0           0           6
           0          16           0           0           2
           0          17           0           0           7
           0          19           0           0           2
 numCluster (S/Void/Loop/SV):           0        1673           6           0
 NumberDensity (m-3) (S/Void/Loop/SV):  0.000000000000000E+000
  6.970833333333334E+022  2.500000000000000E+020  0.000000000000000E+000
 Concentration (S/Void/Loop/SV):  0.000000000000000E+000  8.239525000000001E-007
  2.955000000000000E-009  0.000000000000000E+000
 AverageRadius (nm) (S/Void/Loop/SV):                     NaN
  0.239340203418641       0.406797949367711                          NaN
 AverageSize (S/Void/Loop/SV):                     NaN   5.39091452480574     
   12.6666666666667                          NaN
 ConcenPointDefects (V/SIA):  1.739510000000000E-006  9.850000000000000E-010
 PercentVRetained  0.330405226807986      PercentVAnnihilated
  0.567672560822835     
 
 
 *******************************************************************************
 **************
 time  0.409600070510187      DPA  3.896580022925001E-005 steps      687361 
 AverageTimeStep  5.959024013730593E-007
 Cascades        1283 computationTime   9514.055    
 Fraction null steps  0.920944016317481     
 defects (Cu, V, SIA_m, SIA_im, num)
           0           0           0           5         101
           0           0           0           6          86
           0           0           0           7          64
           0           0           0           8          39
           0           0           0           9          26
           0           0           0          10          16
           0           0           0          11           5
           0           0           0          12           2
           0           0           0          13           1
           0           0           0          14           3
           0           0           0          16           1
           0           0           0          17           1
           0           0           2           0           1
           0           0           3           0           4
           0           0           4           0           2
           0           1           0           0        5581
           0           2           0           0         559
           0           3           0           0           1
           0           4           0           0          12
           0           5           0           0         933
           0           6           0           0         369
           0           7           0           0         258
           0           8           0           0         234
           0           9           0           0         212
           0          10           0           0         121
           0          11           0           0          86
           0          12           0           0          60
           0          13           0           0          39
           0          14           0           0          29
           0          15           0           0          11
           0          16           0           0          17
           0          17           0           0           9
           0          18           0           0           7
           0          19           0           0           4
           0          20           0           0           1
           0          21           0           0           1
           0          23           0           0           1
 numCluster (S/Void/Loop/SV):           0        2964          13           0
 NumberDensity (m-3) (S/Void/Loop/SV):  0.000000000000000E+000
  1.235000000000000E+023  5.416666666666666E+020  0.000000000000000E+000
 Concentration (S/Void/Loop/SV):  0.000000000000000E+000  1.459770000000000E-006
  6.402500000000000E-009  0.000000000000000E+000
 AverageRadius (nm) (S/Void/Loop/SV):                     NaN
  0.251469877590363       0.409237133281150                          NaN
 AverageSize (S/Void/Loop/SV):                     NaN   6.16700404858300     
   12.8461538461538                          NaN
 ConcenPointDefects (V/SIA):  2.748642500000000E-006  0.000000000000000E+000
 PercentVRetained  0.301573429285791      PercentVAnnihilated
  0.594248799300116     
 
 
 *******************************************************************************
 **************
 time  0.819212476977671      DPA  8.020941418975001E-005 steps     1355721 
 AverageTimeStep  6.042633233369336E-007
 Cascades        2641 computationTime   9565.330    
 Fraction null steps  0.927872327713445     
 defects (Cu, V, SIA_m, SIA_im, num)
           0           0           0           5         174
           0           0           0           6         142
           0           0           0           7         112
           0           0           0           8          70
           0           0           0           9          39
           0           0           0          10          35
           0           0           0          11          13
           0           0           0          12          10
           0           0           0          13           8
           0           0           0          14           2
           0           0           0          15           7
           0           0           0          16           3
           0           0           0          20           1
           0           0           2           0           3
           0           1           0           0        7199
           0           2           0           0         608
           0           4           0           0          12
           0           5           0           0        1371
           0           6           0           0         656
           0           7           0           0         495
           0           8           0           0         479
           0           9           0           0         466
           0          10           0           0         307
           0          11           0           0         217
           0          12           0           0         166
           0          13           0           0         137
           0          14           0           0         105
           0          15           0           0          65
           0          16           0           0          52
           0          17           0           0          47
           0          18           0           0          16
           0          19           0           0          17
           0          20           0           0          15
           0          21           0           0           4
           0          22           0           0           6
           0          23           0           0           7
           0          24           0           0           4
           0          25           0           0           2
           0          26           0           0           1
           0          28           0           0           1
 numCluster (S/Void/Loop/SV):           0        5256          44           0
 NumberDensity (m-3) (S/Void/Loop/SV):  0.000000000000000E+000
  2.190000000000000E+023  1.833333333333333E+021  0.000000000000000E+000
 Concentration (S/Void/Loop/SV):  0.000000000000000E+000  2.588580000000000E-006
  2.167000000000000E-008  0.000000000000000E+000
 AverageRadius (nm) (S/Void/Loop/SV):                     NaN
  0.266337658963711       0.410282896507609                          NaN
 AverageSize (S/Void/Loop/SV):                     NaN   7.29452054794521     
   12.9090909090909                          NaN
 ConcenPointDefects (V/SIA):  3.545507500000000E-006  0.000000000000000E+000
 PercentVRetained  0.279617520294346      PercentVAnnihilated
  0.621772743309390     
 
 
 *******************************************************************************
 **************
 time   1.63841784945241      DPA  1.617247749187500E-004 steps     2564890 
 AverageTimeStep  6.387867898632723E-007
 Cascades        5325 computationTime   9660.145    
 Fraction null steps  0.930264455785628     
 defects (Cu, V, SIA_m, SIA_im, num)
           0           0           0           5         255
           0           0           0           6         224
           0           0           0           7         169
           0           0           0           8         122
           0           0           0           9          77
           0           0           0          10          55
           0           0           0          11          45
           0           0           0          12          26
           0           0           0          13          10
           0           0           0          14           8
           0           0           0          15           3
           0           0           0          16          10
           0           0           0          17           2
           0           0           0          18           2
           0           0           0          19           3
           0           0           0          20           1
           0           0           2           0           1
           0           0           3           0           3
           0           1           0           0        7658
           0           2           0           0         493
           0           4           0           0           9
           0           5           0           0        1637
           0           6           0           0        1038
           0           7           0           0         802
           0           8           0           0         801
           0           9           0           0         790
           0          10           0           0         626
           0          11           0           0         555
           0          12           0           0         422
           0          13           0           0         361
           0          14           0           0         262
           0          15           0           0         219
           0          16           0           0         191
           0          17           0           0         148
           0          18           0           0         108
           0          19           0           0          84
           0          20           0           0          54
           0          21           0           0          44
           0          22           0           0          35
           0          23           0           0          33
           0          24           0           0          24
           0          25           0           0          10
           0          26           0           0          11
           0          27           0           0           9
           0          28           0           0           9
           0          29           0           0           3
           0          30           0           0           3
           0          31           0           0           1
           0          32           0           0           3
           0          33           0           0           4
           0          34           0           0           1
 numCluster (S/Void/Loop/SV):           0        8790         110           0
 NumberDensity (m-3) (S/Void/Loop/SV):  0.000000000000000E+000
  3.662500000000000E+023  4.583333333333334E+021  0.000000000000000E+000
 Concentration (S/Void/Loop/SV):  0.000000000000000E+000  4.329075000000000E-006
  5.417500000000000E-008  0.000000000000000E+000
 AverageRadius (nm) (S/Void/Loop/SV):                     NaN
  0.285055436622760       0.407194710976894                          NaN
 AverageSize (S/Void/Loop/SV):                     NaN   8.91513083048919     
   12.7363636363636                          NaN
 ConcenPointDefects (V/SIA):  3.771565000000000E-006  0.000000000000000E+000
 PercentVRetained  0.261962553488075      PercentVAnnihilated
  0.649199496816412     
 
 
 *******************************************************************************
 **************
 time   3.27680069583166      DPA  3.235406623867500E-004 steps     4761859 
 AverageTimeStep  6.881347590996834E-007
 Cascades       10653 computationTime   9836.175    
 Fraction null steps  0.933083066928273     
 defects (Cu, V, SIA_m, SIA_im, num)
           0           0           0           5         375
           0           0           0           6         329
           0           0           0           7         235
           0           0           0           8         169
           0           0           0           9         129
           0           0           0          10          87
           0           0           0          11          62
           0           0           0          12          53
           0           0           0          13          29
           0           0           0          14          21
           0           0           0          15          17
           0           0           0          16           8
           0           0           0          17           6
           0           0           0          18           1
           0           0           0          19           5
           0           0           0          20           4
           0           0           0          21           1
           0           0           0          22           1
           0           0           0          24           2
           0           0           0          25           1
           0           0           0          27           1
           0           0           0          28           1
           0           0           0          30           1
           0           0           1           0           2
           0           0           3           0           1
           0           1           0           0        6582
           0           2           0           0         456
           0           4           0           0           5
           0           5           0           0        1788
           0           6           0           0        1382
           0           7           0           0        1207
           0           8           0           0        1267
           0           9           0           0        1193
           0          10           0           0        1063
           0          11           0           0         890
           0          12           0           0         769
           0          13           0           0         733
           0          14           0           0         641
           0          15           0           0         546
           0          16           0           0         445
           0          17           0           0         405
           0          18           0           0         334
           0          19           0           0         258
           0          20           0           0         237
           0          21           0           0         186
           0          22           0           0         160
           0          23           0           0         140
           0          24           0           0         107
           0          25           0           0          69
           0          26           0           0          88
           0          27           0           0          73
           0          28           0           0          46
           0          29           0           0          35
           0          30           0           0          29
           0          31           0           0          22
           0          32           0           0          17
           0          33           0           0          12
           0          34           0           0           9
           0          35           0           0          12
           0          36           0           0           3
           0          37           0           0           4
           0          38           0           0           3
           0          39           0           0           1
           0          40           0           0           4
           0          41           0           0           3
           0          42           0           0           1
           0          43           0           0           1
           0          44           0           0           1
           0          45           0           0           1
 numCluster (S/Void/Loop/SV):           0       14646         214           0
 NumberDensity (m-3) (S/Void/Loop/SV):  0.000000000000000E+000
  6.102500000000000E+023  8.916666666666668E+021  0.000000000000000E+000
 Concentration (S/Void/Loop/SV):  0.000000000000000E+000  7.213155000000000E-006
  1.053950000000000E-007  0.000000000000000E+000
 AverageRadius (nm) (S/Void/Loop/SV):                     NaN
  0.303755099166644       0.416738329772959                          NaN
 AverageSize (S/Void/Loop/SV):                     NaN   10.8610542127543     
   13.4018691588785                          NaN
 ConcenPointDefects (V/SIA):  3.241635000000000E-006  9.850000000000000E-010
 PercentVRetained  0.252160275305603      PercentVAnnihilated
  0.672953581456587     
 
 
 *******************************************************************************
 **************
 time   6.55362345235423      DPA  6.498450721007501E-004 steps     8796692 
 AverageTimeStep  7.450099937970123E-007
 Cascades       21397 computationTime   10168.55    
 Fraction null steps  0.935233494590921     
 defects (Cu, V, SIA_m, SIA_im, num)
           0           0           0           5         534
           0           0           0           6         446
           0           0           0           7         377
           0           0           0           8         258
           0           0           0           9         230
           0           0           0          10         144
           0           0           0          11         129
           0           0           0          12          82
           0           0           0          13          70
           0           0           0          14          30
           0           0           0          15          27
           0           0           0          16          18
           0           0           0          17          13
           0           0           0          18          18
           0           0           0          19          10
           0           0           0          20           5
           0           0           0          21           7
           0           0           0          22           7
           0           0           0          23           6
           0           0           0          24           2
           0           0           0          25           2
           0           0           0          30           1
           0           0           0          35           1
           0           0           0          36           1
           0           1           0           0        5077
           0           2           0           0         336
           0           3           0           0           1
           0           4           0           0           2
           0           5           0           0        2014
           0           6           0           0        1794
           0           7           0           0        1876
           0           8           0           0        1795
           0           9           0           0        1738
           0          10           0           0        1577
           0          11           0           0        1465
           0          12           0           0        1286
           0          13           0           0        1204
           0          14           0           0        1090
           0          15           0           0         951
           0          16           0           0         946
           0          17           0           0         818
           0          18           0           0         673
           0          19           0           0         615
           0          20           0           0         574
           0          21           0           0         474
           0          22           0           0         414
           0          23           0           0         368
           0          24           0           0         346
           0          25           0           0         292
           0          26           0           0         281
           0          27           0           0         236
           0          28           0           0         179
           0          29           0           0         158
           0          30           0           0         127
           0          31           0           0         130
           0          32           0           0          92
           0          33           0           0          98
           0          34           0           0          80
           0          35           0           0          73
           0          36           0           0          34
           0          37           0           0          37
           0          38           0           0          35
           0          39           0           0          27
           0          40           0           0          24
           0          41           0           0          23
           0          42           0           0          19
           0          43           0           0          15
           0          44           0           0          14
           0          45           0           0           6
           0          46           0           0          10
           0          47           0           0           5
           0          48           0           0           2
           0          49           0           0           5
           0          50           0           0           2
           0          51           0           0           2
           0          52           0           0           3
           0          54           0           0           3
           0          55           0           0           1
           0          58           0           0           1
           0          59           0           0           1
           0          65           0           0           1
           0          75           0           0           1
           0          80           0           0           1
 numCluster (S/Void/Loop/SV):           0       24375         429           0
 NumberDensity (m-3) (S/Void/Loop/SV):  0.000000000000000E+000
  1.015625000000000E+024  1.787500000000000E+022  0.000000000000000E+000
 Concentration (S/Void/Loop/SV):  0.000000000000000E+000  1.200468750000000E-005
  2.112825000000000E-007  0.000000000000000E+000
 AverageRadius (nm) (S/Void/Loop/SV):                     NaN
  0.322092407600445       0.421663892899724                          NaN
 AverageSize (S/Void/Loop/SV):                     NaN   13.0591589743590     
   13.7505827505828                          NaN
 ConcenPointDefects (V/SIA):  2.500422500000000E-006  0.000000000000000E+000
 PercentVRetained  0.245091563878639      PercentVAnnihilated
  0.691692449935686     
 
 
 *******************************************************************************
 **************
 time   13.1072389384994      DPA  1.302241295580500E-003 steps    16126993 
 AverageTimeStep  8.127515736194202E-007
 Cascades       42878 computationTime   10798.02    
 Fraction null steps  0.938506081077855     
 defects (Cu, V, SIA_m, SIA_im, num)
           0           0           0           5         806
           0           0           0           6         717
           0           0           0           7         554
           0           0           0           8         438
           0           0           0           9         342
           0           0           0          10         240
           0           0           0          11         214
           0           0           0          12         147
           0           0           0          13         117
           0           0           0          14          68
           0           0           0          15          63
           0           0           0          16          55
           0           0           0          17          39
           0           0           0          18          23
           0           0           0          19          17
           0           0           0          20          16
           0           0           0          21          13
           0           0           0          22          12
           0           0           0          23           4
           0           0           0          24           1
           0           0           0          25           2
           0           0           0          26           8
           0           0           0          27           2
           0           0           0          28           3
           0           0           0          29           2
           0           0           0          31           1
           0           0           0          33           1
           0           0           0          37           1
           0           0           0          41           1
           0           1           0           0        3432
           0           2           0           0         282
           0           4           0           0           2
           0           5           0           0        2692
           0           6           0           0        2717
           0           7           0           0        2661
           0           8           0           0        2561
           0           9           0           0        2461
           0          10           0           0        2297
           0          11           0           0        2114
           0          12           0           0        1989
           0          13           0           0        1863
           0          14           0           0        1669
           0          15           0           0        1558
           0          16           0           0        1495
           0          17           0           0        1346
           0          18           0           0        1255
           0          19           0           0        1100
           0          20           0           0        1035
           0          21           0           0         982
           0          22           0           0         926
           0          23           0           0         840
           0          24           0           0         730
           0          25           0           0         677
           0          26           0           0         567
           0          27           0           0         552
           0          28           0           0         491
           0          29           0           0         435
           0          30           0           0         403
           0          31           0           0         374
           0          32           0           0         298
           0          33           0           0         314
           0          34           0           0         277
           0          35           0           0         257
           0          36           0           0         202
           0          37           0           0         192
           0          38           0           0         169
           0          39           0           0         153
           0          40           0           0         141
           0          41           0           0         128
           0          42           0           0          94
           0          43           0           0          96
           0          44           0           0          64
           0          45           0           0          79
           0          46           0           0          67
           0          47           0           0          46
           0          48           0           0          49
           0          49           0           0          28
           0          50           0           0          34
           0          51           0           0          25
           0          52           0           0          22
           0          53           0           0          22
           0          54           0           0          13
           0          55           0           0          21
           0          56           0           0          17
           0          57           0           0          13
           0          58           0           0           9
           0          59           0           0           7
           0          60           0           0           8
           0          61           0           0           4
           0          62           0           0           2
           0          63           0           0           6
           0          64           0           0           2
           0          65           0           0           3
           0          66           0           0           2
           0          70           0           0           3
           0          71           0           0           2
           0          73           0           0           2
           0          74           0           0           1
           0          75           0           0           2
           0          78           0           0           1
           0          83           0           0           1
           0          87           0           0           1
 numCluster (S/Void/Loop/SV):           0       40951         810           0
 NumberDensity (m-3) (S/Void/Loop/SV):  0.000000000000000E+000
  1.706291666666667E+024  3.375000000000000E+022  0.000000000000000E+000
 Concentration (S/Void/Loop/SV):  0.000000000000000E+000  2.016836750000000E-005
  3.989250000000000E-007  0.000000000000000E+000
 AverageRadius (nm) (S/Void/Loop/SV):                     NaN
  0.338260318324965       0.426163162014606                          NaN
 AverageSize (S/Void/Loop/SV):                     NaN   15.3815291445874     
   14.0555555555556                          NaN
 ConcenPointDefects (V/SIA):  1.690260000000000E-006  0.000000000000000E+000
 PercentVRetained  0.239518277878724      PercentVAnnihilated
  0.707631074692052     
 
 
 *******************************************************************************
 **************
 time   26.2144553449145      DPA  2.612470124645250E-003 steps    29364015 
 AverageTimeStep  8.927408375494445E-007
 Cascades       86019 computationTime   12013.06    
 Fraction null steps  0.941017432391313     
 defects (Cu, V, SIA_m, SIA_im, num)
           0           0           0           5        1246
           0           0           0           6        1124
           0           0           0           7         957
           0           0           0           8         688
           0           0           0           9         574
           0           0           0          10         441
           0           0           0          11         352
           0           0           0          12         231
           0           0           0          13         178
           0           0           0          14         151
           0           0           0          15         125
           0           0           0          16          93
           0           0           0          17          68
           0           0           0          18          56
           0           0           0          19          53
           0           0           0          20          31
           0           0           0          21          28
           0           0           0          22          20
           0           0           0          23          15
           0           0           0          24           4
           0           0           0          25          10
           0           0           0          26          11
           0           0           0          27           7
           0           0           0          28           4
           0           0           0          29           4
           0           0           0          30           1
           0           0           0          31           3
           0           0           0          33           3
           0           0           0          35           2
           0           0           0          40           1
           0           1           0           0        2269
           0           2           0           0         182
           0           4           0           0           1
           0           5           0           0        3856
           0           6           0           0        3767
           0           7           0           0        3645
           0           8           0           0        3654
           0           9           0           0        3516
           0          10           0           0        3354
           0          11           0           0        3110
           0          12           0           0        2875
           0          13           0           0        2732
           0          14           0           0        2595
           0          15           0           0        2440
           0          16           0           0        2265
           0          17           0           0        2184
           0          18           0           0        1959
           0          19           0           0        1888
           0          20           0           0        1723
           0          21           0           0        1666
           0          22           0           0        1566
           0          23           0           0        1452
           0          24           0           0        1291
           0          25           0           0        1271
           0          26           0           0        1140
           0          27           0           0        1098
           0          28           0           0        1013
           0          29           0           0         987
           0          30           0           0         834
           0          31           0           0         846
           0          32           0           0         744
           0          33           0           0         674
           0          34           0           0         640
           0          35           0           0         614
           0          36           0           0         535
           0          37           0           0         513
           0          38           0           0         480
           0          39           0           0         435
           0          40           0           0         361
           0          41           0           0         344
           0          42           0           0         337
           0          43           0           0         322
           0          44           0           0         275
           0          45           0           0         248
           0          46           0           0         245
           0          47           0           0         218
           0          48           0           0         170
           0          49           0           0         202
           0          50           0           0         174
           0          51           0           0         151
           0          52           0           0         150
           0          53           0           0         109
           0          54           0           0         101
           0          55           0           0          91
           0          56           0           0          87
           0          57           0           0          62
           0          58           0           0          68
           0          59           0           0          65
           0          60           0           0          71
           0          61           0           0          48
           0          62           0           0          40
           0          63           0           0          45
           0          64           0           0          38
           0          65           0           0          27
           0          66           0           0          23
           0          67           0           0          22
           0          68           0           0          23
           0          69           0           0          25
           0          70           0           0          22
           0          71           0           0          19
           0          72           0           0          17
           0          73           0           0          13
           0          74           0           0          12
           0          75           0           0           6
           0          76           0           0           9
           0          77           0           0           8
           0          78           0           0           7
           0          79           0           0           6
           0          80           0           0           5
           0          81           0           0           4
           0          82           0           0           3
           0          83           0           0           4
           0          84           0           0           3
           0          85           0           0           4
           0          86           0           0           1
           0          87           0           0           1
           0          88           0           0           2
           0          92           0           0           3
           0          93           0           0           2
           0          96           0           0           3
           0          97           0           0           3
           0          99           0           0           1
           0         100           0           0           2
           0         103           0           0           1
           0         108           0           0           1
 numCluster (S/Void/Loop/SV):           0       67849        1451           0
 NumberDensity (m-3) (S/Void/Loop/SV):  0.000000000000000E+000
  2.827041666666667E+024  6.045833333333333E+022  0.000000000000000E+000
 Concentration (S/Void/Loop/SV):  0.000000000000000E+000  3.341563250000000E-005
  7.146175000000000E-007  0.000000000000000E+000
 AverageRadius (nm) (S/Void/Loop/SV):                     NaN
  0.354736717300850       0.431991856179242                          NaN
 AverageSize (S/Void/Loop/SV):                     NaN   18.0642603428201     
   14.4589937973811                          NaN
 ConcenPointDefects (V/SIA):  1.117482500000000E-006  0.000000000000000E+000
 PercentVRetained  0.231484433752948      PercentVAnnihilated
  0.721070850621038     
 
 
 *******************************************************************************
 **************
 time   52.4288345544201      DPA  5.236875993242251E-003 steps    53209070 
 AverageTimeStep  9.853364201708494E-007
 Cascades      172431 computationTime   14434.91    
 Fraction null steps  0.942628709729375     
 defects (Cu, V, SIA_m, SIA_im, num)
           0           0           0           5        1763
           0           0           0           6        1617
           0           0           0           7        1348
           0           0           0           8         985
           0           0           0           9         860
           0           0           0          10         648
           0           0           0          11         552
           0           0           0          12         413
           0           0           0          13         320
           0           0           0          14         292
           0           0           0          15         239
           0           0           0          16         181
           0           0           0          17         112
           0           0           0          18         111
           0           0           0          19         102
           0           0           0          20          78
           0           0           0          21          43
           0           0           0          22          50
           0           0           0          23          32
           0           0           0          24          33
           0           0           0          25          24
           0           0           0          26          14
           0           0           0          27           8
           0           0           0          28           9
           0           0           0          29           6
           0           0           0          30          10
           0           0           0          31           3
           0           0           0          32           4
           0           0           0          33           6
           0           0           0          34           3
           0           0           0          35           5
           0           0           0          36           3
           0           0           0          37           1
           0           0           0          38           1
           0           0           0          39           1
           0           0           0          40           2
           0           0           0          41           2
           0           0           0          42           4
           0           0           0          43           1
           0           0           0          47           1
           0           0           0          48           1
           0           1           0           0        1233
           0           2           0           0          95
           0           5           0           0        5188
           0           6           0           0        5062
           0           7           0           0        4832
           0           8           0           0        4710
           0           9           0           0        4702
           0          10           0           0        4572
           0          11           0           0        4223
           0          12           0           0        4060
           0          13           0           0        3758
           0          14           0           0        3422
           0          15           0           0        3331
           0          16           0           0        3214
           0          17           0           0        2932
           0          18           0           0        2820
           0          19           0           0        2647
           0          20           0           0        2578
           0          21           0           0        2438
           0          22           0           0        2371
           0          23           0           0        2240
           0          24           0           0        2088
           0          25           0           0        1929
           0          26           0           0        1883
           0          27           0           0        1833
           0          28           0           0        1664
           0          29           0           0        1611
           0          30           0           0        1557
           0          31           0           0        1462
           0          32           0           0        1392
           0          33           0           0        1365
           0          34           0           0        1230
           0          35           0           0        1133
           0          36           0           0        1159
           0          37           0           0        1013
           0          38           0           0         996
           0          39           0           0         982
           0          40           0           0         846
           0          41           0           0         865
           0          42           0           0         811
           0          43           0           0         735
           0          44           0           0         685
           0          45           0           0         628
           0          46           0           0         607
           0          47           0           0         588
           0          48           0           0         561
           0          49           0           0         495
           0          50           0           0         488
           0          51           0           0         449
           0          52           0           0         425
           0          53           0           0         413
           0          54           0           0         379
           0          55           0           0         342
           0          56           0           0         350
           0          57           0           0         314
           0          58           0           0         290
           0          59           0           0         277
           0          60           0           0         225
           0          61           0           0         238
           0          62           0           0         212
           0          63           0           0         185
           0          64           0           0         185
           0          65           0           0         174
           0          66           0           0         156
           0          67           0           0         159
           0          68           0           0         137
           0          69           0           0         130
           0          70           0           0         147
           0          71           0           0         104
           0          72           0           0         122
           0          73           0           0         104
           0          74           0           0          67
           0          75           0           0          80
           0          76           0           0          68
           0          77           0           0          61
           0          78           0           0          54
           0          79           0           0          66
           0          80           0           0          62
           0          81           0           0          44
           0          82           0           0          55
           0          83           0           0          44
           0          84           0           0          39
           0          85           0           0          41
           0          86           0           0          28
           0          87           0           0          40
           0          88           0           0          27
           0          89           0           0          32
           0          90           0           0          21
           0          91           0           0          21
           0          92           0           0          21
           0          93           0           0          24
           0          94           0           0          16
           0          95           0           0          13
           0          96           0           0          17
           0          97           0           0          20
           0          98           0           0          14
           0          99           0           0          17
           0         100           0           0          16
           0         101           0           0           7
           0         102           0           0          11
           0         103           0           0           4
           0         104           0           0           8
           0         105           0           0           6
           0         106           0           0           4
           0         107           0           0          11
           0         108           0           0           7
           0         109           0           0           3
           0         110           0           0           7
           0         111           0           0           9
           0         112           0           0           6
           0         113           0           0           4
           0         114           0           0           6
           0         115           0           0           5
           0         116           0           0           1
           0         117           0           0           4
           0         118           0           0           1
           0         119           0           0           3
           0         120           0           0           1
           0         121           0           0           5
           0         122           0           0           1
           0         123           0           0           3
           0         124           0           0           3
           0         125           0           0           1
           0         126           0           0           1
           0         128           0           0           1
           0         129           0           0           1
           0         133           0           0           1
           0         136           0           0           1
           0         137           0           0           1
           0         138           0           0           1
           0         141           0           0           1
           0         142           0           0           1
           0         143           0           0           2
           0         144           0           0           2
           0         147           0           0           1
           0         150           0           0           1
 numCluster (S/Void/Loop/SV):           0      106462        2667           0
 NumberDensity (m-3) (S/Void/Loop/SV):  0.000000000000000E+000
  4.435916666666667E+024  1.111250000000000E+023  0.000000000000000E+000
 Concentration (S/Void/Loop/SV):  0.000000000000000E+000  5.243253500000001E-005
  1.313497500000000E-006  0.000000000000000E+000
 AverageRadius (nm) (S/Void/Loop/SV):                     NaN
  0.374607667381915       0.439055846621759                          NaN
 AverageSize (S/Void/Loop/SV):                     NaN   21.8384963649002     
   14.9906261717285                          NaN
 ConcenPointDefects (V/SIA):  6.072525000000001E-007  0.000000000000000E+000
 PercentVRetained  0.218766871504762      PercentVAnnihilated
  0.731879947595830     
 
 
 *******************************************************************************
 **************
 elapsedTime   100.000030555500      DPA  9.962094280746250E-003 steps
    91935324 AverageTimeStep  1.087721522094162E-006
 Cascades      328015 computationTime   18889.84    
 Final  step
 defects (Cu, V, SIA_m, SIA_im, num)
           0           0           0           5        2101
           0           0           0           6        1962
           0           0           0           7        1700
           0           0           0           8        1279
           0           0           0           9        1105
           0           0           0          10         851
           0           0           0          11         709
           0           0           0          12         623
           0           0           0          13         463
           0           0           0          14         370
           0           0           0          15         307
           0           0           0          16         251
           0           0           0          17         207
           0           0           0          18         192
           0           0           0          19         173
           0           0           0          20         125
           0           0           0          21          91
           0           0           0          22          91
           0           0           0          23          77
           0           0           0          24          62
           0           0           0          25          51
           0           0           0          26          63
           0           0           0          27          30
           0           0           0          28          20
           0           0           0          29          28
           0           0           0          30          21
           0           0           0          31          18
           0           0           0          32          14
           0           0           0          33          12
           0           0           0          34          13
           0           0           0          35           7
           0           0           0          36          11
           0           0           0          37           8
           0           0           0          38           5
           0           0           0          39           4
           0           0           0          40           3
           0           0           0          41           4
           0           0           0          42           3
           0           0           0          43           4
           0           0           0          44           3
           0           0           0          47           3
           0           0           0          49           1
           0           0           0          51           2
           0           1           0           0        1067
           0           2           0           0          97
           0           3           0           0           1
           0           4           0           0           1
           0           5           0           0        6421
           0           6           0           0        5917
           0           7           0           0        5930
           0           8           0           0        5557
           0           9           0           0        5380
           0          10           0           0        5056
           0          11           0           0        4889
           0          12           0           0        4662
           0          13           0           0        4290
           0          14           0           0        4096
           0          15           0           0        4015
           0          16           0           0        3727
           0          17           0           0        3696
           0          18           0           0        3456
           0          19           0           0        3357
           0          20           0           0        3135
           0          21           0           0        3005
           0          22           0           0        2780
           0          23           0           0        2746
           0          24           0           0        2676
           0          25           0           0        2559
           0          26           0           0        2429
           0          27           0           0        2265
           0          28           0           0        2150
           0          29           0           0        2243
           0          30           0           0        2100
           0          31           0           0        1933
           0          32           0           0        1912
           0          33           0           0        1930
           0          34           0           0        1760
           0          35           0           0        1652
           0          36           0           0        1637
           0          37           0           0        1590
           0          38           0           0        1549
           0          39           0           0        1485
           0          40           0           0        1420
           0          41           0           0        1358
           0          42           0           0        1416
           0          43           0           0        1248
           0          44           0           0        1229
           0          45           0           0        1194
           0          46           0           0        1140
           0          47           0           0        1137
           0          48           0           0        1042
           0          49           0           0        1048
           0          50           0           0         956
           0          51           0           0         942
           0          52           0           0         926
           0          53           0           0         888
           0          54           0           0         805
           0          55           0           0         734
           0          56           0           0         723
           0          57           0           0         761
           0          58           0           0         727
           0          59           0           0         701
           0          60           0           0         637
           0          61           0           0         605
           0          62           0           0         602
           0          63           0           0         562
           0          64           0           0         515
           0          65           0           0         485
           0          66           0           0         546
           0          67           0           0         487
           0          68           0           0         447
           0          69           0           0         412
           0          70           0           0         440
           0          71           0           0         413
           0          72           0           0         348
           0          73           0           0         359
           0          74           0           0         354
           0          75           0           0         328
           0          76           0           0         321
           0          77           0           0         313
           0          78           0           0         274
           0          79           0           0         269
           0          80           0           0         255
           0          81           0           0         266
           0          82           0           0         244
           0          83           0           0         236
           0          84           0           0         201
           0          85           0           0         215
           0          86           0           0         183
           0          87           0           0         187
           0          88           0           0         161
           0          89           0           0         176
           0          90           0           0         179
           0          91           0           0         110
           0          92           0           0         138
           0          93           0           0         133
           0          94           0           0         126
           0          95           0           0         125
           0          96           0           0         126
           0          97           0           0         108
           0          98           0           0         114
           0          99           0           0          99
           0         100           0           0          86
           0         101           0           0          73
           0         102           0           0          82
           0         103           0           0          61
           0         104           0           0          83
           0         105           0           0          81
           0         106           0           0          76
           0         107           0           0          46
           0         108           0           0          82
           0         109           0           0          64
           0         110           0           0          60
           0         111           0           0          45
           0         112           0           0          59
           0         113           0           0          48
           0         114           0           0          48
           0         115           0           0          47
           0         116           0           0          37
           0         117           0           0          35
           0         118           0           0          38
           0         119           0           0          35
           0         120           0           0          30
           0         121           0           0          22
           0         122           0           0          19
           0         123           0           0          40
           0         124           0           0          26
           0         125           0           0          16
           0         126           0           0          27
           0         127           0           0          29
           0         128           0           0          23
           0         129           0           0          33
           0         130           0           0          20
           0         131           0           0          20
           0         132           0           0          22
           0         133           0           0          14
           0         134           0           0          16
           0         135           0           0          16
           0         136           0           0          13
           0         137           0           0           9
           0         138           0           0          13
           0         139           0           0          13
           0         140           0           0           9
           0         141           0           0          11
           0         142           0           0           8
           0         143           0           0          12
           0         144           0           0          15
           0         145           0           0          13
           0         146           0           0           8
           0         147           0           0          11
           0         148           0           0           8
           0         149           0           0           5
           0         150           0           0           7
           0         151           0           0           8
           0         152           0           0           7
           0         153           0           0           6
           0         154           0           0           6
           0         155           0           0           5
           0         156           0           0           5
           0         157           0           0           2
           0         158           0           0           1
           0         159           0           0           2
           0         160           0           0           5
           0         161           0           0           8
           0         162           0           0           2
           0         163           0           0           4
           0         164           0           0           1
           0         165           0           0           5
           0         166           0           0           4
           0         167           0           0           1
           0         168           0           0           7
           0         169           0           0           3
           0         170           0           0           4
           0         171           0           0           4
           0         172           0           0           3
           0         173           0           0           1
           0         174           0           0           4
           0         175           0           0           2
           0         177           0           0           4
           0         178           0           0           1
           0         179           0           0           1
           0         180           0           0           1
           0         182           0           0           3
           0         183           0           0           3
           0         185           0           0           2
           0         186           0           0           3
           0         189           0           0           2
           0         192           0           0           1
           0         194           0           0           1
           0         197           0           0           2
           0         200           0           0           1
           0         205           0           0           1
           0         213           0           0           1
           0         214           0           0           1
           0         222           0           0           1
           0         226           0           0           1
           0         231           0           0           1
 numCluster (S/Void/Loop/SV):           0      148423        4069           0
 NumberDensity (m-3) (S/Void/Loop/SV):  0.000000000000000E+000
  6.184291666666667E+024  1.695416666666667E+023  0.000000000000000E+000
 Concentration (S/Void/Loop/SV):  0.000000000000000E+000  7.309832750000000E-005
  2.003982500000000E-006  0.000000000000000E+000
 AverageRadius (nm) (S/Void/Loop/SV):                     NaN
  0.400241066143303       0.451521582952729                          NaN
 AverageSize (S/Void/Loop/SV):                     NaN   27.6558417495941     
   15.9466699434751                          NaN
 ConcenPointDefects (V/SIA):  5.254975000000000E-007  0.000000000000000E+000
 PercentVRetained  0.202981543640694      PercentVAnnihilated
  0.739144637913266     
 
 
 computation time   18889.85    
 total steps    91935324
 Released all fine mesh defects
