 *******************************************************************************
 **************
 time  2.404065191369828E-003 DPA  7.289003940000001E-007 steps           1 
 AverageTimeStep  2.404065191369828E-003
 Cascades          24 computationTime   18889.86    
 Fraction null steps  0.000000000000000E+000
 defects (Cu, V, SIA_m, SIA_im, num)
           0           0           1           0         885
           0           0           2           0         148
           0           0           3           0          56
           0           0           4           0           7
           0           0           7           0           5
           0           0           9           0           2
           0           1           0           0        1319
           0           2           0           0          23
           0           3           0           0          15
           0           4           0           0           3
 numCluster (S/Void/Loop/SV):           0          41           0           0
 NumberDensity (m-3) (S/Void/Loop/SV):  0.000000000000000E+000
  1.708333333333334E+021  0.000000000000000E+000  0.000000000000000E+000
 Concentration (S/Void/Loop/SV):  0.000000000000000E+000  2.019250000000000E-008
  0.000000000000000E+000  0.000000000000000E+000
 AverageRadius (nm) (S/Void/Loop/SV):                     NaN
  0.190853159992356                          NaN                     NaN
 AverageSize (S/Void/Loop/SV):                     NaN   2.51219512195122     
                     NaN                     NaN
 ConcenPointDefects (V/SIA):  6.496075000000000E-007  4.358625000000001E-007
 PercentVRetained  0.960810291453897      PercentVAnnihilated
  0.000000000000000E+000
 
 
 *******************************************************************************
 **************
 time  2.404066178462440E-003 DPA  7.289003940000001E-007 steps           2 
 AverageTimeStep  1.202033089231220E-003
 Cascades          24 computationTime   18889.86    
 Fraction null steps  0.500000000000000     
 defects (Cu, V, SIA_m, SIA_im, num)
           0           0           1           0         871
           0           0           2           0         151
           0           0           3           0          58
           0           0           4           0           7
           0           0           7           0           5
           0           0           9           0           2
           0           1           0           0        1317
           0           2           0           0          23
           0           3           0           0          15
           0           4           0           0           3
 numCluster (S/Void/Loop/SV):           0          41           0           0
 NumberDensity (m-3) (S/Void/Loop/SV):  0.000000000000000E+000
  1.708333333333334E+021  0.000000000000000E+000  0.000000000000000E+000
 Concentration (S/Void/Loop/SV):  0.000000000000000E+000  2.019250000000000E-008
  0.000000000000000E+000  0.000000000000000E+000
 AverageRadius (nm) (S/Void/Loop/SV):                     NaN
  0.190853159992356                          NaN                     NaN
 AverageSize (S/Void/Loop/SV):                     NaN   2.51219512195122     
                     NaN                     NaN
 ConcenPointDefects (V/SIA):  6.486225000000000E-007  4.289675000000000E-007
 PercentVRetained  0.959458940833005      PercentVAnnihilated
  1.351350620891556E-003
 
 
 *******************************************************************************
 **************
 time  2.404069461413340E-003 DPA  7.289003940000001E-007 steps           3 
 AverageTimeStep  8.013564871377801E-004
 Cascades          24 computationTime   18889.86    
 Fraction null steps  0.666666666666667     
 defects (Cu, V, SIA_m, SIA_im, num)
           0           0           1           0         855
           0           0           2           0         155
           0           0           3           0          59
           0           0           4           0           7
           0           0           7           0           5
           0           0           9           0           2
           0           1           0           0        1312
           0           2           0           0          23
           0           3           0           0          15
           0           4           0           0           3
 numCluster (S/Void/Loop/SV):           0          41           0           0
 NumberDensity (m-3) (S/Void/Loop/SV):  0.000000000000000E+000
  1.708333333333334E+021  0.000000000000000E+000  0.000000000000000E+000
 Concentration (S/Void/Loop/SV):  0.000000000000000E+000  2.019250000000000E-008
  0.000000000000000E+000  0.000000000000000E+000
 AverageRadius (nm) (S/Void/Loop/SV):                     NaN
  0.190853159992356                          NaN                     NaN
 AverageSize (S/Void/Loop/SV):                     NaN   2.51219512195122     
                     NaN                     NaN
 ConcenPointDefects (V/SIA):  6.461600000000001E-007  4.210875000000000E-007
 PercentVRetained  0.956080564280776      PercentVAnnihilated
  4.729727173120447E-003
 
 
 *******************************************************************************
 **************
 time  2.404069910631222E-003 DPA  7.289003940000001E-007 steps           4 
 AverageTimeStep  6.010174776578056E-004
 Cascades          24 computationTime   18889.86    
 Fraction null steps  0.750000000000000     
 defects (Cu, V, SIA_m, SIA_im, num)
           0           0           1           0         830
           0           0           2           0         166
           0           0           3           0          59
           0           0           4           0           7
           0           0           7           0           5
           0           0           9           0           2
           0           1           0           0        1309
           0           2           0           0          23
           0           3           0           0          15
           0           4           0           0           3
 numCluster (S/Void/Loop/SV):           0          41           0           0
 NumberDensity (m-3) (S/Void/Loop/SV):  0.000000000000000E+000
  1.708333333333334E+021  0.000000000000000E+000  0.000000000000000E+000
 Concentration (S/Void/Loop/SV):  0.000000000000000E+000  2.019250000000000E-008
  0.000000000000000E+000  0.000000000000000E+000
 AverageRadius (nm) (S/Void/Loop/SV):                     NaN
  0.190853159992356                          NaN                     NaN
 AverageSize (S/Void/Loop/SV):                     NaN   2.51219512195122     
                     NaN                     NaN
 ConcenPointDefects (V/SIA):  6.446825000000000E-007  4.087750000000000E-007
 PercentVRetained  0.954053538349439      PercentVAnnihilated
  6.756753104457781E-003
 
 
 *******************************************************************************
 **************
 time  2.404070782988767E-003 DPA  7.289003940000001E-007 steps           5 
 AverageTimeStep  4.808141565977534E-004
 Cascades          24 computationTime   18889.86    
 Fraction null steps  0.800000000000000     
 defects (Cu, V, SIA_m, SIA_im, num)
           0           0           1           0         812
           0           0           2           0         173
           0           0           3           0          59
           0           0           4           0           7
           0           0           7           0           5
           0           0           9           0           2
           0           1           0           0        1305
           0           2           0           0          23
           0           3           0           0          15
           0           4           0           0           3
 numCluster (S/Void/Loop/SV):           0          41           0           0
 NumberDensity (m-3) (S/Void/Loop/SV):  0.000000000000000E+000
  1.708333333333334E+021  0.000000000000000E+000  0.000000000000000E+000
 Concentration (S/Void/Loop/SV):  0.000000000000000E+000  2.019250000000000E-008
  0.000000000000000E+000  0.000000000000000E+000
 AverageRadius (nm) (S/Void/Loop/SV):                     NaN
  0.190853159992356                          NaN                     NaN
 AverageSize (S/Void/Loop/SV):                     NaN   2.51219512195122     
                     NaN                     NaN
 ConcenPointDefects (V/SIA):  6.427125000000000E-007  3.999100000000000E-007
 PercentVRetained  0.951350837107656      PercentVAnnihilated
  9.459454346240894E-003
 
 
 *******************************************************************************
 **************
 time  2.404072867175226E-003 DPA  7.289003940000001E-007 steps           6 
 AverageTimeStep  4.006788111958710E-004
 Cascades          24 computationTime   18889.87    
 Fraction null steps  0.833333333333333     
 defects (Cu, V, SIA_m, SIA_im, num)
           0           0           1           0         791
           0           0           2           0         180
           0           0           3           0          59
           0           0           4           0           7
           0           0           7           0           5
           0           0           9           0           2
           0           1           0           0        1298
           0           2           0           0          23
           0           3           0           0          15
           0           4           0           0           3
 numCluster (S/Void/Loop/SV):           0          41           0           0
 NumberDensity (m-3) (S/Void/Loop/SV):  0.000000000000000E+000
  1.708333333333334E+021  0.000000000000000E+000  0.000000000000000E+000
 Concentration (S/Void/Loop/SV):  0.000000000000000E+000  2.019250000000000E-008
  0.000000000000000E+000  0.000000000000000E+000
 AverageRadius (nm) (S/Void/Loop/SV):                     NaN
  0.190853159992356                          NaN                     NaN
 AverageSize (S/Void/Loop/SV):                     NaN   2.51219512195122     
                     NaN                     NaN
 ConcenPointDefects (V/SIA):  6.392650000000001E-007  3.895675000000000E-007
 PercentVRetained  0.946621109934535      PercentVAnnihilated
  1.418918151936134E-002
 
 
 *******************************************************************************
 **************
 time  3.200901124957977E-003 DPA  8.503837930000001E-007 steps        5630 
 AverageTimeStep  5.685437166888058E-007
 Cascades          28 computationTime   18890.30    
 Fraction null steps  0.862522202486679     
 defects (Cu, V, SIA_m, SIA_im, num)
           0           0           0           5           4
           0           0           0           6           7
           0           0           1           0           2
           0           0           2           0          27
           0           0           3           0          11
           0           0           4           0          12
           0           1           0           0         599
           0           2           0           0          63
           0           4           0           0           2
           0           5           0           0          15
           0           6           0           0           2
 numCluster (S/Void/Loop/SV):           0          82           0           0
 NumberDensity (m-3) (S/Void/Loop/SV):  0.000000000000000E+000
  3.416666666666667E+021  0.000000000000000E+000  0.000000000000000E+000
 Concentration (S/Void/Loop/SV):  0.000000000000000E+000  4.038500000000001E-008
  0.000000000000000E+000  0.000000000000000E+000
 AverageRadius (nm) (S/Void/Loop/SV):                     NaN
  0.192723717334659                          NaN                     NaN
 AverageSize (S/Void/Loop/SV):                     NaN   2.69512195121951     
                     NaN                     NaN
 ConcenPointDefects (V/SIA):  2.950075000000000E-007  9.850000000000000E-010
 PercentVRetained  0.474903218199033      PercentVAnnihilated
  0.477798969529515     
 
 
 *******************************************************************************
 **************
 time  6.400051849799613E-003 DPA  1.245204839750000E-006 steps       13018 
 AverageTimeStep  4.916309609617155E-007
 Cascades          41 computationTime   18890.83    
 Fraction null steps  0.890382547242280     
 defects (Cu, V, SIA_m, SIA_im, num)
           0           0           0           5           6
           0           0           0           6           7
           0           0           0           9           2
           0           0           2           0           5
           0           0           3           0           3
           0           0           4           0           1
           0           1           0           0         578
           0           2           0           0         109
           0           4           0           0          15
           0           5           0           0          29
           0           6           0           0           7
           0           7           0           0           6
           0           8           0           0           2
           0          10           0           0           1
           0          11           0           0           1
 numCluster (S/Void/Loop/SV):           0         170           0           0
 NumberDensity (m-3) (S/Void/Loop/SV):  0.000000000000000E+000
  7.083333333333334E+021  0.000000000000000E+000  0.000000000000000E+000
 Concentration (S/Void/Loop/SV):  0.000000000000000E+000  8.372500000000000E-008
  0.000000000000000E+000  0.000000000000000E+000
 AverageRadius (nm) (S/Void/Loop/SV):                     NaN
  0.202247410056962                          NaN                     NaN
 AverageSize (S/Void/Loop/SV):                     NaN   3.20000000000000     
                     NaN                     NaN
 ConcenPointDefects (V/SIA):  2.846650000000000E-007  0.000000000000000E+000
 PercentVRetained  0.443770359992291      PercentVAnnihilated
  0.494396568618862     
 
 
 *******************************************************************************
 **************
 time  1.280019729876834E-002 DPA  1.670396736250000E-006 steps       22374 
 AverageTimeStep  5.721014257069965E-007
 Cascades          55 computationTime   18891.50    
 Fraction null steps  0.914945919370698     
 defects (Cu, V, SIA_m, SIA_im, num)
           0           0           0           5           7
           0           0           0           6           7
           0           0           0           7           3
           0           0           0           9           2
           0           0           1           0           2
           0           0           2           0           6
           0           0           3           0           5
           0           1           0           0         578
           0           2           0           0         139
           0           4           0           0          16
           0           5           0           0          37
           0           6           0           0          11
           0           7           0           0           7
           0           8           0           0           7
           0           9           0           0           2
           0          10           0           0           1
           0          11           0           0           1
 numCluster (S/Void/Loop/SV):           0         221           0           0
 NumberDensity (m-3) (S/Void/Loop/SV):  0.000000000000000E+000
  9.208333333333333E+021  0.000000000000000E+000  0.000000000000000E+000
 Concentration (S/Void/Loop/SV):  0.000000000000000E+000  1.088425000000000E-007
  0.000000000000000E+000  0.000000000000000E+000
 AverageRadius (nm) (S/Void/Loop/SV):                     NaN
  0.204430477161396                          NaN                     NaN
 AverageSize (S/Void/Loop/SV):                     NaN   3.33484162895928     
                     NaN                     NaN
 ConcenPointDefects (V/SIA):  2.846650000000000E-007  9.850000000000000E-010
 PercentVRetained  0.387714778139432      PercentVAnnihilated
  0.526879322079973     
 
 
 *******************************************************************************
 **************
 time  2.560036094344620E-002 DPA  2.824489026750000E-006 steps       46507 
 AverageTimeStep  5.504625313059582E-007
 Cascades          93 computationTime   18893.22    
 Fraction null steps  0.929774012514245     
 defects (Cu, V, SIA_m, SIA_im, num)
           0           0           0           5          18
           0           0           0           6           9
           0           0           0           7           5
           0           0           0           8           2
           0           0           0           9           1
           0           0           0          12           1
           0           0           2           0           2
           0           0           3           0           4
           0           0           4           0           1
           0           1           0           0         886
           0           2           0           0         213
           0           3           0           0           1
           0           4           0           0          14
           0           5           0           0          68
           0           6           0           0          28
           0           7           0           0           8
           0           8           0           0          14
           0           9           0           0           3
           0          10           0           0           1
           0          11           0           0           2
 numCluster (S/Void/Loop/SV):           0         352           1           0
 NumberDensity (m-3) (S/Void/Loop/SV):  0.000000000000000E+000
  1.466666666666667E+022  4.166666666666667E+019  0.000000000000000E+000
 Concentration (S/Void/Loop/SV):  0.000000000000000E+000  1.733600000000000E-007
  4.925000000000000E-010  0.000000000000000E+000
 AverageRadius (nm) (S/Void/Loop/SV):                     NaN
  0.206881417099244       0.396628097319085                          NaN
 AverageSize (S/Void/Loop/SV):                     NaN   3.46590909090909     
   12.0000000000000                          NaN
 ConcenPointDefects (V/SIA):  4.363550000000000E-007  0.000000000000000E+000
 PercentVRetained  0.367218633238402      PercentVAnnihilated
  0.530078179033591     
 
 
 *******************************************************************************
 **************
 time  5.120061119356729E-002 DPA  5.284527856500000E-006 steps       95305 
 AverageTimeStep  5.372290141500161E-007
 Cascades         174 computationTime   18896.75    
 Fraction null steps  0.930748649074026     
 defects (Cu, V, SIA_m, SIA_im, num)
           0           0           0           5          26
           0           0           0           6          18
           0           0           0           7           8
           0           0           0           8           3
           0           0           0           9           2
           0           0           0          12           1
           0           0           1           0           1
           0           0           2           0           3
           0           0           3           0           3
           0           0           4           0           1
           0           1           0           0        1409
           0           2           0           0         335
           0           4           0           0          15
           0           5           0           0         136
           0           6           0           0          51
           0           7           0           0          28
           0           8           0           0          33
           0           9           0           0          13
           0          10           0           0           3
           0          11           0           0           5
           0          12           0           0           5
 numCluster (S/Void/Loop/SV):           0         624           1           0
 NumberDensity (m-3) (S/Void/Loop/SV):  0.000000000000000E+000
  2.600000000000000E+022  4.166666666666667E+019  0.000000000000000E+000
 Concentration (S/Void/Loop/SV):  0.000000000000000E+000  3.073200000000000E-007
  4.925000000000000E-010  0.000000000000000E+000
 AverageRadius (nm) (S/Void/Loop/SV):                     NaN
  0.214400639138465       0.396628097319085                          NaN
 AverageSize (S/Void/Loop/SV):                     NaN   3.90705128205128     
   12.0000000000000                          NaN
 ConcenPointDefects (V/SIA):  6.939325000000001E-007  4.925000000000000E-010
 PercentVRetained  0.358527299211712      PercentVAnnihilated
  0.541472214302065     
 
 
 *******************************************************************************
 **************
 time  0.102402572472906      DPA  1.205722735075000E-005 steps      218541 
 AverageTimeStep  4.685737343240221E-007
 Cascades         397 computationTime   18905.80    
 Fraction null steps  0.930077193753117     
 defects (Cu, V, SIA_m, SIA_im, num)
           0           0           0           5          54
           0           0           0           6          40
           0           0           0           7          25
           0           0           0           8           9
           0           0           0           9           7
           0           0           0          10           1
           0           0           0          11           2
           0           0           0          12           1
           0           0           2           0           2
           0           0           3           0           3
           0           0           4           0           1
           0           1           0           0        2743
           0           2           0           0         578
           0           3           0           0           1
           0           4           0           0          18
           0           5           0           0         320
           0           6           0           0         102
           0           7           0           0          75
           0           8           0           0          65
           0           9           0           0          53
           0          10           0           0          21
           0          11           0           0          16
           0          12           0           0          10
           0          13           0           0           4
           0          14           0           0           4
           0          16           0           0           1
           0          18           0           0           1
 numCluster (S/Void/Loop/SV):           0        1269           3           0
 NumberDensity (m-3) (S/Void/Loop/SV):  0.000000000000000E+000
  5.287500000000000E+022  1.250000000000000E+020  0.000000000000000E+000
 Concentration (S/Void/Loop/SV):  0.000000000000000E+000  6.249825000000000E-007
  1.477500000000000E-009  0.000000000000000E+000
 AverageRadius (nm) (S/Void/Loop/SV):                     NaN
  0.222980938414973       0.385371027153769                          NaN
 AverageSize (S/Void/Loop/SV):                     NaN   4.42316784869976     
   11.3333333333333                          NaN
 ConcenPointDefects (V/SIA):  1.350927500000000E-006  0.000000000000000E+000
 PercentVRetained  0.341316446997577      PercentVAnnihilated
  0.558335868119900     
 
 
 *******************************************************************************
 **************
 time  0.204800407084480      DPA  2.268702476325000E-005 steps      405283 
 AverageTimeStep  5.053269125141691E-007
 Cascades         747 computationTime   18919.68    
 Fraction null steps  0.927766523639037     
 defects (Cu, V, SIA_m, SIA_im, num)
           0           0           0           5          85
           0           0           0           6          52
           0           0           0           7          44
           0           0           0           8          14
           0           0           0           9          21
           0           0           0          10           3
           0           0           0          11           4
           0           0           0          12           3
           0           0           0          13           1
           0           0           0          16           1
           0           0           1           0           1
           0           0           2           0           2
           0           0           4           0           1
           0           1           0           0        4157
           0           2           0           0         602
           0           4           0           0          18
           0           5           0           0         559
           0           6           0           0         218
           0           7           0           0         149
           0           8           0           0         126
           0           9           0           0         111
           0          10           0           0          56
           0          11           0           0          43
           0          12           0           0          30
           0          13           0           0          18
           0          14           0           0           9
           0          15           0           0           4
           0          16           0           0           4
           0          17           0           0           1
           0          18           0           0           3
           0          19           0           0           1
 numCluster (S/Void/Loop/SV):           0        1952           9           0
 NumberDensity (m-3) (S/Void/Loop/SV):  0.000000000000000E+000
  8.133333333333334E+022  3.750000000000000E+020  0.000000000000000E+000
 Concentration (S/Void/Loop/SV):  0.000000000000000E+000  9.613600000000002E-007
  4.432500000000000E-009  0.000000000000000E+000
 AverageRadius (nm) (S/Void/Loop/SV):                     NaN
  0.238100114271093       0.397740505562603                          NaN
 AverageSize (S/Void/Loop/SV):                     NaN   5.32581967213115     
   12.1111111111111                          NaN
 ConcenPointDefects (V/SIA):  2.047322500000000E-006  4.925000000000000E-010
 PercentVRetained  0.315922981298551      PercentVAnnihilated
  0.579789114582678     
 
 
 *******************************************************************************
 **************
 time  0.409604702003621      DPA  4.364291109075000E-005 steps      768169 
 AverageTimeStep  5.332221190956947E-007
 Cascades        1437 computationTime   18947.05    
 Fraction null steps  0.925336742305404     
 defects (Cu, V, SIA_m, SIA_im, num)
           0           0           0           5         110
           0           0           0           6          95
           0           0           0           7          80
           0           0           0           8          41
           0           0           0           9          26
           0           0           0          10          10
           0           0           0          11           7
           0           0           0          12           6
           0           0           0          13           2
           0           0           0          14           1
           0           0           0          16           1
           0           0           0          17           1
           0           0           2           0           7
           0           0           3           0           4
           0           0           4           0           1
           0           1           0           0        6005
           0           2           0           0         653
           0           4           0           0          14
           0           5           0           0         975
           0           6           0           0         385
           0           7           0           0         272
           0           8           0           0         239
           0           9           0           0         217
           0          10           0           0         139
           0          11           0           0          84
           0          12           0           0          92
           0          13           0           0          67
           0          14           0           0          27
           0          15           0           0          21
           0          16           0           0           9
           0          17           0           0          10
           0          18           0           0           5
           0          19           0           0           4
           0          20           0           0           1
           0          21           0           0           1
           0          22           0           0           2
           0          23           0           0           1
 numCluster (S/Void/Loop/SV):           0        3218          18           0
 NumberDensity (m-3) (S/Void/Loop/SV):  0.000000000000000E+000
  1.340833333333333E+023  7.500000000000000E+020  0.000000000000000E+000
 Concentration (S/Void/Loop/SV):  0.000000000000000E+000  1.584865000000000E-006
  8.865000000000000E-009  0.000000000000000E+000
 AverageRadius (nm) (S/Void/Loop/SV):                     NaN
  0.251130970904629       0.401227172272700                          NaN
 AverageSize (S/Void/Loop/SV):                     NaN   6.17961466749534     
   12.3333333333333                          NaN
 ConcenPointDefects (V/SIA):  2.957462500000000E-006  0.000000000000000E+000
 PercentVRetained  0.292173853240111      PercentVAnnihilated
  0.604829555139246     
 
 
 *******************************************************************************
 **************
 time  0.819202330779286      DPA  8.367169106125001E-005 steps     1402071 
 AverageTimeStep  5.842802046253621E-007
 Cascades        2755 computationTime   18995.85    
 Fraction null steps  0.926212723892014     
 defects (Cu, V, SIA_m, SIA_im, num)
           0           0           0           5         157
           0           0           0           6         132
           0           0           0           7         116
           0           0           0           8          74
           0           0           0           9          49
           0           0           0          10          33
           0           0           0          11          24
           0           0           0          12          12
           0           0           0          13           6
           0           0           0          14           2
           0           0           0          15           3
           0           0           0          16           1
           0           0           0          17           1
           0           0           0          18           1
           0           0           2           0           2
           0           0           3           0           2
           0           1           0           0        6989
           0           2           0           0         594
           0           4           0           0          10
           0           5           0           0        1391
           0           6           0           0         679
           0           7           0           0         497
           0           8           0           0         481
           0           9           0           0         489
           0          10           0           0         289
           0          11           0           0         259
           0          12           0           0         179
           0          13           0           0         143
           0          14           0           0         101
           0          15           0           0          70
           0          16           0           0          51
           0          17           0           0          51
           0          18           0           0          27
           0          19           0           0          20
           0          20           0           0          20
           0          21           0           0           5
           0          22           0           0           2
           0          23           0           0           3
           0          24           0           0           4
           0          25           0           0           2
           0          28           0           0           1
 numCluster (S/Void/Loop/SV):           0        5368          50           0
 NumberDensity (m-3) (S/Void/Loop/SV):  0.000000000000000E+000
  2.236666666666667E+023  2.083333333333334E+021  0.000000000000000E+000
 Concentration (S/Void/Loop/SV):  0.000000000000000E+000  2.643740000000000E-006
  2.462500000000000E-008  0.000000000000000E+000
 AverageRadius (nm) (S/Void/Loop/SV):                     NaN
  0.267293933357240       0.399065622342866                          NaN
 AverageSize (S/Void/Loop/SV):                     NaN   7.36512667660209     
   12.2000000000000                          NaN
 ConcenPointDefects (V/SIA):  3.442082500000000E-006  0.000000000000000E+000
 PercentVRetained  0.273850835442380      PercentVAnnihilated
  0.630978223702358     
 
 
 *******************************************************************************
 **************
 time   1.63840038572017      DPA  1.667663359772500E-004 steps     2615739 
 AverageTimeStep  6.263623342084865E-007
 Cascades        5491 computationTime   19091.11    
 Fraction null steps  0.929279641432115     
 defects (Cu, V, SIA_m, SIA_im, num)
           0           0           0           5         250
           0           0           0           6         213
           0           0           0           7         151
           0           0           0           8         125
           0           0           0           9          81
           0           0           0          10          47
           0           0           0          11          42
           0           0           0          12          23
           0           0           0          13          23
           0           0           0          14           9
           0           0           0          15           5
           0           0           0          16           7
           0           0           0          17           2
           0           0           0          18           2
           0           0           0          19           1
           0           0           0          20           2
           0           0           0          23           1
           0           0           3           0           1
           0           1           0           0        7512
           0           2           0           0         486
           0           4           0           0           3
           0           5           0           0        1648
           0           6           0           0        1071
           0           7           0           0         913
           0           8           0           0         801
           0           9           0           0         837
           0          10           0           0         631
           0          11           0           0         566
           0          12           0           0         444
           0          13           0           0         362
           0          14           0           0         276
           0          15           0           0         199
           0          16           0           0         182
           0          17           0           0         154
           0          18           0           0         109
           0          19           0           0          94
           0          20           0           0          68
           0          21           0           0          42
           0          22           0           0          33
           0          23           0           0          37
           0          24           0           0          24
           0          25           0           0          12
           0          26           0           0          21
           0          27           0           0          10
           0          28           0           0          10
           0          29           0           0           1
           0          30           0           0           7
           0          31           0           0           3
           0          32           0           0           2
           0          33           0           0           1
           0          34           0           0           2
           0          38           0           0           1
 numCluster (S/Void/Loop/SV):           0        9050         117           0
 NumberDensity (m-3) (S/Void/Loop/SV):  0.000000000000000E+000
  3.770833333333333E+023  4.875000000000000E+021  0.000000000000000E+000
 Concentration (S/Void/Loop/SV):  0.000000000000000E+000  4.457125000000000E-006
  5.762250000000001E-008  0.000000000000000E+000
 AverageRadius (nm) (S/Void/Loop/SV):                     NaN
  0.285471028400206       0.408831971356563                          NaN
 AverageSize (S/Void/Loop/SV):                     NaN   8.95082872928177     
   12.8376068376068                          NaN
 ConcenPointDefects (V/SIA):  3.699660000000001E-006  0.000000000000000E+000
 PercentVRetained  0.261411406831815      PercentVAnnihilated
  0.654740819603396     
 
 
 *******************************************************************************
 **************
 time   3.27680848113679      DPA  3.321659837157500E-004 steps     4843206 
 AverageTimeStep  6.765783824055377E-007
 Cascades       10937 computationTime   19269.85    
 Fraction null steps  0.933922282058620     
 defects (Cu, V, SIA_m, SIA_im, num)
           0           0           0           5         384
           0           0           0           6         319
           0           0           0           7         236
           0           0           0           8         159
           0           0           0           9         150
           0           0           0          10         102
           0           0           0          11          53
           0           0           0          12          45
           0           0           0          13          38
           0           0           0          14          16
           0           0           0          15          21
           0           0           0          16          11
           0           0           0          17           7
           0           0           0          18           9
           0           0           0          19           6
           0           0           0          20           4
           0           0           0          21           1
           0           0           0          22           2
           0           0           0          25           1
           0           0           2           0           1
           0           1           0           0        6716
           0           2           0           0         426
           0           4           0           0           9
           0           5           0           0        1829
           0           6           0           0        1451
           0           7           0           0        1280
           0           8           0           0        1248
           0           9           0           0        1200
           0          10           0           0        1077
           0          11           0           0         982
           0          12           0           0         786
           0          13           0           0         752
           0          14           0           0         647
           0          15           0           0         529
           0          16           0           0         440
           0          17           0           0         386
           0          18           0           0         325
           0          19           0           0         292
           0          20           0           0         236
           0          21           0           0         195
           0          22           0           0         160
           0          23           0           0         117
           0          24           0           0         104
           0          25           0           0          89
           0          26           0           0          86
           0          27           0           0          62
           0          28           0           0          48
           0          29           0           0          35
           0          30           0           0          38
           0          31           0           0          29
           0          32           0           0          17
           0          33           0           0          21
           0          34           0           0          11
           0          35           0           0          13
           0          36           0           0           9
           0          37           0           0           8
           0          38           0           0           1
           0          39           0           0           2
           0          40           0           0           1
           0          41           0           0           2
           0          43           0           0           2
           0          45           0           0           1
 numCluster (S/Void/Loop/SV):           0       14946         214           0
 NumberDensity (m-3) (S/Void/Loop/SV):  0.000000000000000E+000
  6.227500000000000E+023  8.916666666666668E+021  0.000000000000000E+000
 Concentration (S/Void/Loop/SV):  0.000000000000000E+000  7.360905000000000E-006
  1.053950000000000E-007  0.000000000000000E+000
 AverageRadius (nm) (S/Void/Loop/SV):                     NaN
  0.303819565152073       0.419425191081331                          NaN
 AverageSize (S/Void/Loop/SV):                     NaN   10.8635086310719     
   13.5373831775701                          NaN
 ConcenPointDefects (V/SIA):  3.307630000000000E-006  0.000000000000000E+000
 PercentVRetained  0.250696606764107      PercentVAnnihilated
  0.674840060359171     
 
 
 *******************************************************************************
 **************
 time   6.55360001472578      DPA  6.541273619155001E-004 steps     8812689 
 AverageTimeStep  7.436549746309871E-007
 Cascades       21538 computationTime   19597.13    
 Fraction null steps  0.936482270054010     
 defects (Cu, V, SIA_m, SIA_im, num)
           0           0           0           5         564
           0           0           0           6         486
           0           0           0           7         388
           0           0           0           8         248
           0           0           0           9         221
           0           0           0          10         162
           0           0           0          11          94
           0           0           0          12          80
           0           0           0          13          56
           0           0           0          14          39
           0           0           0          15          30
           0           0           0          16          26
           0           0           0          17          16
           0           0           0          18          15
           0           0           0          19           4
           0           0           0          20           6
           0           0           0          21           5
           0           0           0          22           6
           0           0           0          23           3
           0           0           0          24           2
           0           0           0          27           2
           0           0           0          32           1
           0           0           2           0           2
           0           1           0           0        4973
           0           2           0           0         324
           0           4           0           0           3
           0           5           0           0        2101
           0           6           0           0        1899
           0           7           0           0        1909
           0           8           0           0        1771
           0           9           0           0        1749
           0          10           0           0        1615
           0          11           0           0        1429
           0          12           0           0        1318
           0          13           0           0        1187
           0          14           0           0        1126
           0          15           0           0         948
           0          16           0           0         882
           0          17           0           0         757
           0          18           0           0         751
           0          19           0           0         606
           0          20           0           0         561
           0          21           0           0         477
           0          22           0           0         432
           0          23           0           0         392
           0          24           0           0         351
           0          25           0           0         272
           0          26           0           0         264
           0          27           0           0         238
           0          28           0           0         181
           0          29           0           0         162
           0          30           0           0         151
           0          31           0           0         130
           0          32           0           0          91
           0          33           0           0          80
           0          34           0           0          67
           0          35           0           0          56
           0          36           0           0          49
           0          37           0           0          40
           0          38           0           0          40
           0          39           0           0          33
           0          40           0           0          38
           0          41           0           0          21
           0          42           0           0          23
           0          43           0           0          11
           0          44           0           0          17
           0          45           0           0           9
           0          46           0           0           3
           0          47           0           0           5
           0          48           0           0           4
           0          49           0           0           4
           0          51           0           0           4
           0          52           0           0           1
           0          53           0           0           2
           0          54           0           0           2
           0          55           0           0           3
           0          56           0           0           1
           0          61           0           0           1
           0          70           0           0           1
 numCluster (S/Void/Loop/SV):           0       24592         385           0
 NumberDensity (m-3) (S/Void/Loop/SV):  0.000000000000000E+000
  1.024666666666667E+024  1.604166666666667E+022  0.000000000000000E+000
 Concentration (S/Void/Loop/SV):  0.000000000000000E+000  1.211156000000000E-005
  1.896125000000000E-007  0.000000000000000E+000
 AverageRadius (nm) (S/Void/Loop/SV):                     NaN
  0.321604756179941       0.422919044118905                          NaN
 AverageSize (S/Void/Loop/SV):                     NaN   13.0098405985686     
   13.7974025974026                          NaN
 ConcenPointDefects (V/SIA):  2.449202500000000E-006  0.000000000000000E+000
 PercentVRetained  0.244629221794686      PercentVAnnihilated
  0.693092662677160     
 
 
 *******************************************************************************
 **************
 time   13.1072094493309      DPA  1.305339122255000E-003 steps    16109000 
 AverageTimeStep  8.136575485337969E-007
 Cascades       42980 computationTime   20224.31    
 Fraction null steps  0.938981376870073     
 defects (Cu, V, SIA_m, SIA_im, num)
           0           0           0           5         871
           0           0           0           6         776
           0           0           0           7         554
           0           0           0           8         427
           0           0           0           9         340
           0           0           0          10         277
           0           0           0          11         192
           0           0           0          12         136
           0           0           0          13         107
           0           0           0          14          83
           0           0           0          15          61
           0           0           0          16          48
           0           0           0          17          36
           0           0           0          18          22
           0           0           0          19          23
           0           0           0          20          17
           0           0           0          21          12
           0           0           0          22           7
           0           0           0          23           3
           0           0           0          24           5
           0           0           0          25           3
           0           0           0          26           3
           0           0           0          30           1
           0           0           0          31           1
           0           1           0           0        3513
           0           2           0           0         276
           0           4           0           0           3
           0           5           0           0        2759
           0           6           0           0        2594
           0           7           0           0        2552
           0           8           0           0        2551
           0           9           0           0        2480
           0          10           0           0        2322
           0          11           0           0        2136
           0          12           0           0        1962
           0          13           0           0        1954
           0          14           0           0        1726
           0          15           0           0        1635
           0          16           0           0        1512
           0          17           0           0        1327
           0          18           0           0        1243
           0          19           0           0        1123
           0          20           0           0         982
           0          21           0           0         893
           0          22           0           0         964
           0          23           0           0         798
           0          24           0           0         752
           0          25           0           0         732
           0          26           0           0         575
           0          27           0           0         553
           0          28           0           0         460
           0          29           0           0         464
           0          30           0           0         415
           0          31           0           0         354
           0          32           0           0         327
           0          33           0           0         291
           0          34           0           0         267
           0          35           0           0         229
           0          36           0           0         220
           0          37           0           0         193
           0          38           0           0         136
           0          39           0           0         162
           0          40           0           0         129
           0          41           0           0         110
           0          42           0           0         101
           0          43           0           0          91
           0          44           0           0          79
           0          45           0           0          75
           0          46           0           0          58
           0          47           0           0          65
           0          48           0           0          48
           0          49           0           0          45
           0          50           0           0          27
           0          51           0           0          34
           0          52           0           0          28
           0          53           0           0          21
           0          54           0           0          12
           0          55           0           0          14
           0          56           0           0          14
           0          57           0           0          16
           0          58           0           0          10
           0          59           0           0          10
           0          60           0           0           7
           0          61           0           0           7
           0          62           0           0           6
           0          63           0           0           2
           0          64           0           0           3
           0          65           0           0           3
           0          66           0           0           6
           0          67           0           0           3
           0          68           0           0           2
           0          69           0           0           2
           0          70           0           0           1
           0          71           0           0           3
           0          72           0           0           3
           0          80           0           0           1
 numCluster (S/Void/Loop/SV):           0       40958         760           0
 NumberDensity (m-3) (S/Void/Loop/SV):  0.000000000000000E+000
  1.706583333333333E+024  3.166666666666667E+022  0.000000000000000E+000
 Concentration (S/Void/Loop/SV):  0.000000000000000E+000  2.017181500000000E-005
  3.743000000000000E-007  0.000000000000000E+000
 AverageRadius (nm) (S/Void/Loop/SV):                     NaN
  0.338481427414550       0.424633866541372                          NaN
 AverageSize (S/Void/Loop/SV):                     NaN   15.4061721763758     
   13.9131578947368                          NaN
 ConcenPointDefects (V/SIA):  1.730152500000000E-006  0.000000000000000E+000
 PercentVRetained  0.239401855174729      PercentVAnnihilated
  0.709451530036261     
 
 
 *******************************************************************************
 **************
 time   26.2144010085448      DPA  2.623342888855750E-003 steps    29435947 
 AverageTimeStep  8.905574197611105E-007
 Cascades       86377 computationTime   21448.65    
 Fraction null steps  0.941675564234438     
 defects (Cu, V, SIA_m, SIA_im, num)
           0           0           0           5        1257
           0           0           0           6        1160
           0           0           0           7         968
           0           0           0           8         728
           0           0           0           9         591
           0           0           0          10         396
           0           0           0          11         326
           0           0           0          12         241
           0           0           0          13         221
           0           0           0          14         156
           0           0           0          15         123
           0           0           0          16          93
           0           0           0          17          60
           0           0           0          18          45
           0           0           0          19          47
           0           0           0          20          35
           0           0           0          21          26
           0           0           0          22          22
           0           0           0          23          18
           0           0           0          24          12
           0           0           0          25           7
           0           0           0          26           6
           0           0           0          27           5
           0           0           0          28           3
           0           0           0          29           1
           0           0           0          30           2
           0           0           0          31           2
           0           0           0          32           2
           0           0           0          33           2
           0           0           0          38           1
           0           0           2           0           6
           0           0           3           0           2
           0           0           4           0           4
           0           1           0           0        2214
           0           2           0           0         230
           0           5           0           0        3810
           0           6           0           0        3750
           0           7           0           0        3744
           0           8           0           0        3728
           0           9           0           0        3621
           0          10           0           0        3466
           0          11           0           0        3153
           0          12           0           0        3016
           0          13           0           0        2747
           0          14           0           0        2616
           0          15           0           0        2358
           0          16           0           0        2299
           0          17           0           0        2140
           0          18           0           0        1995
           0          19           0           0        1899
           0          20           0           0        1749
           0          21           0           0        1610
           0          22           0           0        1443
           0          23           0           0        1414
           0          24           0           0        1345
           0          25           0           0        1211
           0          26           0           0        1188
           0          27           0           0        1041
           0          28           0           0        1057
           0          29           0           0         892
           0          30           0           0         894
           0          31           0           0         796
           0          32           0           0         774
           0          33           0           0         679
           0          34           0           0         662
           0          35           0           0         600
           0          36           0           0         547
           0          37           0           0         496
           0          38           0           0         436
           0          39           0           0         410
           0          40           0           0         404
           0          41           0           0         343
           0          42           0           0         334
           0          43           0           0         310
           0          44           0           0         281
           0          45           0           0         253
           0          46           0           0         241
           0          47           0           0         207
           0          48           0           0         171
           0          49           0           0         168
           0          50           0           0         182
           0          51           0           0         170
           0          52           0           0         136
           0          53           0           0         123
           0          54           0           0          88
           0          55           0           0          90
           0          56           0           0          95
           0          57           0           0          84
           0          58           0           0          94
           0          59           0           0          70
           0          60           0           0          49
           0          61           0           0          69
           0          62           0           0          50
           0          63           0           0          40
           0          64           0           0          36
           0          65           0           0          34
           0          66           0           0          42
           0          67           0           0          29
           0          68           0           0          27
           0          69           0           0          25
           0          70           0           0          21
           0          71           0           0          17
           0          72           0           0          17
           0          73           0           0           9
           0          74           0           0          12
           0          75           0           0          22
           0          76           0           0          12
           0          77           0           0           7
           0          78           0           0          15
           0          79           0           0           6
           0          80           0           0           9
           0          81           0           0           3
           0          82           0           0           4
           0          83           0           0           6
           0          84           0           0           6
           0          85           0           0           3
           0          86           0           0           5
           0          87           0           0           3
           0          88           0           0           2
           0          89           0           0           1
           0          90           0           0           3
           0          91           0           0           1
           0          93           0           0           2
           0          94           0           0           1
           0          96           0           0           3
           0         102           0           0           1
           0         107           0           0           1
           0         109           0           0           1
           0         112           0           0           1
           0         120           0           0           1
           0         121           0           0           1
           0         126           0           0           1
 numCluster (S/Void/Loop/SV):           0       68258        1456           0
 NumberDensity (m-3) (S/Void/Loop/SV):  0.000000000000000E+000
  2.844083333333334E+024  6.066666666666667E+022  0.000000000000000E+000
 Concentration (S/Void/Loop/SV):  0.000000000000000E+000  3.361706500000000E-005
  7.170800000000001E-007  0.000000000000000E+000
 AverageRadius (nm) (S/Void/Loop/SV):                     NaN
  0.354404148150023       0.430621446616809                          NaN
 AverageSize (S/Void/Loop/SV):                     NaN   18.0520525066659     
   14.3489010989011                          NaN
 ConcenPointDefects (V/SIA):  1.090395000000000E-006  0.000000000000000E+000
 PercentVRetained  0.231745312472353      PercentVAnnihilated
  0.721387967634474     
 
 
 *******************************************************************************
 **************
 time   52.4288142372056      DPA  5.235023371407500E-003 steps    53183013 
 AverageTimeStep  9.858188034063743E-007
 Cascades      172370 computationTime   23862.52    
 Fraction null steps  0.942817737686280     
 defects (Cu, V, SIA_m, SIA_im, num)
           0           0           0           5        1794
           0           0           0           6        1634
           0           0           0           7        1401
           0           0           0           8        1015
           0           0           0           9         833
           0           0           0          10         647
           0           0           0          11         553
           0           0           0          12         426
           0           0           0          13         324
           0           0           0          14         276
           0           0           0          15         229
           0           0           0          16         162
           0           0           0          17         147
           0           0           0          18         116
           0           0           0          19         100
           0           0           0          20          63
           0           0           0          21          62
           0           0           0          22          51
           0           0           0          23          42
           0           0           0          24          27
           0           0           0          25          31
           0           0           0          26          15
           0           0           0          27          14
           0           0           0          28          12
           0           0           0          29           8
           0           0           0          30           8
           0           0           0          31           7
           0           0           0          32           3
           0           0           0          33           7
           0           0           0          34           4
           0           0           0          35           2
           0           0           0          36           4
           0           0           0          39           1
           0           0           0          40           1
           0           0           0          45           2
           0           0           1           0          24
           0           0           2           0           7
           0           0           3           0           3
           0           1           0           0        1560
           0           2           0           0         133
           0           3           0           0           3
           0           5           0           0        5232
           0           6           0           0        5141
           0           7           0           0        5104
           0           8           0           0        4802
           0           9           0           0        4833
           0          10           0           0        4335
           0          11           0           0        4276
           0          12           0           0        3926
           0          13           0           0        3781
           0          14           0           0        3547
           0          15           0           0        3517
           0          16           0           0        3137
           0          17           0           0        3017
           0          18           0           0        2846
           0          19           0           0        2775
           0          20           0           0        2599
           0          21           0           0        2396
           0          22           0           0        2284
           0          23           0           0        2177
           0          24           0           0        2111
           0          25           0           0        1965
           0          26           0           0        1964
           0          27           0           0        1753
           0          28           0           0        1738
           0          29           0           0        1558
           0          30           0           0        1535
           0          31           0           0        1443
           0          32           0           0        1314
           0          33           0           0        1310
           0          34           0           0        1218
           0          35           0           0        1173
           0          36           0           0        1091
           0          37           0           0        1078
           0          38           0           0         934
           0          39           0           0         912
           0          40           0           0         882
           0          41           0           0         826
           0          42           0           0         833
           0          43           0           0         740
           0          44           0           0         700
           0          45           0           0         641
           0          46           0           0         608
           0          47           0           0         576
           0          48           0           0         590
           0          49           0           0         492
           0          50           0           0         492
           0          51           0           0         456
           0          52           0           0         421
           0          53           0           0         404
           0          54           0           0         364
           0          55           0           0         359
           0          56           0           0         305
           0          57           0           0         304
           0          58           0           0         282
           0          59           0           0         265
           0          60           0           0         258
           0          61           0           0         226
           0          62           0           0         263
           0          63           0           0         190
           0          64           0           0         190
           0          65           0           0         153
           0          66           0           0         154
           0          67           0           0         142
           0          68           0           0         140
           0          69           0           0         125
           0          70           0           0         122
           0          71           0           0         109
           0          72           0           0         104
           0          73           0           0         104
           0          74           0           0         107
           0          75           0           0          85
           0          76           0           0          73
           0          77           0           0          58
           0          78           0           0          61
           0          79           0           0          72
           0          80           0           0          69
           0          81           0           0          53
           0          82           0           0          42
           0          83           0           0          49
           0          84           0           0          44
           0          85           0           0          45
           0          86           0           0          34
           0          87           0           0          31
           0          88           0           0          30
           0          89           0           0          32
           0          90           0           0          25
           0          91           0           0          23
           0          92           0           0          36
           0          93           0           0          23
           0          94           0           0          16
           0          95           0           0          15
           0          96           0           0          21
           0          97           0           0          10
           0          98           0           0          13
           0          99           0           0          12
           0         100           0           0          12
           0         101           0           0          12
           0         102           0           0          16
           0         103           0           0           6
           0         104           0           0           9
           0         105           0           0           8
           0         106           0           0           7
           0         107           0           0           5
           0         108           0           0           9
           0         109           0           0           9
           0         110           0           0           4
           0         111           0           0           2
           0         112           0           0           1
           0         113           0           0           2
           0         114           0           0           1
           0         115           0           0           6
           0         116           0           0           3
           0         117           0           0           6
           0         118           0           0           3
           0         119           0           0           2
           0         120           0           0           1
           0         122           0           0           2
           0         123           0           0           3
           0         124           0           0           1
           0         125           0           0           1
           0         127           0           0           2
           0         128           0           0           1
           0         129           0           0           1
           0         130           0           0           2
           0         132           0           0           1
           0         134           0           0           1
           0         135           0           0           2
           0         138           0           0           1
           0         144           0           0           1
           0         145           0           0           1
           0         146           0           0           1
           0         151           0           0           1
           0         161           0           0           1
           0         163           0           0           1
 numCluster (S/Void/Loop/SV):           0      107005        2697           0
 NumberDensity (m-3) (S/Void/Loop/SV):  0.000000000000000E+000
  4.458541666666667E+024  1.123750000000000E+023  0.000000000000000E+000
 Concentration (S/Void/Loop/SV):  0.000000000000000E+000  5.269996250000001E-005
  1.328272500000000E-006  0.000000000000000E+000
 AverageRadius (nm) (S/Void/Loop/SV):                     NaN
  0.373933780979693       0.439580731666115                          NaN
 AverageSize (S/Void/Loop/SV):                     NaN   21.7466286622120     
   15.0155728587319                          NaN
 ConcenPointDefects (V/SIA):  7.683000000000000E-007  1.182000000000000E-008
 PercentVRetained  0.219065844340570      PercentVAnnihilated
  0.731600356536760     
 
 
 *******************************************************************************
 **************
 elapsedTime   100.000015543709      DPA  9.998022996000501E-003 steps
    92167188 AverageTimeStep  1.084984989926234E-006
 Cascades      329198 computationTime   28350.73    
 Final  step
 defects (Cu, V, SIA_m, SIA_im, num)
           0           0           0           5        2096
           0           0           0           6        1941
           0           0           0           7        1727
           0           0           0           8        1277
           0           0           0           9        1117
           0           0           0          10         850
           0           0           0          11         726
           0           0           0          12         570
           0           0           0          13         498
           0           0           0          14         379
           0           0           0          15         331
           0           0           0          16         295
           0           0           0          17         217
           0           0           0          18         178
           0           0           0          19         141
           0           0           0          20         124
           0           0           0          21         109
           0           0           0          22          96
           0           0           0          23          69
           0           0           0          24          57
           0           0           0          25          50
           0           0           0          26          53
           0           0           0          27          38
           0           0           0          28          21
           0           0           0          29          32
           0           0           0          30          18
           0           0           0          31          20
           0           0           0          32          13
           0           0           0          33          10
           0           0           0          34          14
           0           0           0          35          13
           0           0           0          36           2
           0           0           0          37           5
           0           0           0          38           5
           0           0           0          39           5
           0           0           0          40           2
           0           0           0          42           2
           0           0           0          43           2
           0           0           0          44           1
           0           0           0          45           1
           0           0           0          48           2
           0           0           0          49           3
           0           0           0          51           1
           0           0           0          52           1
           0           0           0          54           2
           0           0           0          55           1
           0           0           1           0          31
           0           0           2           0           3
           0           0           3           0           5
           0           0           7           0           1
           0           1           0           0        1073
           0           2           0           0          73
           0           3           0           0           1
           0           5           0           0        6513
           0           6           0           0        6020
           0           7           0           0        5776
           0           8           0           0        5630
           0           9           0           0        5469
           0          10           0           0        5124
           0          11           0           0        4774
           0          12           0           0        4459
           0          13           0           0        4424
           0          14           0           0        4033
           0          15           0           0        3942
           0          16           0           0        3631
           0          17           0           0        3511
           0          18           0           0        3359
           0          19           0           0        3316
           0          20           0           0        3108
           0          21           0           0        2985
           0          22           0           0        2932
           0          23           0           0        2748
           0          24           0           0        2650
           0          25           0           0        2561
           0          26           0           0        2398
           0          27           0           0        2439
           0          28           0           0        2205
           0          29           0           0        2214
           0          30           0           0        2093
           0          31           0           0        2017
           0          32           0           0        2038
           0          33           0           0        1889
           0          34           0           0        1731
           0          35           0           0        1762
           0          36           0           0        1629
           0          37           0           0        1566
           0          38           0           0        1512
           0          39           0           0        1482
           0          40           0           0        1368
           0          41           0           0        1397
           0          42           0           0        1329
           0          43           0           0        1313
           0          44           0           0        1210
           0          45           0           0        1146
           0          46           0           0        1208
           0          47           0           0        1183
           0          48           0           0        1024
           0          49           0           0         989
           0          50           0           0         968
           0          51           0           0         985
           0          52           0           0         908
           0          53           0           0         877
           0          54           0           0         790
           0          55           0           0         812
           0          56           0           0         764
           0          57           0           0         716
           0          58           0           0         735
           0          59           0           0         669
           0          60           0           0         650
           0          61           0           0         586
           0          62           0           0         603
           0          63           0           0         568
           0          64           0           0         515
           0          65           0           0         507
           0          66           0           0         522
           0          67           0           0         462
           0          68           0           0         477
           0          69           0           0         450
           0          70           0           0         432
           0          71           0           0         403
           0          72           0           0         353
           0          73           0           0         348
           0          74           0           0         333
           0          75           0           0         319
           0          76           0           0         330
           0          77           0           0         297
           0          78           0           0         311
           0          79           0           0         260
           0          80           0           0         218
           0          81           0           0         233
           0          82           0           0         215
           0          83           0           0         237
           0          84           0           0         196
           0          85           0           0         185
           0          86           0           0         213
           0          87           0           0         193
           0          88           0           0         191
           0          89           0           0         192
           0          90           0           0         168
           0          91           0           0         151
           0          92           0           0         133
           0          93           0           0         140
           0          94           0           0         148
           0          95           0           0         121
           0          96           0           0         118
           0          97           0           0         122
           0          98           0           0         105
           0          99           0           0          97
           0         100           0           0          88
           0         101           0           0          87
           0         102           0           0          76
           0         103           0           0          88
           0         104           0           0          85
           0         105           0           0          74
           0         106           0           0          83
           0         107           0           0          71
           0         108           0           0          62
           0         109           0           0          53
           0         110           0           0          59
           0         111           0           0          47
           0         112           0           0          49
           0         113           0           0          67
           0         114           0           0          39
           0         115           0           0          50
           0         116           0           0          44
           0         117           0           0          45
           0         118           0           0          39
           0         119           0           0          50
           0         120           0           0          46
           0         121           0           0          29
           0         122           0           0          37
           0         123           0           0          26
           0         124           0           0          19
           0         125           0           0          18
           0         126           0           0          23
           0         127           0           0          26
           0         128           0           0          19
           0         129           0           0          23
           0         130           0           0          20
           0         131           0           0          16
           0         132           0           0          16
           0         133           0           0          18
           0         134           0           0          20
           0         135           0           0          12
           0         136           0           0          16
           0         137           0           0          13
           0         138           0           0          11
           0         139           0           0          12
           0         140           0           0          16
           0         141           0           0          14
           0         142           0           0           9
           0         143           0           0           7
           0         144           0           0          12
           0         145           0           0           8
           0         146           0           0           9
           0         147           0           0          10
           0         148           0           0          10
           0         149           0           0           9
           0         150           0           0           4
           0         151           0           0           9
           0         152           0           0           3
           0         153           0           0           6
           0         154           0           0           6
           0         155           0           0           5
           0         156           0           0           7
           0         157           0           0           5
           0         159           0           0           5
           0         160           0           0           4
           0         161           0           0           5
           0         162           0           0           4
           0         163           0           0           1
           0         164           0           0           3
           0         165           0           0           3
           0         166           0           0           4
           0         167           0           0           4
           0         168           0           0           2
           0         169           0           0           3
           0         171           0           0           2
           0         172           0           0           6
           0         173           0           0           2
           0         174           0           0           2
           0         176           0           0           2
           0         177           0           0           1
           0         178           0           0           4
           0         179           0           0           3
           0         181           0           0           2
           0         183           0           0           1
           0         184           0           0           1
           0         185           0           0           4
           0         186           0           0           2
           0         187           0           0           2
           0         189           0           0           1
           0         190           0           0           1
           0         191           0           0           3
           0         192           0           0           1
           0         194           0           0           2
           0         195           0           0           1
           0         197           0           0           2
           0         198           0           0           1
           0         200           0           0           3
           0         201           0           0           1
           0         204           0           0           1
           0         206           0           0           1
           0         214           0           0           2
           0         217           0           0           1
           0         222           0           0           1
           0         228           0           0           1
           0         229           0           0           1
           0         233           0           0           1
           0         235           0           0           1
           0         251           0           0           1
           0         260           0           0           1
 numCluster (S/Void/Loop/SV):           0      148432        4107           0
 NumberDensity (m-3) (S/Void/Loop/SV):  0.000000000000000E+000
  6.184666666666666E+024  1.711250000000000E+023  0.000000000000000E+000
 Concentration (S/Void/Loop/SV):  0.000000000000000E+000  7.310276000000000E-005
  2.022697500000000E-006  0.000000000000000E+000
 AverageRadius (nm) (S/Void/Loop/SV):                     NaN
  0.400570533774261       0.450667953962473                          NaN
 AverageSize (S/Void/Loop/SV):                     NaN   27.7458364773095     
   15.8743608473338                          NaN
 ConcenPointDefects (V/SIA):  5.284525000000001E-007  1.526750000000000E-008
 PercentVRetained  0.202922685646111      PercentVAnnihilated
  0.739181737275095     
 
 
 computation time   28350.75    
 total steps    92167188
 Released all fine mesh defects
